mode: set
github.com/livefir/fir/channel.go:11.85,12.18 1 1
github.com/livefir/fir/channel.go:12.18,14.24 2 0
github.com/livefir/fir/channel.go:14.24,16.4 1 0
github.com/livefir/fir/channel.go:19.2,20.18 2 1
github.com/livefir/fir/channel.go:20.18,22.17 2 1
github.com/livefir/fir/channel.go:22.17,25.4 2 0
github.com/livefir/fir/channel.go:26.3,27.17 2 1
github.com/livefir/fir/channel.go:27.17,30.4 2 0
github.com/livefir/fir/channel.go:31.3,31.21 1 1
github.com/livefir/fir/channel.go:33.2,34.17 2 1
github.com/livefir/fir/connection.go:43.137,46.16 2 1
github.com/livefir/fir/connection.go:46.16,50.3 3 1
github.com/livefir/fir/connection.go:51.2,51.24 1 1
github.com/livefir/fir/connection.go:51.24,55.3 3 0
github.com/livefir/fir/connection.go:57.2,58.16 2 1
github.com/livefir/fir/connection.go:58.16,62.3 3 0
github.com/livefir/fir/connection.go:64.2,64.21 1 1
github.com/livefir/fir/connection.go:64.21,68.3 3 0
github.com/livefir/fir/connection.go:70.2,70.19 1 1
github.com/livefir/fir/connection.go:70.19,74.3 3 0
github.com/livefir/fir/connection.go:76.2,90.8 2 1
github.com/livefir/fir/connection.go:94.38,95.25 1 1
github.com/livefir/fir/connection.go:95.25,97.3 1 0
github.com/livefir/fir/connection.go:99.2,100.21 2 1
github.com/livefir/fir/connection.go:100.21,102.3 1 0
github.com/livefir/fir/connection.go:104.2,105.16 2 1
github.com/livefir/fir/connection.go:105.16,108.3 2 0
github.com/livefir/fir/connection.go:110.2,112.12 3 1
github.com/livefir/fir/connection.go:116.44,119.43 3 1
github.com/livefir/fir/connection.go:119.43,122.3 2 0
github.com/livefir/fir/connection.go:125.2,125.59 1 1
github.com/livefir/fir/connection.go:125.59,129.3 3 1
github.com/livefir/fir/connection.go:133.51,134.25 1 1
github.com/livefir/fir/connection.go:134.25,136.3 1 0
github.com/livefir/fir/connection.go:137.2,137.45 1 1
github.com/livefir/fir/connection.go:141.63,144.28 2 1
github.com/livefir/fir/connection.go:144.28,146.26 2 1
github.com/livefir/fir/connection.go:146.26,150.4 3 0
github.com/livefir/fir/connection.go:153.3,154.17 2 1
github.com/livefir/fir/connection.go:154.17,157.4 2 0
github.com/livefir/fir/connection.go:159.3,159.63 1 1
github.com/livefir/fir/connection.go:159.63,161.37 2 1
github.com/livefir/fir/connection.go:161.37,164.65 1 1
github.com/livefir/fir/connection.go:164.65,166.125 1 1
github.com/livefir/fir/connection.go:166.125,167.15 1 1
github.com/livefir/fir/connection.go:172.5,178.67 2 0
github.com/livefir/fir/connection.go:183.3,183.38 1 1
github.com/livefir/fir/connection.go:183.38,184.77 1 1
github.com/livefir/fir/connection.go:184.77,185.65 1 1
github.com/livefir/fir/connection.go:185.65,186.41 1 1
github.com/livefir/fir/connection.go:186.41,188.7 1 0
github.com/livefir/fir/connection.go:194.3,194.27 1 1
github.com/livefir/fir/connection.go:194.27,196.18 2 0
github.com/livefir/fir/connection.go:196.18,199.5 2 0
github.com/livefir/fir/connection.go:201.4,201.37 1 0
github.com/livefir/fir/connection.go:201.37,203.38 2 0
github.com/livefir/fir/connection.go:203.38,205.6 1 0
github.com/livefir/fir/connection.go:210.2,210.12 1 1
github.com/livefir/fir/connection.go:214.96,239.47 7 0
github.com/livefir/fir/connection.go:239.47,244.3 1 0
github.com/livefir/fir/connection.go:246.2,247.9 2 0
github.com/livefir/fir/connection.go:247.9,250.3 2 0
github.com/livefir/fir/connection.go:252.2,253.9 2 0
github.com/livefir/fir/connection.go:253.9,256.3 2 0
github.com/livefir/fir/connection.go:259.2,267.47 6 0
github.com/livefir/fir/connection.go:267.47,271.3 1 0
github.com/livefir/fir/connection.go:273.2,278.47 5 0
github.com/livefir/fir/connection.go:278.47,284.3 1 0
github.com/livefir/fir/connection.go:286.2,286.23 1 0
github.com/livefir/fir/connection.go:286.23,288.3 1 0
github.com/livefir/fir/connection.go:288.8,288.26 1 0
github.com/livefir/fir/connection.go:288.26,291.35 2 0
github.com/livefir/fir/connection.go:291.35,293.4 1 0
github.com/livefir/fir/connection.go:296.3,298.32 3 0
github.com/livefir/fir/connection.go:298.32,299.45 1 0
github.com/livefir/fir/connection.go:300.20,301.38 1 0
github.com/livefir/fir/connection.go:302.29,303.48 1 0
github.com/livefir/fir/connection.go:304.20,305.49 1 0
github.com/livefir/fir/connection.go:306.12,307.49 1 0
github.com/livefir/fir/connection.go:309.9,311.4 1 0
github.com/livefir/fir/connection.go:313.3,322.57 2 0
github.com/livefir/fir/connection.go:327.39,329.2 1 1
github.com/livefir/fir/connection.go:332.33,333.15 1 1
github.com/livefir/fir/connection.go:333.15,335.3 1 1
github.com/livefir/fir/connection.go:337.2,337.6 1 1
github.com/livefir/fir/connection.go:337.6,339.17 2 1
github.com/livefir/fir/connection.go:339.17,340.133 1 1
github.com/livefir/fir/connection.go:340.133,342.5 1 0
github.com/livefir/fir/connection.go:343.4,343.9 1 1
github.com/livefir/fir/connection.go:346.3,346.50 1 1
github.com/livefir/fir/connection.go:346.50,348.9 2 0
github.com/livefir/fir/connection.go:354.58,357.16 3 1
github.com/livefir/fir/connection.go:357.16,360.3 2 0
github.com/livefir/fir/connection.go:362.2,362.20 1 1
github.com/livefir/fir/connection.go:362.20,365.3 2 0
github.com/livefir/fir/connection.go:368.2,368.29 1 1
github.com/livefir/fir/connection.go:368.29,369.13 1 0
github.com/livefir/fir/connection.go:369.13,371.4 1 0
github.com/livefir/fir/connection.go:372.3,372.13 1 0
github.com/livefir/fir/connection.go:376.2,376.28 1 1
github.com/livefir/fir/connection.go:376.28,379.3 2 0
github.com/livefir/fir/connection.go:382.2,382.31 1 1
github.com/livefir/fir/connection.go:382.31,385.3 2 0
github.com/livefir/fir/connection.go:387.2,390.25 2 1
github.com/livefir/fir/connection.go:390.25,392.3 1 0
github.com/livefir/fir/connection.go:394.2,395.16 2 1
github.com/livefir/fir/connection.go:395.16,398.3 2 0
github.com/livefir/fir/connection.go:400.2,400.64 1 1
github.com/livefir/fir/connection.go:400.64,403.3 2 0
github.com/livefir/fir/connection.go:406.2,407.12 2 1
github.com/livefir/fir/connection.go:411.57,414.46 1 1
github.com/livefir/fir/connection.go:414.46,422.26 5 1
github.com/livefir/fir/connection.go:422.26,424.4 1 1
github.com/livefir/fir/connection.go:426.3,426.55 1 1
github.com/livefir/fir/connection.go:426.55,428.4 1 1
github.com/livefir/fir/connection.go:430.2,430.14 1 1
github.com/livefir/fir/connection.go:434.69,435.25 1 1
github.com/livefir/fir/connection.go:435.25,438.3 2 0
github.com/livefir/fir/connection.go:439.2,439.49 1 1
github.com/livefir/fir/connection.go:443.81,446.13 3 1
github.com/livefir/fir/connection.go:446.13,449.3 2 0
github.com/livefir/fir/connection.go:452.2,479.47 8 1
github.com/livefir/fir/connection.go:479.47,484.3 1 0
github.com/livefir/fir/connection.go:486.2,487.9 2 1
github.com/livefir/fir/connection.go:487.9,490.3 2 0
github.com/livefir/fir/connection.go:492.2,493.9 2 1
github.com/livefir/fir/connection.go:493.9,496.3 2 0
github.com/livefir/fir/connection.go:499.2,507.47 6 1
github.com/livefir/fir/connection.go:507.47,511.3 1 0
github.com/livefir/fir/connection.go:513.2,518.47 5 1
github.com/livefir/fir/connection.go:518.47,524.3 1 0
github.com/livefir/fir/connection.go:526.2,526.23 1 1
github.com/livefir/fir/connection.go:526.23,528.3 1 0
github.com/livefir/fir/connection.go:528.8,528.26 1 1
github.com/livefir/fir/connection.go:528.26,531.35 2 1
github.com/livefir/fir/connection.go:531.35,533.4 1 0
github.com/livefir/fir/connection.go:536.3,538.32 3 1
github.com/livefir/fir/connection.go:538.32,539.45 1 1
github.com/livefir/fir/connection.go:540.20,541.38 1 1
github.com/livefir/fir/connection.go:542.29,543.48 1 0
github.com/livefir/fir/connection.go:544.20,545.49 1 0
github.com/livefir/fir/connection.go:546.12,547.49 1 0
github.com/livefir/fir/connection.go:549.9,551.4 1 0
github.com/livefir/fir/connection.go:553.3,561.57 2 1
github.com/livefir/fir/connection.go:566.108,567.25 1 1
github.com/livefir/fir/connection.go:567.25,569.3 1 0
github.com/livefir/fir/connection.go:572.2,574.13 3 1
github.com/livefir/fir/connection.go:574.13,576.3 1 0
github.com/livefir/fir/connection.go:577.2,578.26 2 1
github.com/livefir/fir/connection.go:578.26,580.3 1 0
github.com/livefir/fir/connection.go:582.2,585.9 3 1
github.com/livefir/fir/connection.go:585.9,587.3 1 0
github.com/livefir/fir/connection.go:589.2,589.48 1 1
github.com/livefir/fir/connection.go:589.48,591.3 1 1
github.com/livefir/fir/connection.go:591.8,594.3 1 0
github.com/livefir/fir/connection.go:596.2,597.16 2 1
github.com/livefir/fir/connection.go:597.16,600.3 2 0
github.com/livefir/fir/connection.go:601.2,601.26 1 1
github.com/livefir/fir/connection.go:601.26,605.3 3 0
github.com/livefir/fir/connection.go:606.2,607.12 2 1
github.com/livefir/fir/connection.go:611.65,616.16 3 1
github.com/livefir/fir/connection.go:616.16,619.3 2 0
github.com/livefir/fir/connection.go:620.2,621.12 2 1
github.com/livefir/fir/connection.go:625.34,627.15 2 1
github.com/livefir/fir/connection.go:627.15,630.3 2 1
github.com/livefir/fir/connection.go:632.2,632.6 1 1
github.com/livefir/fir/connection.go:632.6,633.10 1 1
github.com/livefir/fir/connection.go:634.32,636.11 2 1
github.com/livefir/fir/connection.go:636.11,638.19 2 0
github.com/livefir/fir/connection.go:638.19,640.6 1 0
github.com/livefir/fir/connection.go:641.5,641.11 1 0
github.com/livefir/fir/connection.go:644.4,645.18 2 1
github.com/livefir/fir/connection.go:645.18,648.5 2 0
github.com/livefir/fir/connection.go:650.4,651.18 2 1
github.com/livefir/fir/connection.go:651.18,654.5 2 0
github.com/livefir/fir/connection.go:656.4,656.36 1 1
github.com/livefir/fir/connection.go:656.36,659.5 2 0
github.com/livefir/fir/connection.go:661.26,662.10 1 1
github.com/livefir/fir/connection.go:663.19,665.79 2 0
github.com/livefir/fir/connection.go:665.79,668.5 2 0
github.com/livefir/fir/connection.go:674.30,679.14 3 1
github.com/livefir/fir/connection.go:679.14,681.3 1 1
github.com/livefir/fir/connection.go:684.2,690.9 3 1
github.com/livefir/fir/connection.go:691.25,691.25 0 0
github.com/livefir/fir/connection.go:693.10,694.25 1 1
github.com/livefir/fir/connection.go:698.2,698.19 1 1
github.com/livefir/fir/connection.go:698.19,700.3 1 1
github.com/livefir/fir/connection.go:703.2,703.25 1 1
github.com/livefir/fir/connection.go:703.25,705.19 2 1
github.com/livefir/fir/connection.go:705.19,707.4 1 0
github.com/livefir/fir/connection.go:708.3,708.49 1 1
github.com/livefir/fir/controller.go:67.61,68.24 1 0
github.com/livefir/fir/controller.go:68.24,70.33 2 0
github.com/livefir/fir/controller.go:70.33,72.4 1 0
github.com/livefir/fir/controller.go:73.3,73.29 1 0
github.com/livefir/fir/controller.go:73.29,75.4 1 0
github.com/livefir/fir/controller.go:76.3,76.30 1 0
github.com/livefir/fir/controller.go:82.75,83.22 1 0
github.com/livefir/fir/controller.go:83.22,85.3 1 0
github.com/livefir/fir/controller.go:89.52,90.22 1 0
github.com/livefir/fir/controller.go:90.22,92.3 1 0
github.com/livefir/fir/controller.go:96.87,97.22 1 0
github.com/livefir/fir/controller.go:97.22,99.3 1 0
github.com/livefir/fir/controller.go:103.78,104.22 1 0
github.com/livefir/fir/controller.go:104.22,106.3 1 0
github.com/livefir/fir/controller.go:110.64,111.22 1 1
github.com/livefir/fir/controller.go:111.22,113.3 1 1
github.com/livefir/fir/controller.go:117.74,118.22 1 0
github.com/livefir/fir/controller.go:118.22,120.3 1 0
github.com/livefir/fir/controller.go:124.48,125.22 1 0
github.com/livefir/fir/controller.go:125.22,127.3 1 0
github.com/livefir/fir/controller.go:131.50,132.22 1 0
github.com/livefir/fir/controller.go:132.22,134.3 1 0
github.com/livefir/fir/controller.go:138.64,139.22 1 0
github.com/livefir/fir/controller.go:139.22,141.3 1 0
github.com/livefir/fir/controller.go:145.46,146.22 1 1
github.com/livefir/fir/controller.go:146.22,148.3 1 1
github.com/livefir/fir/controller.go:152.73,153.22 1 0
github.com/livefir/fir/controller.go:153.22,155.3 1 0
github.com/livefir/fir/controller.go:165.81,166.22 1 0
github.com/livefir/fir/controller.go:166.22,168.3 1 0
github.com/livefir/fir/controller.go:172.78,173.22 1 0
github.com/livefir/fir/controller.go:173.22,175.3 1 0
github.com/livefir/fir/controller.go:180.46,181.22 1 0
github.com/livefir/fir/controller.go:181.22,183.3 1 0
github.com/livefir/fir/controller.go:187.40,188.22 1 0
github.com/livefir/fir/controller.go:188.22,190.3 1 0
github.com/livefir/fir/controller.go:194.73,195.22 1 0
github.com/livefir/fir/controller.go:195.22,197.26 2 0
github.com/livefir/fir/controller.go:197.26,200.4 2 0
github.com/livefir/fir/controller.go:205.52,206.22 1 1
github.com/livefir/fir/controller.go:206.22,208.3 1 1
github.com/livefir/fir/controller.go:212.55,213.22 1 1
github.com/livefir/fir/controller.go:213.22,215.3 1 1
github.com/livefir/fir/controller.go:221.46,222.22 1 0
github.com/livefir/fir/controller.go:222.22,224.13 2 0
github.com/livefir/fir/controller.go:224.13,234.4 3 0
github.com/livefir/fir/controller.go:239.73,240.16 1 1
github.com/livefir/fir/controller.go:240.16,241.39 1 0
github.com/livefir/fir/controller.go:244.2,250.68 5 1
github.com/livefir/fir/controller.go:250.68,252.18 2 0
github.com/livefir/fir/controller.go:252.18,254.4 1 0
github.com/livefir/fir/controller.go:255.3,255.14 1 0
github.com/livefir/fir/controller.go:258.2,281.33 2 1
github.com/livefir/fir/controller.go:281.33,283.3 1 1
github.com/livefir/fir/controller.go:285.2,292.22 2 1
github.com/livefir/fir/controller.go:292.22,295.3 2 0
github.com/livefir/fir/controller.go:295.8,298.3 2 1
github.com/livefir/fir/controller.go:300.2,308.23 6 1
github.com/livefir/fir/controller.go:308.23,313.3 4 1
github.com/livefir/fir/controller.go:315.2,315.19 1 1
github.com/livefir/fir/controller.go:315.19,317.3 1 1
github.com/livefir/fir/controller.go:319.2,319.10 1 1
github.com/livefir/fir/controller.go:330.43,339.40 1 1
github.com/livefir/fir/controller.go:339.40,341.4 1 1
github.com/livefir/fir/controller.go:345.2,345.24 1 1
github.com/livefir/fir/controller.go:349.58,351.2 1 0
github.com/livefir/fir/controller.go:354.65,356.2 1 1
github.com/livefir/fir/controller.go:360.61,362.2 1 1
github.com/livefir/fir/controller.go:365.73,390.21 3 1
github.com/livefir/fir/controller.go:390.21,392.3 1 1
github.com/livefir/fir/controller.go:396.2,405.33 5 1
github.com/livefir/fir/controller.go:405.33,406.70 1 0
github.com/livefir/fir/controller.go:406.70,409.33 3 0
github.com/livefir/fir/controller.go:409.33,411.5 1 0
github.com/livefir/fir/controller.go:412.4,412.17 1 0
github.com/livefir/fir/controller.go:416.2,416.17 1 1
github.com/livefir/fir/controller.go:421.70,423.2 1 0
github.com/livefir/fir/controller.go:427.44,429.2 1 0
github.com/livefir/fir/controller.go:437.54,439.2 1 0
github.com/livefir/fir/controller.go:443.80,445.16 2 1
github.com/livefir/fir/controller.go:445.16,447.3 1 0
github.com/livefir/fir/controller.go:449.2,450.16 2 1
github.com/livefir/fir/controller.go:450.16,452.3 1 1
github.com/livefir/fir/controller.go:454.2,455.34 2 1
github.com/livefir/fir/controller.go:459.81,463.33 2 1
github.com/livefir/fir/controller.go:463.33,465.3 1 1
github.com/livefir/fir/controller.go:468.2,468.64 1 1
github.com/livefir/fir/controller.go:468.64,470.3 1 0
github.com/livefir/fir/controller.go:472.2,472.29 1 1
github.com/livefir/fir/controller.go:476.81,478.16 2 1
github.com/livefir/fir/controller.go:478.16,480.3 1 1
github.com/livefir/fir/controller.go:483.2,483.54 1 1
github.com/livefir/fir/controller.go:483.54,485.3 1 0
github.com/livefir/fir/controller.go:487.2,487.19 1 1
github.com/livefir/fir/controller.go:491.69,492.23 1 1
github.com/livefir/fir/controller.go:492.23,494.3 1 0
github.com/livefir/fir/controller.go:497.2,497.48 1 1
github.com/livefir/fir/controller.go:497.48,499.3 1 0
github.com/livefir/fir/controller.go:502.2,502.53 1 1
github.com/livefir/fir/controller.go:502.53,504.3 1 0
github.com/livefir/fir/controller.go:507.2,507.35 1 1
github.com/livefir/fir/controller.go:507.35,509.3 1 0
github.com/livefir/fir/controller.go:511.2,511.12 1 1
github.com/livefir/fir/controller.go:515.63,516.18 1 1
github.com/livefir/fir/controller.go:516.18,518.3 1 0
github.com/livefir/fir/controller.go:520.2,520.27 1 1
github.com/livefir/fir/controller.go:520.27,522.3 1 0
github.com/livefir/fir/controller.go:524.2,524.27 1 1
github.com/livefir/fir/controller.go:524.27,526.3 1 0
github.com/livefir/fir/controller.go:528.2,528.12 1 1
github.com/livefir/fir/controller.go:532.50,535.2 2 1
github.com/livefir/fir/controller.go:538.70,540.2 1 1
github.com/livefir/fir/controller.go:543.85,544.56 1 1
github.com/livefir/fir/controller.go:544.56,548.3 3 1
github.com/livefir/fir/controller.go:559.128,560.37 1 0
github.com/livefir/fir/controller.go:560.37,562.3 1 0
github.com/livefir/fir/controller.go:564.2,565.16 2 0
github.com/livefir/fir/controller.go:565.16,567.3 1 0
github.com/livefir/fir/controller.go:570.2,570.37 1 0
github.com/livefir/fir/controller.go:570.37,571.49 1 0
github.com/livefir/fir/controller.go:571.49,573.4 1 0
github.com/livefir/fir/controller.go:576.2,577.16 2 0
github.com/livefir/fir/controller.go:577.16,579.3 1 0
github.com/livefir/fir/controller.go:581.2,582.39 2 0
github.com/livefir/fir/controller.go:589.65,591.2 1 1
github.com/livefir/fir/controller.go:594.74,596.34 2 1
github.com/livefir/fir/controller.go:596.34,598.3 1 1
github.com/livefir/fir/controller.go:599.2,599.15 1 1
github.com/livefir/fir/controller.go:603.99,605.2 1 1
github.com/livefir/fir/controller.go:608.45,610.2 1 1
github.com/livefir/fir/controller.go:613.63,615.2 1 1
github.com/livefir/fir/controller.go:618.49,620.2 1 0
github.com/livefir/fir/controller.go:623.68,624.34 1 1
github.com/livefir/fir/controller.go:624.34,626.3 1 0
github.com/livefir/fir/controller.go:627.2,627.12 1 1
github.com/livefir/fir/controller.go:631.65,632.37 1 1
github.com/livefir/fir/controller.go:632.37,634.3 1 0
github.com/livefir/fir/controller.go:638.64,647.2 1 1
github.com/livefir/fir/event.go:12.44,14.16 2 0
github.com/livefir/fir/event.go:14.16,19.3 2 0
github.com/livefir/fir/event.go:20.2,23.3 1 0
github.com/livefir/fir/event.go:26.37,28.2 1 1
github.com/livefir/fir/event.go:47.32,50.2 2 0
github.com/livefir/fir/event.go:52.35,53.21 1 1
github.com/livefir/fir/event.go:53.21,54.47 1 0
github.com/livefir/fir/event.go:56.2,56.21 1 1
github.com/livefir/fir/event.go:56.21,59.3 2 0
github.com/livefir/fir/event.go:60.2,60.21 1 1
github.com/livefir/fir/event.go:60.21,63.3 2 1
github.com/livefir/fir/event.go:65.2,65.20 1 0
github.com/livefir/fir/event.go:65.20,66.56 1 0
github.com/livefir/fir/event.go:69.2,69.12 1 0
github.com/livefir/fir/file.go:19.73,22.2 2 1
github.com/livefir/fir/file.go:25.91,30.20 4 1
github.com/livefir/fir/file.go:30.20,32.17 2 1
github.com/livefir/fir/file.go:32.17,34.4 1 1
github.com/livefir/fir/file.go:35.8,37.17 2 1
github.com/livefir/fir/file.go:37.17,39.4 1 1
github.com/livefir/fir/file.go:42.2,42.17 1 1
github.com/livefir/fir/file.go:42.17,43.55 1 1
github.com/livefir/fir/file.go:43.55,45.4 1 0
github.com/livefir/fir/file.go:46.3,47.20 2 1
github.com/livefir/fir/file.go:50.2,50.20 1 1
github.com/livefir/fir/file.go:50.20,51.86 1 1
github.com/livefir/fir/file.go:51.86,52.18 1 1
github.com/livefir/fir/file.go:52.18,54.5 1 0
github.com/livefir/fir/file.go:56.4,56.59 1 1
github.com/livefir/fir/file.go:56.59,58.5 1 1
github.com/livefir/fir/file.go:59.4,59.14 1 1
github.com/livefir/fir/file.go:62.3,62.17 1 1
github.com/livefir/fir/file.go:62.17,64.4 1 0
github.com/livefir/fir/file.go:66.8,67.83 1 1
github.com/livefir/fir/file.go:67.83,68.18 1 1
github.com/livefir/fir/file.go:68.18,70.5 1 0
github.com/livefir/fir/file.go:72.4,72.59 1 1
github.com/livefir/fir/file.go:72.59,74.5 1 1
github.com/livefir/fir/file.go:75.4,75.14 1 1
github.com/livefir/fir/file.go:78.3,78.17 1 1
github.com/livefir/fir/file.go:78.17,80.4 1 0
github.com/livefir/fir/file.go:83.2,83.19 1 1
github.com/livefir/fir/file.go:88.79,90.16 2 1
github.com/livefir/fir/file.go:90.16,93.3 2 1
github.com/livefir/fir/file.go:94.2,94.14 1 1
github.com/livefir/fir/file.go:100.87,102.22 1 1
github.com/livefir/fir/file.go:102.22,104.3 1 1
github.com/livefir/fir/file.go:107.2,107.20 1 1
github.com/livefir/fir/file.go:107.20,109.17 2 1
github.com/livefir/fir/file.go:109.17,111.4 1 0
github.com/livefir/fir/file.go:112.3,112.26 1 1
github.com/livefir/fir/file.go:114.2,115.16 2 1
github.com/livefir/fir/file.go:115.16,117.3 1 0
github.com/livefir/fir/file.go:119.2,119.25 1 1
github.com/livefir/fir/file.go:122.65,126.2 3 1
github.com/livefir/fir/file.go:128.66,129.62 1 1
github.com/livefir/fir/file.go:129.62,133.3 3 1
github.com/livefir/fir/file.go:136.36,137.41 1 1
github.com/livefir/fir/file.go:137.41,139.3 1 1
github.com/livefir/fir/file.go:140.2,140.13 1 1
github.com/livefir/fir/file.go:143.48,144.32 1 1
github.com/livefir/fir/file.go:144.32,145.48 1 1
github.com/livefir/fir/file.go:145.48,147.4 1 1
github.com/livefir/fir/file.go:148.3,148.14 1 1
github.com/livefir/fir/funcs.go:24.40,26.36 2 1
github.com/livefir/fir/funcs.go:26.36,28.3 1 1
github.com/livefir/fir/funcs.go:29.2,34.17 6 1
github.com/livefir/fir/funcs.go:37.33,39.11 2 0
github.com/livefir/fir/funcs.go:39.11,41.3 1 0
github.com/livefir/fir/funcs.go:42.2,42.12 1 0
github.com/livefir/fir/funcs.go:42.12,44.3 1 0
github.com/livefir/fir/funcs.go:45.2,45.10 1 0
github.com/livefir/fir/funcs.go:48.50,50.16 2 0
github.com/livefir/fir/funcs.go:50.16,52.3 1 0
github.com/livefir/fir/funcs.go:54.2,54.57 1 0
github.com/livefir/fir/funcs.go:57.45,60.16 3 0
github.com/livefir/fir/funcs.go:60.16,61.13 1 0
github.com/livefir/fir/funcs.go:63.2,63.10 1 0
github.com/livefir/fir/funcs.go:66.40,68.2 1 0
github.com/livefir/fir/funcs.go:70.43,74.16 4 0
github.com/livefir/fir/funcs.go:74.16,76.3 1 0
github.com/livefir/fir/funcs.go:77.2,77.73 1 0
github.com/livefir/fir/funcs.go:80.57,90.14 5 0
github.com/livefir/fir/funcs.go:90.14,92.3 1 0
github.com/livefir/fir/funcs.go:94.2,95.16 2 0
github.com/livefir/fir/funcs.go:95.16,97.3 1 0
github.com/livefir/fir/funcs.go:98.2,98.27 1 0
github.com/livefir/fir/markdown.go:33.50,38.2 4 1
github.com/livefir/fir/markdown.go:40.49,44.2 3 1
github.com/livefir/fir/markdown.go:53.56,58.2 4 0
github.com/livefir/fir/markdown.go:60.55,64.2 3 0
github.com/livefir/fir/markdown.go:66.48,70.8 4 0
github.com/livefir/fir/markdown.go:70.8,72.3 1 0
github.com/livefir/fir/markdown.go:73.2,73.11 1 0
github.com/livefir/fir/markdown.go:76.53,80.2 3 0
github.com/livefir/fir/markdown.go:82.58,86.8 4 0
github.com/livefir/fir/markdown.go:86.8,88.3 1 0
github.com/livefir/fir/markdown.go:89.2,89.20 1 0
github.com/livefir/fir/markdown.go:92.65,96.2 3 0
github.com/livefir/fir/markdown.go:98.49,101.23 3 1
github.com/livefir/fir/markdown.go:101.23,103.3 1 1
github.com/livefir/fir/markdown.go:104.2,104.52 1 1
github.com/livefir/fir/markdown.go:107.39,114.16 2 0
github.com/livefir/fir/markdown.go:114.16,117.3 2 0
github.com/livefir/fir/markdown.go:120.2,122.16 3 0
github.com/livefir/fir/markdown.go:122.16,125.3 2 0
github.com/livefir/fir/markdown.go:126.2,129.38 2 0
github.com/livefir/fir/markdown.go:129.38,132.3 2 0
github.com/livefir/fir/markdown.go:134.2,134.32 1 0
github.com/livefir/fir/markdown.go:138.44,140.16 2 0
github.com/livefir/fir/markdown.go:140.16,143.3 2 0
github.com/livefir/fir/markdown.go:144.2,148.16 3 0
github.com/livefir/fir/markdown.go:148.16,151.3 2 0
github.com/livefir/fir/markdown.go:153.2,153.18 1 0
github.com/livefir/fir/markdown.go:156.36,158.16 2 1
github.com/livefir/fir/markdown.go:158.16,160.3 1 1
github.com/livefir/fir/markdown.go:162.2,163.50 2 0
github.com/livefir/fir/markdown.go:163.50,165.3 1 0
github.com/livefir/fir/markdown.go:167.2,167.50 1 0
github.com/livefir/fir/markdown.go:170.105,183.51 4 1
github.com/livefir/fir/markdown.go:183.51,187.21 3 1
github.com/livefir/fir/markdown.go:187.21,192.73 4 0
github.com/livefir/fir/markdown.go:192.73,195.89 3 0
github.com/livefir/fir/markdown.go:195.89,197.20 2 0
github.com/livefir/fir/markdown.go:197.20,200.7 2 0
github.com/livefir/fir/markdown.go:201.6,202.32 2 0
github.com/livefir/fir/markdown.go:206.4,208.17 3 0
github.com/livefir/fir/markdown.go:210.9,211.21 1 1
github.com/livefir/fir/markdown.go:211.21,213.19 2 1
github.com/livefir/fir/markdown.go:213.19,216.6 2 0
github.com/livefir/fir/markdown.go:217.5,218.18 2 1
github.com/livefir/fir/markdown.go:219.10,221.5 1 1
github.com/livefir/fir/markdown.go:224.3,225.40 2 1
github.com/livefir/fir/markdown.go:225.40,227.4 1 0
github.com/livefir/fir/markdown.go:229.3,233.55 4 1
github.com/livefir/fir/markdown.go:233.55,236.4 2 0
github.com/livefir/fir/markdown.go:237.3,238.13 2 1
github.com/livefir/fir/markdown.go:238.13,240.4 1 1
github.com/livefir/fir/markdown.go:242.3,242.24 1 1
github.com/livefir/fir/markdown.go:246.51,247.23 1 1
github.com/livefir/fir/markdown.go:247.23,249.3 1 1
github.com/livefir/fir/markdown.go:250.2,252.33 3 1
github.com/livefir/fir/markdown.go:252.33,254.34 2 1
github.com/livefir/fir/markdown.go:254.34,255.12 1 1
github.com/livefir/fir/markdown.go:257.3,257.12 1 1
github.com/livefir/fir/markdown.go:257.12,259.4 1 1
github.com/livefir/fir/markdown.go:261.3,261.19 1 1
github.com/livefir/fir/markdown.go:261.19,263.4 1 1
github.com/livefir/fir/markdown.go:264.3,264.32 1 1
github.com/livefir/fir/markdown.go:267.2,267.40 1 1
github.com/livefir/fir/markdown.go:267.40,269.3 1 1
github.com/livefir/fir/markdown.go:271.2,271.12 1 1
github.com/livefir/fir/markdown.go:274.55,281.29 6 1
github.com/livefir/fir/markdown.go:281.29,282.62 1 1
github.com/livefir/fir/markdown.go:282.62,284.4 1 1
github.com/livefir/fir/markdown.go:285.3,285.60 1 1
github.com/livefir/fir/markdown.go:285.60,287.4 1 1
github.com/livefir/fir/markdown.go:290.2,290.30 1 1
github.com/livefir/fir/markdown.go:290.30,292.3 1 1
github.com/livefir/fir/markdown.go:294.2,294.29 1 1
github.com/livefir/fir/markdown.go:294.29,296.3 1 1
github.com/livefir/fir/markdown.go:298.2,298.29 1 1
github.com/livefir/fir/markdown.go:298.29,300.3 1 1
github.com/livefir/fir/markdown.go:302.2,302.17 1 1
github.com/livefir/fir/markdown.go:302.17,304.3 1 1
github.com/livefir/fir/markdown.go:306.2,306.18 1 1
github.com/livefir/fir/markdown.go:306.18,308.3 1 0
github.com/livefir/fir/markdown.go:310.2,310.57 1 1
github.com/livefir/fir/markdown.go:313.41,359.2 20 1
github.com/livefir/fir/parse.go:38.39,39.11 1 0
github.com/livefir/fir/parse.go:40.52,41.14 1 0
github.com/livefir/fir/parse.go:42.10,43.15 1 0
github.com/livefir/fir/parse.go:50.121,53.37 2 1
github.com/livefir/fir/parse.go:53.37,57.71 1 1
github.com/livefir/fir/parse.go:57.71,64.4 1 1
github.com/livefir/fir/parse.go:68.3,69.72 1 1
github.com/livefir/fir/parse.go:69.72,71.4 1 0
github.com/livefir/fir/parse.go:74.3,79.12 1 1
github.com/livefir/fir/parse.go:82.2,85.82 3 0
github.com/livefir/fir/parse.go:88.101,92.36 3 1
github.com/livefir/fir/parse.go:92.36,94.3 1 1
github.com/livefir/fir/parse.go:97.2,97.68 1 1
github.com/livefir/fir/parse.go:97.68,99.3 1 1
github.com/livefir/fir/parse.go:102.2,105.106 3 1
github.com/livefir/fir/parse.go:108.127,110.16 2 0
github.com/livefir/fir/parse.go:110.16,112.3 1 0
github.com/livefir/fir/parse.go:122.2,124.37 2 0
github.com/livefir/fir/parse.go:124.37,126.17 2 0
github.com/livefir/fir/parse.go:126.17,127.14 1 0
github.com/livefir/fir/parse.go:129.3,130.75 2 0
github.com/livefir/fir/parse.go:130.75,132.4 1 0
github.com/livefir/fir/parse.go:133.3,133.32 1 0
github.com/livefir/fir/parse.go:134.8,137.17 3 0
github.com/livefir/fir/parse.go:137.17,138.14 1 0
github.com/livefir/fir/parse.go:140.3,141.75 2 0
github.com/livefir/fir/parse.go:141.75,143.4 1 0
github.com/livefir/fir/parse.go:144.3,144.32 1 0
github.com/livefir/fir/parse.go:149.57,150.39 1 1
github.com/livefir/fir/parse.go:150.39,152.3 1 0
github.com/livefir/fir/parse.go:153.2,153.14 1 1
github.com/livefir/fir/parse.go:156.80,157.53 1 0
github.com/livefir/fir/parse.go:157.53,160.3 1 0
github.com/livefir/fir/parse.go:161.2,161.12 1 0
github.com/livefir/fir/parse.go:165.78,169.43 2 1
github.com/livefir/fir/parse.go:169.43,172.3 1 0
github.com/livefir/fir/parse.go:175.2,175.43 1 1
github.com/livefir/fir/parse.go:175.43,177.3 1 0
github.com/livefir/fir/parse.go:180.2,180.43 1 1
github.com/livefir/fir/parse.go:180.43,182.3 1 1
github.com/livefir/fir/parse.go:185.2,185.81 1 0
github.com/livefir/fir/parse.go:189.83,191.27 2 1
github.com/livefir/fir/parse.go:191.27,194.3 2 1
github.com/livefir/fir/parse.go:196.2,196.53 1 1
github.com/livefir/fir/parse.go:196.53,199.3 1 1
github.com/livefir/fir/parse.go:202.2,202.53 1 0
github.com/livefir/fir/parse.go:202.53,204.3 1 0
github.com/livefir/fir/parse.go:207.2,207.53 1 0
github.com/livefir/fir/parse.go:207.53,209.3 1 0
github.com/livefir/fir/parse.go:212.2,212.96 1 0
github.com/livefir/fir/parse.go:225.124,227.16 2 1
github.com/livefir/fir/parse.go:227.16,229.3 1 1
github.com/livefir/fir/parse.go:231.2,233.16 3 1
github.com/livefir/fir/parse.go:233.16,235.3 1 0
github.com/livefir/fir/parse.go:236.2,236.37 1 1
github.com/livefir/fir/parse.go:236.37,238.17 2 1
github.com/livefir/fir/parse.go:238.17,241.4 2 0
github.com/livefir/fir/parse.go:242.3,243.17 2 1
github.com/livefir/fir/parse.go:243.17,245.4 1 0
github.com/livefir/fir/parse.go:247.2,247.34 1 1
github.com/livefir/fir/parse.go:250.175,252.25 1 1
github.com/livefir/fir/parse.go:252.25,255.3 1 0
github.com/livefir/fir/parse.go:256.2,257.37 2 1
github.com/livefir/fir/parse.go:257.37,259.33 2 1
github.com/livefir/fir/parse.go:259.33,261.19 2 1
github.com/livefir/fir/parse.go:261.19,263.5 1 0
github.com/livefir/fir/parse.go:265.4,266.19 2 1
github.com/livefir/fir/parse.go:266.19,268.5 1 0
github.com/livefir/fir/parse.go:272.4,281.88 4 1
github.com/livefir/fir/parse.go:285.2,288.31 3 1
github.com/livefir/fir/parse.go:288.31,290.20 2 1
github.com/livefir/fir/parse.go:290.20,292.4 1 0
github.com/livefir/fir/parse.go:294.3,301.15 2 1
github.com/livefir/fir/parse.go:301.15,303.4 1 0
github.com/livefir/fir/parse.go:305.3,306.26 2 1
github.com/livefir/fir/parse.go:306.26,308.4 1 0
github.com/livefir/fir/parse.go:311.3,311.42 1 1
github.com/livefir/fir/parse.go:311.42,314.4 2 0
github.com/livefir/fir/parse.go:315.3,315.38 1 1
github.com/livefir/fir/parse.go:315.38,317.18 2 0
github.com/livefir/fir/parse.go:317.18,322.107 1 0
github.com/livefir/fir/parse.go:322.107,325.6 1 0
github.com/livefir/fir/parse.go:325.11,329.6 2 0
github.com/livefir/fir/parse.go:331.4,332.18 2 0
github.com/livefir/fir/parse.go:332.18,334.5 1 0
github.com/livefir/fir/parse.go:338.2,338.20 1 1
github.com/livefir/fir/parse.go:341.72,343.42 2 1
github.com/livefir/fir/parse.go:343.42,345.3 1 1
github.com/livefir/fir/parse.go:346.2,346.42 1 1
github.com/livefir/fir/parse.go:346.42,348.10 2 1
github.com/livefir/fir/parse.go:348.10,350.12 2 1
github.com/livefir/fir/parse.go:352.3,352.42 1 1
github.com/livefir/fir/parse.go:352.42,354.4 1 1
github.com/livefir/fir/parse.go:356.2,356.15 1 1
github.com/livefir/fir/parse.go:362.62,363.23 1 1
github.com/livefir/fir/parse.go:363.23,365.3 1 1
github.com/livefir/fir/parse.go:367.2,367.48 1 1
github.com/livefir/fir/parse.go:367.48,369.3 1 1
github.com/livefir/fir/parse.go:375.2,376.16 2 1
github.com/livefir/fir/parse.go:376.16,379.3 1 0
github.com/livefir/fir/parse.go:381.2,385.32 4 1
github.com/livefir/fir/parse.go:385.32,386.25 1 1
github.com/livefir/fir/parse.go:386.25,388.4 1 0
github.com/livefir/fir/parse.go:390.3,390.33 1 1
github.com/livefir/fir/parse.go:390.33,397.32 5 1
github.com/livefir/fir/parse.go:397.32,398.47 1 1
github.com/livefir/fir/parse.go:398.47,399.14 1 1
github.com/livefir/fir/parse.go:404.5,405.46 2 1
github.com/livefir/fir/parse.go:405.46,408.78 2 1
github.com/livefir/fir/parse.go:408.78,410.7 1 1
github.com/livefir/fir/parse.go:414.5,414.49 1 1
github.com/livefir/fir/parse.go:414.49,415.14 1 1
github.com/livefir/fir/parse.go:418.5,422.19 3 1
github.com/livefir/fir/parse.go:422.19,426.6 2 1
github.com/livefir/fir/parse.go:428.5,433.15 4 1
github.com/livefir/fir/parse.go:433.15,435.54 1 1
github.com/livefir/fir/parse.go:435.54,436.49 1 1
github.com/livefir/fir/parse.go:436.49,439.13 3 1
github.com/livefir/fir/parse.go:444.5,444.14 1 1
github.com/livefir/fir/parse.go:444.14,446.47 1 1
github.com/livefir/fir/parse.go:446.47,448.26 2 0
github.com/livefir/fir/parse.go:448.26,450.8 1 0
github.com/livefir/fir/parse.go:454.5,454.15 1 1
github.com/livefir/fir/parse.go:454.15,457.6 2 0
github.com/livefir/fir/parse.go:460.5,466.103 2 1
github.com/livefir/fir/parse.go:470.4,470.32 1 1
github.com/livefir/fir/parse.go:470.32,471.45 1 1
github.com/livefir/fir/parse.go:471.45,473.6 1 1
github.com/livefir/fir/parse.go:477.4,477.33 1 1
github.com/livefir/fir/parse.go:477.33,486.45 4 1
github.com/livefir/fir/parse.go:486.45,488.68 1 1
github.com/livefir/fir/parse.go:488.68,489.15 1 0
github.com/livefir/fir/parse.go:492.6,493.20 2 1
github.com/livefir/fir/parse.go:493.20,498.7 2 1
github.com/livefir/fir/parse.go:501.6,501.26 1 1
github.com/livefir/fir/parse.go:501.26,502.15 1 0
github.com/livefir/fir/parse.go:506.6,507.54 2 1
github.com/livefir/fir/parse.go:507.54,508.34 1 1
github.com/livefir/fir/parse.go:508.34,510.13 2 1
github.com/livefir/fir/parse.go:515.6,515.22 1 1
github.com/livefir/fir/parse.go:515.22,519.7 3 1
github.com/livefir/fir/parse.go:525.5,525.24 1 1
github.com/livefir/fir/parse.go:530.3,530.54 1 1
github.com/livefir/fir/parse.go:530.54,532.26 2 1
github.com/livefir/fir/parse.go:532.26,534.5 1 1
github.com/livefir/fir/parse.go:538.2,539.24 2 1
github.com/livefir/fir/parse.go:539.24,541.3 1 1
github.com/livefir/fir/parse.go:543.2,543.15 1 1
github.com/livefir/fir/parse.go:543.15,545.3 1 1
github.com/livefir/fir/parse.go:548.2,552.97 3 1
github.com/livefir/fir/parse.go:552.97,553.83 1 1
github.com/livefir/fir/parse.go:553.83,554.62 1 1
github.com/livefir/fir/parse.go:554.62,556.10 2 1
github.com/livefir/fir/parse.go:561.3,561.24 1 1
github.com/livefir/fir/parse.go:561.24,564.4 1 0
github.com/livefir/fir/parse.go:565.8,568.3 1 1
github.com/livefir/fir/parse.go:571.2,572.23 2 1
github.com/livefir/fir/parse.go:572.23,574.3 1 1
github.com/livefir/fir/parse.go:574.8,574.59 1 1
github.com/livefir/fir/parse.go:574.59,576.3 1 1
github.com/livefir/fir/parse.go:576.8,578.3 1 0
github.com/livefir/fir/parse.go:580.2,580.62 1 1
github.com/livefir/fir/parse.go:580.62,581.49 1 1
github.com/livefir/fir/parse.go:581.49,584.34 2 0
github.com/livefir/fir/parse.go:584.34,586.5 1 0
github.com/livefir/fir/parse.go:586.10,586.44 1 0
github.com/livefir/fir/parse.go:586.44,588.5 1 0
github.com/livefir/fir/parse.go:589.4,589.88 1 0
github.com/livefir/fir/parse.go:593.2,593.25 1 1
github.com/livefir/fir/parse.go:599.74,602.23 3 1
github.com/livefir/fir/parse.go:602.23,604.3 1 1
github.com/livefir/fir/parse.go:607.2,608.16 2 1
github.com/livefir/fir/parse.go:608.16,610.3 1 1
github.com/livefir/fir/parse.go:613.2,614.16 2 1
github.com/livefir/fir/parse.go:614.16,616.3 1 0
github.com/livefir/fir/parse.go:619.2,620.16 2 1
github.com/livefir/fir/parse.go:620.16,622.3 1 0
github.com/livefir/fir/parse.go:625.2,626.16 2 1
github.com/livefir/fir/parse.go:626.16,628.3 1 0
github.com/livefir/fir/parse.go:631.2,632.16 2 1
github.com/livefir/fir/parse.go:632.16,634.3 1 0
github.com/livefir/fir/parse.go:637.2,639.36 2 1
github.com/livefir/fir/parse.go:660.67,661.23 1 1
github.com/livefir/fir/parse.go:661.23,663.3 1 0
github.com/livefir/fir/parse.go:665.2,674.16 4 1
github.com/livefir/fir/parse.go:674.16,676.3 1 0
github.com/livefir/fir/parse.go:678.2,678.25 1 1
github.com/livefir/fir/parse.go:691.62,692.35 1 1
github.com/livefir/fir/parse.go:692.35,694.3 1 1
github.com/livefir/fir/parse.go:699.85,701.35 2 1
github.com/livefir/fir/parse.go:701.35,702.36 1 1
github.com/livefir/fir/parse.go:702.36,703.35 1 1
github.com/livefir/fir/parse.go:703.35,704.89 1 1
github.com/livefir/fir/parse.go:704.89,709.39 3 1
github.com/livefir/fir/parse.go:709.39,711.7 1 1
github.com/livefir/fir/parse.go:711.12,713.7 1 1
github.com/livefir/fir/parse.go:717.3,717.73 1 1
github.com/livefir/fir/parse.go:717.73,719.4 1 1
github.com/livefir/fir/parse.go:722.2,723.21 2 1
github.com/livefir/fir/parse.go:727.70,730.36 2 1
github.com/livefir/fir/parse.go:730.36,731.36 1 1
github.com/livefir/fir/parse.go:731.36,732.35 1 1
github.com/livefir/fir/parse.go:732.35,733.98 1 1
github.com/livefir/fir/parse.go:733.98,734.70 1 1
github.com/livefir/fir/parse.go:734.70,736.7 1 1
github.com/livefir/fir/parse.go:740.3,740.73 1 1
github.com/livefir/fir/parse.go:740.73,742.4 1 1
github.com/livefir/fir/parse.go:745.2,745.16 1 1
github.com/livefir/fir/parse.go:749.45,751.56 2 1
github.com/livefir/fir/parse.go:751.56,752.30 1 1
github.com/livefir/fir/parse.go:752.30,754.4 1 1
github.com/livefir/fir/parse.go:754.9,756.4 1 1
github.com/livefir/fir/parse.go:758.2,758.23 1 1
github.com/livefir/fir/parse.go:762.95,763.61 1 1
github.com/livefir/fir/parse.go:763.61,765.3 1 0
github.com/livefir/fir/parse.go:767.2,769.88 2 1
github.com/livefir/fir/parse.go:772.83,774.2 1 1
github.com/livefir/fir/parse.go:776.78,778.33 2 1
github.com/livefir/fir/parse.go:778.33,780.3 1 1
github.com/livefir/fir/parse.go:781.2,781.95 1 1
github.com/livefir/fir/parse.go:784.35,786.22 2 1
github.com/livefir/fir/parse.go:786.22,787.26 1 1
github.com/livefir/fir/parse.go:787.26,789.4 1 1
github.com/livefir/fir/parse.go:791.2,791.19 1 1
github.com/livefir/fir/parse.go:794.36,798.16 4 1
github.com/livefir/fir/parse.go:798.16,799.13 1 0
github.com/livefir/fir/parse.go:801.2,801.43 1 1
github.com/livefir/fir/parse.go:806.58,812.91 2 1
github.com/livefir/fir/parse.go:812.91,818.30 4 0
github.com/livefir/fir/parse.go:818.30,820.18 2 0
github.com/livefir/fir/parse.go:820.18,822.5 1 0
github.com/livefir/fir/parse.go:824.3,824.55 1 0
github.com/livefir/fir/parse.go:827.2,827.16 1 1
github.com/livefir/fir/readattr.go:11.43,13.16 2 1
github.com/livefir/fir/readattr.go:13.16,14.13 1 0
github.com/livefir/fir/readattr.go:17.2,19.34 3 1
github.com/livefir/fir/readattr.go:19.34,21.39 2 1
github.com/livefir/fir/readattr.go:21.39,23.4 1 1
github.com/livefir/fir/readattr.go:25.2,27.32 3 1
github.com/livefir/fir/readattr.go:27.32,29.3 1 1
github.com/livefir/fir/readattr.go:31.2,37.3 1 1
github.com/livefir/fir/readattr.go:40.65,45.45 3 1
github.com/livefir/fir/readattr.go:45.45,47.39 2 1
github.com/livefir/fir/readattr.go:47.39,49.4 1 1
github.com/livefir/fir/readattr.go:50.3,50.31 1 1
github.com/livefir/fir/readattr.go:53.2,53.12 1 1
github.com/livefir/fir/render.go:18.75,19.36 1 1
github.com/livefir/fir/render.go:19.36,25.25 5 1
github.com/livefir/fir/render.go:25.25,27.4 1 0
github.com/livefir/fir/render.go:28.3,30.9 3 1
github.com/livefir/fir/render.go:30.9,32.4 1 1
github.com/livefir/fir/render.go:34.3,36.17 3 1
github.com/livefir/fir/render.go:36.17,39.4 2 0
github.com/livefir/fir/render.go:41.3,42.17 2 1
github.com/livefir/fir/render.go:42.17,45.4 2 0
github.com/livefir/fir/render.go:47.3,48.17 2 1
github.com/livefir/fir/render.go:48.17,51.4 2 0
github.com/livefir/fir/render.go:52.3,52.13 1 1
github.com/livefir/fir/render.go:58.78,61.65 3 1
github.com/livefir/fir/render.go:61.65,63.3 1 1
github.com/livefir/fir/render.go:65.2,66.45 2 1
github.com/livefir/fir/render.go:66.45,68.34 2 1
github.com/livefir/fir/render.go:68.34,70.17 2 1
github.com/livefir/fir/render.go:70.17,72.5 1 0
github.com/livefir/fir/render.go:73.4,73.14 1 1
github.com/livefir/fir/render.go:76.2,79.31 3 1
github.com/livefir/fir/render.go:79.31,80.27 1 1
github.com/livefir/fir/render.go:80.27,82.4 1 1
github.com/livefir/fir/render.go:84.2,84.15 1 1
github.com/livefir/fir/render.go:88.114,93.32 3 1
github.com/livefir/fir/render.go:93.32,95.3 1 0
github.com/livefir/fir/render.go:98.2,99.9 2 1
github.com/livefir/fir/render.go:99.9,102.3 2 0
github.com/livefir/fir/render.go:104.2,105.50 2 1
github.com/livefir/fir/render.go:105.50,107.3 1 1
github.com/livefir/fir/render.go:109.2,110.45 2 1
github.com/livefir/fir/render.go:110.45,112.34 2 1
github.com/livefir/fir/render.go:112.34,114.17 2 1
github.com/livefir/fir/render.go:114.17,116.5 1 0
github.com/livefir/fir/render.go:117.4,117.14 1 1
github.com/livefir/fir/render.go:120.2,123.31 3 1
github.com/livefir/fir/render.go:123.31,124.27 1 1
github.com/livefir/fir/render.go:124.27,126.4 1 1
github.com/livefir/fir/render.go:128.2,128.15 1 1
github.com/livefir/fir/render.go:131.66,133.2 1 1
github.com/livefir/fir/render.go:135.126,136.25 1 1
github.com/livefir/fir/render.go:136.25,139.32 3 0
github.com/livefir/fir/render.go:139.32,141.4 1 0
github.com/livefir/fir/render.go:142.3,149.4 1 0
github.com/livefir/fir/render.go:151.2,153.31 3 1
github.com/livefir/fir/render.go:153.31,155.3 1 1
github.com/livefir/fir/render.go:157.2,158.72 2 1
github.com/livefir/fir/render.go:158.72,160.10 2 0
github.com/livefir/fir/render.go:160.10,163.4 2 0
github.com/livefir/fir/render.go:164.3,165.64 2 0
github.com/livefir/fir/render.go:167.2,168.16 2 1
github.com/livefir/fir/render.go:168.16,171.3 2 0
github.com/livefir/fir/render.go:172.2,172.58 1 1
github.com/livefir/fir/render.go:172.58,174.3 1 0
github.com/livefir/fir/render.go:176.2,176.63 1 1
github.com/livefir/fir/render.go:176.63,178.3 1 0
github.com/livefir/fir/render.go:180.2,181.31 2 1
github.com/livefir/fir/render.go:181.31,184.3 2 1
github.com/livefir/fir/render.go:185.2,193.3 2 1
github.com/livefir/fir/render.go:197.162,198.25 1 1
github.com/livefir/fir/render.go:198.25,201.32 3 0
github.com/livefir/fir/render.go:201.32,203.4 1 0
github.com/livefir/fir/render.go:204.3,211.4 1 0
github.com/livefir/fir/render.go:214.2,216.31 3 1
github.com/livefir/fir/render.go:216.31,218.3 1 1
github.com/livefir/fir/render.go:221.2,222.26 2 1
github.com/livefir/fir/render.go:222.26,225.3 2 0
github.com/livefir/fir/render.go:228.2,229.9 2 1
github.com/livefir/fir/render.go:229.9,232.3 2 0
github.com/livefir/fir/render.go:234.2,235.72 2 1
github.com/livefir/fir/render.go:235.72,237.10 2 0
github.com/livefir/fir/render.go:237.10,240.4 2 0
github.com/livefir/fir/render.go:241.3,242.64 2 0
github.com/livefir/fir/render.go:245.2,246.16 2 1
github.com/livefir/fir/render.go:246.16,249.3 2 0
github.com/livefir/fir/render.go:250.2,250.58 1 1
github.com/livefir/fir/render.go:250.58,252.3 1 0
github.com/livefir/fir/render.go:254.2,254.63 1 1
github.com/livefir/fir/render.go:254.63,256.3 1 0
github.com/livefir/fir/render.go:258.2,259.31 2 1
github.com/livefir/fir/render.go:259.31,262.3 2 1
github.com/livefir/fir/render.go:263.2,271.3 2 1
github.com/livefir/fir/render.go:274.95,275.36 1 1
github.com/livefir/fir/render.go:275.36,277.3 1 1
github.com/livefir/fir/render.go:280.2,283.8 3 1
github.com/livefir/fir/render.go:283.8,285.10 2 1
github.com/livefir/fir/render.go:285.10,286.56 1 0
github.com/livefir/fir/render.go:291.2,292.31 2 1
github.com/livefir/fir/render.go:292.31,293.24 1 1
github.com/livefir/fir/render.go:293.24,294.12 1 0
github.com/livefir/fir/render.go:296.3,296.38 1 1
github.com/livefir/fir/render.go:296.38,297.12 1 0
github.com/livefir/fir/render.go:299.3,299.42 1 1
github.com/livefir/fir/render.go:303.2,308.31 3 1
github.com/livefir/fir/render.go:308.31,314.42 5 1
github.com/livefir/fir/render.go:314.42,315.12 1 1
github.com/livefir/fir/render.go:317.3,320.5 1 1
github.com/livefir/fir/render.go:323.2,323.23 1 1
github.com/livefir/fir/render.go:326.94,328.2 1 1
github.com/livefir/fir/render.go:330.41,332.2 1 1
github.com/livefir/fir/renderer.go:22.46,24.2 1 1
github.com/livefir/fir/renderer.go:27.104,29.2 1 1
github.com/livefir/fir/renderer.go:32.101,34.2 1 1
github.com/livefir/fir/renderer.go:37.151,39.2 1 1
github.com/livefir/fir/route.go:49.32,50.29 1 1
github.com/livefir/fir/route.go:50.29,52.3 1 1
github.com/livefir/fir/route.go:58.40,60.29 2 0
github.com/livefir/fir/route.go:60.29,62.3 1 0
github.com/livefir/fir/route.go:69.42,80.23 3 1
github.com/livefir/fir/route.go:80.23,81.30 1 1
github.com/livefir/fir/route.go:81.30,83.4 1 1
github.com/livefir/fir/route.go:84.8,85.30 1 1
github.com/livefir/fir/route.go:85.30,87.4 1 1
github.com/livefir/fir/route.go:100.49,101.29 1 0
github.com/livefir/fir/route.go:101.29,103.3 1 0
github.com/livefir/fir/route.go:109.45,111.29 2 0
github.com/livefir/fir/route.go:111.29,113.3 1 0
github.com/livefir/fir/route.go:119.47,130.23 3 0
github.com/livefir/fir/route.go:130.23,131.30 1 0
github.com/livefir/fir/route.go:131.30,133.4 1 0
github.com/livefir/fir/route.go:134.8,135.30 1 0
github.com/livefir/fir/route.go:135.30,137.4 1 0
github.com/livefir/fir/route.go:150.54,151.29 1 0
github.com/livefir/fir/route.go:151.29,153.3 1 0
github.com/livefir/fir/route.go:159.47,161.35 2 0
github.com/livefir/fir/route.go:161.35,163.3 1 0
github.com/livefir/fir/route.go:164.2,164.29 1 0
github.com/livefir/fir/route.go:164.29,166.3 1 0
github.com/livefir/fir/route.go:170.51,171.29 1 0
github.com/livefir/fir/route.go:171.29,173.3 1 0
github.com/livefir/fir/route.go:177.52,178.29 1 0
github.com/livefir/fir/route.go:178.29,180.3 1 0
github.com/livefir/fir/route.go:186.54,187.29 1 0
github.com/livefir/fir/route.go:187.29,189.3 1 0
github.com/livefir/fir/route.go:193.40,194.29 1 1
github.com/livefir/fir/route.go:194.29,196.3 1 1
github.com/livefir/fir/route.go:201.64,202.29 1 1
github.com/livefir/fir/route.go:202.29,203.26 1 1
github.com/livefir/fir/route.go:203.26,205.4 1 1
github.com/livefir/fir/route.go:206.3,206.52 1 1
github.com/livefir/fir/route.go:212.53,213.29 1 0
github.com/livefir/fir/route.go:213.29,215.3 1 0
github.com/livefir/fir/route.go:220.58,221.29 1 0
github.com/livefir/fir/route.go:221.29,223.3 1 0
github.com/livefir/fir/route.go:252.49,257.2 3 1
github.com/livefir/fir/route.go:260.61,263.28 3 0
github.com/livefir/fir/route.go:263.28,265.3 1 0
github.com/livefir/fir/route.go:269.52,274.2 3 1
github.com/livefir/fir/route.go:301.95,302.36 1 1
github.com/livefir/fir/route.go:302.36,304.3 1 0
github.com/livefir/fir/route.go:305.2,305.32 1 1
github.com/livefir/fir/route.go:310.95,312.35 1 1
github.com/livefir/fir/route.go:312.35,314.3 1 0
github.com/livefir/fir/route.go:316.2,316.46 1 1
github.com/livefir/fir/route.go:319.90,328.30 4 1
github.com/livefir/fir/route.go:328.30,331.10 3 1
github.com/livefir/fir/route.go:331.10,333.4 1 0
github.com/livefir/fir/route.go:334.8,336.3 1 0
github.com/livefir/fir/route.go:338.2,351.30 2 1
github.com/livefir/fir/route.go:351.30,352.51 1 1
github.com/livefir/fir/route.go:352.51,354.18 2 1
github.com/livefir/fir/route.go:354.18,356.5 1 0
github.com/livefir/fir/route.go:361.2,361.28 1 1
github.com/livefir/fir/route.go:361.28,363.17 2 1
github.com/livefir/fir/route.go:363.17,365.4 1 0
github.com/livefir/fir/route.go:368.2,369.16 2 1
github.com/livefir/fir/route.go:369.16,371.3 1 1
github.com/livefir/fir/route.go:372.2,372.16 1 1
github.com/livefir/fir/route.go:375.114,376.46 1 1
github.com/livefir/fir/route.go:376.46,378.17 2 1
github.com/livefir/fir/route.go:378.17,381.4 2 0
github.com/livefir/fir/route.go:382.3,382.13 1 1
github.com/livefir/fir/route.go:386.61,387.46 1 1
github.com/livefir/fir/route.go:387.46,389.21 2 1
github.com/livefir/fir/route.go:389.21,393.4 3 0
github.com/livefir/fir/route.go:394.3,395.17 2 1
github.com/livefir/fir/route.go:395.17,397.4 1 1
github.com/livefir/fir/route.go:399.3,399.42 1 1
github.com/livefir/fir/route.go:403.65,406.16 3 1
github.com/livefir/fir/route.go:406.16,409.3 2 0
github.com/livefir/fir/route.go:410.2,411.12 2 1
github.com/livefir/fir/route.go:415.52,417.2 1 1
github.com/livefir/fir/route.go:421.51,423.2 1 1
github.com/livefir/fir/route.go:426.57,428.2 1 1
github.com/livefir/fir/route.go:431.56,433.2 1 0
github.com/livefir/fir/route.go:436.62,438.2 1 1
github.com/livefir/fir/route.go:441.53,443.2 1 1
github.com/livefir/fir/route.go:445.68,450.37 3 1
github.com/livefir/fir/route.go:450.37,452.3 1 0
github.com/livefir/fir/route.go:455.2,459.16 3 1
github.com/livefir/fir/route.go:459.16,462.3 1 1
github.com/livefir/fir/route.go:466.87,469.16 2 1
github.com/livefir/fir/route.go:469.16,471.3 1 0
github.com/livefir/fir/route.go:474.2,475.16 2 1
github.com/livefir/fir/route.go:475.16,477.3 1 1
github.com/livefir/fir/route.go:479.2,479.12 1 0
github.com/livefir/fir/route.go:483.78,485.37 1 1
github.com/livefir/fir/route.go:485.37,487.3 1 1
github.com/livefir/fir/route.go:487.8,487.37 1 1
github.com/livefir/fir/route.go:487.37,489.3 1 1
github.com/livefir/fir/route.go:489.8,489.40 1 1
github.com/livefir/fir/route.go:489.40,491.3 1 1
github.com/livefir/fir/route.go:491.8,491.39 1 1
github.com/livefir/fir/route.go:491.39,493.3 1 1
github.com/livefir/fir/route.go:493.8,495.3 1 0
github.com/livefir/fir/route.go:498.93,500.29 2 1
github.com/livefir/fir/route.go:500.29,502.3 1 0
github.com/livefir/fir/route.go:503.2,503.16 1 1
github.com/livefir/fir/route.go:503.16,512.3 2 1
github.com/livefir/fir/route.go:514.2,514.30 1 1
github.com/livefir/fir/route.go:515.25,527.4 2 0
github.com/livefir/fir/route.go:528.25,531.43 3 0
github.com/livefir/fir/route.go:531.43,533.4 1 0
github.com/livefir/fir/route.go:534.3,542.4 2 0
github.com/livefir/fir/route.go:543.18,552.13 2 1
github.com/livefir/fir/route.go:554.27,563.13 2 0
github.com/livefir/fir/route.go:564.18,573.13 2 0
github.com/livefir/fir/route.go:574.10,587.4 2 0
github.com/livefir/fir/route.go:591.56,592.16 1 1
github.com/livefir/fir/route.go:592.16,595.3 2 0
github.com/livefir/fir/route.go:597.2,597.30 1 1
github.com/livefir/fir/route.go:598.18,600.54 1 1
github.com/livefir/fir/route.go:601.18,603.65 1 0
github.com/livefir/fir/route.go:604.27,606.64 1 0
github.com/livefir/fir/route.go:607.10,610.9 2 1
github.com/livefir/fir/route.go:610.9,611.60 1 1
github.com/livefir/fir/route.go:611.60,628.34 5 1
github.com/livefir/fir/route.go:628.34,630.6 1 1
github.com/livefir/fir/route.go:630.11,632.6 1 0
github.com/livefir/fir/route.go:633.5,633.47 1 1
github.com/livefir/fir/route.go:635.9,638.4 1 0
github.com/livefir/fir/route.go:642.65,643.16 1 1
github.com/livefir/fir/route.go:643.16,645.23 2 1
github.com/livefir/fir/route.go:645.23,647.11 2 0
github.com/livefir/fir/route.go:647.11,651.5 1 0
github.com/livefir/fir/route.go:651.10,655.5 1 0
github.com/livefir/fir/route.go:658.3,659.9 2 1
github.com/livefir/fir/route.go:662.2,662.30 1 1
github.com/livefir/fir/route.go:663.18,666.23 3 1
github.com/livefir/fir/route.go:666.23,668.11 2 1
github.com/livefir/fir/route.go:668.11,672.5 1 0
github.com/livefir/fir/route.go:672.10,676.5 1 1
github.com/livefir/fir/route.go:678.3,679.57 2 1
github.com/livefir/fir/route.go:681.27,684.23 3 0
github.com/livefir/fir/route.go:684.23,686.11 2 0
github.com/livefir/fir/route.go:686.11,690.5 1 0
github.com/livefir/fir/route.go:690.10,694.5 1 0
github.com/livefir/fir/route.go:696.3,697.57 2 0
github.com/livefir/fir/route.go:699.24,701.23 2 0
github.com/livefir/fir/route.go:701.23,703.11 2 0
github.com/livefir/fir/route.go:703.11,707.5 1 0
github.com/livefir/fir/route.go:707.10,712.5 1 0
github.com/livefir/fir/route.go:715.3,715.71 1 0
github.com/livefir/fir/route.go:716.24,718.23 2 0
github.com/livefir/fir/route.go:718.23,720.11 2 0
github.com/livefir/fir/route.go:720.11,724.5 1 0
github.com/livefir/fir/route.go:724.10,729.5 1 0
github.com/livefir/fir/route.go:732.3,732.72 1 0
github.com/livefir/fir/route.go:733.10,735.23 2 0
github.com/livefir/fir/route.go:735.23,737.11 2 0
github.com/livefir/fir/route.go:737.11,745.5 1 0
github.com/livefir/fir/route.go:745.10,750.5 1 0
github.com/livefir/fir/route.go:751.9,754.4 1 0
github.com/livefir/fir/route.go:755.3,755.72 1 0
github.com/livefir/fir/route.go:765.71,772.33 4 1
github.com/livefir/fir/route.go:772.33,774.30 1 0
github.com/livefir/fir/route.go:774.30,777.4 2 0
github.com/livefir/fir/route.go:778.8,781.9 2 1
github.com/livefir/fir/route.go:781.9,787.50 3 1
github.com/livefir/fir/route.go:787.50,790.24 2 0
github.com/livefir/fir/route.go:790.24,793.27 3 0
github.com/livefir/fir/route.go:793.27,796.7 2 0
github.com/livefir/fir/route.go:796.12,799.7 1 0
github.com/livefir/fir/route.go:804.4,804.21 1 1
github.com/livefir/fir/route.go:804.21,806.5 1 1
github.com/livefir/fir/route.go:808.4,811.32 3 1
github.com/livefir/fir/route.go:811.32,814.19 2 0
github.com/livefir/fir/route.go:814.19,816.20 2 0
github.com/livefir/fir/route.go:816.20,818.7 1 0
github.com/livefir/fir/route.go:818.12,820.7 1 0
github.com/livefir/fir/route.go:821.11,823.6 1 0
github.com/livefir/fir/route.go:824.5,824.27 1 0
github.com/livefir/fir/route.go:830.2,830.22 1 1
github.com/livefir/fir/route.go:830.22,832.3 1 1
github.com/livefir/fir/route.go:834.2,834.38 1 1
github.com/livefir/fir/route.go:838.35,841.2 2 1
github.com/livefir/fir/route.go:845.85,846.34 1 1
github.com/livefir/fir/route.go:846.34,849.3 2 0
github.com/livefir/fir/route.go:850.2,850.33 1 1
github.com/livefir/fir/route.go:850.33,854.3 3 0
github.com/livefir/fir/route.go:855.2,855.13 1 1
github.com/livefir/fir/route.go:859.69,860.66 1 1
github.com/livefir/fir/route.go:860.66,862.3 1 0
github.com/livefir/fir/route.go:863.2,863.10 1 1
github.com/livefir/fir/route.go:867.59,869.2 1 1
github.com/livefir/fir/route.go:872.81,873.25 1 1
github.com/livefir/fir/route.go:873.25,876.3 2 0
github.com/livefir/fir/route.go:879.2,879.40 1 1
github.com/livefir/fir/route.go:879.40,882.3 2 1
github.com/livefir/fir/route.go:882.8,885.3 2 0
github.com/livefir/fir/route.go:889.74,894.25 3 1
github.com/livefir/fir/route.go:894.25,896.3 1 1
github.com/livefir/fir/route.go:898.2,902.16 5 1
github.com/livefir/fir/route.go:902.16,905.3 2 1
github.com/livefir/fir/route.go:906.2,906.20 1 1
github.com/livefir/fir/route.go:906.20,909.3 2 0
github.com/livefir/fir/route.go:910.2,910.20 1 1
github.com/livefir/fir/route.go:910.20,913.3 2 0
github.com/livefir/fir/route.go:915.2,932.47 3 1
github.com/livefir/fir/route.go:932.47,939.3 1 0
github.com/livefir/fir/route.go:941.2,942.9 2 1
github.com/livefir/fir/route.go:942.9,945.3 2 0
github.com/livefir/fir/route.go:947.2,948.9 2 1
github.com/livefir/fir/route.go:948.9,951.3 2 0
github.com/livefir/fir/route.go:954.2,962.31 5 1
github.com/livefir/fir/route.go:962.31,964.3 1 1
github.com/livefir/fir/route.go:964.8,966.3 1 0
github.com/livefir/fir/route.go:968.2,970.47 2 1
github.com/livefir/fir/route.go:970.47,974.3 1 0
github.com/livefir/fir/route.go:976.2,982.47 5 1
github.com/livefir/fir/route.go:982.47,988.3 1 0
github.com/livefir/fir/route.go:990.2,990.23 1 1
github.com/livefir/fir/route.go:990.23,992.3 1 0
github.com/livefir/fir/route.go:996.85,1001.25 3 1
github.com/livefir/fir/route.go:1001.25,1003.3 1 1
github.com/livefir/fir/route.go:1005.2,1009.16 5 1
github.com/livefir/fir/route.go:1009.16,1012.3 2 0
github.com/livefir/fir/route.go:1013.2,1013.20 1 1
github.com/livefir/fir/route.go:1013.20,1016.3 2 0
github.com/livefir/fir/route.go:1017.2,1017.20 1 1
github.com/livefir/fir/route.go:1017.20,1020.3 2 0
github.com/livefir/fir/route.go:1022.2,1030.47 2 1
github.com/livefir/fir/route.go:1030.47,1037.3 1 0
github.com/livefir/fir/route.go:1040.2,1040.37 1 1
github.com/livefir/fir/route.go:1040.37,1047.48 5 1
github.com/livefir/fir/route.go:1047.48,1051.4 1 0
github.com/livefir/fir/route.go:1053.3,1053.17 1 1
github.com/livefir/fir/route.go:1053.17,1057.4 3 0
github.com/livefir/fir/route.go:1060.3,1061.9 2 1
github.com/livefir/fir/route.go:1065.2,1065.26 1 1
github.com/livefir/fir/route.go:1069.176,1076.43 3 1
github.com/livefir/fir/route.go:1076.43,1078.3 1 1
github.com/livefir/fir/route.go:1081.2,1081.28 1 1
github.com/livefir/fir/route.go:1081.28,1083.3 1 1
github.com/livefir/fir/route.go:1086.2,1086.52 1 1
github.com/livefir/fir/route.go:1086.52,1089.21 3 0
github.com/livefir/fir/route.go:1089.21,1091.4 1 0
github.com/livefir/fir/route.go:1092.3,1092.76 1 0
github.com/livefir/fir/route.go:1095.2,1098.29 3 1
github.com/livefir/fir/route.go:1098.29,1104.3 1 0
github.com/livefir/fir/route.go:1107.73,1109.22 2 1
github.com/livefir/fir/route.go:1109.22,1110.27 1 0
github.com/livefir/fir/route.go:1110.27,1113.4 2 0
github.com/livefir/fir/route.go:1115.3,1115.30 1 0
github.com/livefir/fir/route.go:1115.30,1117.4 1 0
github.com/livefir/fir/route.go:1120.2,1121.16 2 1
github.com/livefir/fir/route.go:1121.16,1124.3 2 0
github.com/livefir/fir/route.go:1126.2,1137.9 3 1
github.com/livefir/fir/route.go:1137.9,1140.3 2 0
github.com/livefir/fir/route.go:1142.2,1143.9 2 1
github.com/livefir/fir/route.go:1143.9,1146.3 2 0
github.com/livefir/fir/route.go:1149.2,1156.31 4 1
github.com/livefir/fir/route.go:1156.31,1158.3 1 1
github.com/livefir/fir/route.go:1158.8,1160.3 1 1
github.com/livefir/fir/route.go:1162.2,1162.43 1 1
github.com/livefir/fir/route.go:1166.62,1168.47 2 1
github.com/livefir/fir/route.go:1168.47,1170.3 1 1
github.com/livefir/fir/route.go:1171.2,1171.11 1 0
github.com/livefir/fir/route.go:1175.84,1177.16 2 1
github.com/livefir/fir/route.go:1177.16,1179.3 1 0
github.com/livefir/fir/route.go:1181.2,1182.16 2 1
github.com/livefir/fir/route.go:1182.16,1184.3 1 0
github.com/livefir/fir/route.go:1186.2,1190.8 1 1
github.com/livefir/fir/route.go:1194.75,1208.8 4 1
github.com/livefir/fir/route.go:1208.8,1209.59 1 1
github.com/livefir/fir/route.go:1209.59,1216.33 4 1
github.com/livefir/fir/route.go:1216.33,1218.5 1 1
github.com/livefir/fir/route.go:1218.10,1220.5 1 1
github.com/livefir/fir/route.go:1221.4,1221.51 1 1
github.com/livefir/fir/route.go:1223.8,1226.3 1 0
github.com/livefir/fir/route.go:1233.30,1235.2 1 1
github.com/livefir/fir/route.go:1238.40,1241.2 1 0
github.com/livefir/fir/route.go:1244.77,1246.2 1 1
github.com/livefir/fir/route.go:1249.42,1251.2 1 1
github.com/livefir/fir/route.go:1254.41,1256.2 1 1
github.com/livefir/fir/route.go:1259.44,1261.2 1 1
github.com/livefir/fir/route.go:1264.58,1266.2 1 0
github.com/livefir/fir/route.go:1269.48,1271.2 1 1
github.com/livefir/fir/route.go:1274.44,1276.2 1 1
github.com/livefir/fir/route.go:1279.50,1281.2 1 1
github.com/livefir/fir/route.go:1284.44,1286.2 1 1
github.com/livefir/fir/route.go:1289.38,1291.2 1 0
github.com/livefir/fir/route.go:1294.52,1309.2 1 0
github.com/livefir/fir/route.go:1313.51,1315.30 1 1
github.com/livefir/fir/route.go:1315.30,1317.3 1 0
github.com/livefir/fir/route.go:1320.2,1320.36 1 1
github.com/livefir/fir/route.go:1324.49,1329.57 3 1
github.com/livefir/fir/route.go:1329.57,1331.3 1 1
github.com/livefir/fir/route.go:1333.2,1337.16 5 1
github.com/livefir/fir/route.go:1337.16,1340.3 2 1
github.com/livefir/fir/route.go:1341.2,1350.16 7 1
github.com/livefir/fir/route.go:1350.16,1352.3 1 0
github.com/livefir/fir/route.go:1353.2,1359.12 5 1
github.com/livefir/fir/route.go:1363.52,1368.57 3 0
github.com/livefir/fir/route.go:1368.57,1370.3 1 0
github.com/livefir/fir/route.go:1373.2,1377.9 2 0
github.com/livefir/fir/route.go:1377.9,1379.3 1 0
github.com/livefir/fir/route.go:1382.2,1386.16 3 0
github.com/livefir/fir/route.go:1386.16,1388.3 1 0
github.com/livefir/fir/route.go:1391.2,1392.9 2 0
github.com/livefir/fir/route.go:1392.9,1394.3 1 0
github.com/livefir/fir/route.go:1395.2,1400.16 4 0
github.com/livefir/fir/route.go:1400.16,1402.3 1 0
github.com/livefir/fir/route.go:1405.2,1406.9 2 0
github.com/livefir/fir/route.go:1406.9,1408.3 1 0
github.com/livefir/fir/route.go:1409.2,1414.51 3 0
github.com/livefir/fir/route.go:1414.51,1419.3 2 0
github.com/livefir/fir/route.go:1421.2,1421.12 1 0
github.com/livefir/fir/route_context.go:32.13,34.2 1 1
github.com/livefir/fir/route_context.go:51.37,53.2 1 0
github.com/livefir/fir/route_context.go:56.41,57.14 1 1
github.com/livefir/fir/route_context.go:57.14,59.3 1 0
github.com/livefir/fir/route_context.go:60.2,61.31 2 1
github.com/livefir/fir/route_context.go:61.31,63.3 1 0
github.com/livefir/fir/route_context.go:64.2,64.31 1 1
github.com/livefir/fir/route_context.go:64.31,66.35 2 1
github.com/livefir/fir/route_context.go:66.35,68.4 1 0
github.com/livefir/fir/route_context.go:70.2,70.44 1 1
github.com/livefir/fir/route_context.go:70.44,72.3 1 0
github.com/livefir/fir/route_context.go:74.2,74.45 1 1
github.com/livefir/fir/route_context.go:74.45,76.3 1 0
github.com/livefir/fir/route_context.go:78.2,78.29 1 1
github.com/livefir/fir/route_context.go:81.51,82.14 1 1
github.com/livefir/fir/route_context.go:82.14,84.3 1 0
github.com/livefir/fir/route_context.go:85.2,86.8 2 1
github.com/livefir/fir/route_context.go:86.8,87.20 1 0
github.com/livefir/fir/route_context.go:87.20,88.59 1 0
github.com/livefir/fir/route_context.go:88.59,90.5 1 0
github.com/livefir/fir/route_context.go:92.3,93.13 2 0
github.com/livefir/fir/route_context.go:95.2,96.9 2 1
github.com/livefir/fir/route_context.go:96.9,98.3 1 1
github.com/livefir/fir/route_context.go:99.2,100.35 2 0
github.com/livefir/fir/route_context.go:100.35,101.25 1 0
github.com/livefir/fir/route_context.go:101.25,102.50 1 0
github.com/livefir/fir/route_context.go:102.50,104.19 2 0
github.com/livefir/fir/route_context.go:104.19,106.6 1 0
github.com/livefir/fir/route_context.go:107.5,107.13 1 0
github.com/livefir/fir/route_context.go:110.4,110.50 1 0
github.com/livefir/fir/route_context.go:110.50,112.19 2 0
github.com/livefir/fir/route_context.go:112.19,114.6 1 0
github.com/livefir/fir/route_context.go:118.2,118.12 1 0
github.com/livefir/fir/route_context.go:121.52,123.20 2 1
github.com/livefir/fir/route_context.go:123.20,125.3 1 1
github.com/livefir/fir/route_context.go:125.8,125.33 1 1
github.com/livefir/fir/route_context.go:125.33,127.3 1 1
github.com/livefir/fir/route_context.go:127.8,129.3 1 0
github.com/livefir/fir/route_context.go:130.2,130.49 1 1
github.com/livefir/fir/route_context.go:133.52,134.27 1 1
github.com/livefir/fir/route_context.go:134.27,136.3 1 0
github.com/livefir/fir/route_context.go:137.2,137.20 1 1
github.com/livefir/fir/route_context.go:137.20,138.28 1 1
github.com/livefir/fir/route_context.go:138.28,140.94 2 0
github.com/livefir/fir/route_context.go:140.94,142.5 1 0
github.com/livefir/fir/route_context.go:143.4,143.27 1 0
github.com/livefir/fir/route_context.go:146.3,147.21 2 1
github.com/livefir/fir/route_context.go:147.21,150.4 1 1
github.com/livefir/fir/route_context.go:150.9,150.34 1 0
github.com/livefir/fir/route_context.go:150.34,153.4 1 0
github.com/livefir/fir/route_context.go:153.9,155.4 1 0
github.com/livefir/fir/route_context.go:156.3,156.40 1 1
github.com/livefir/fir/route_context.go:159.2,159.67 1 1
github.com/livefir/fir/route_context.go:163.47,165.2 1 0
github.com/livefir/fir/route_context.go:168.54,170.2 1 0
github.com/livefir/fir/route_context.go:173.62,174.15 1 0
github.com/livefir/fir/route_context.go:174.15,176.3 1 0
github.com/livefir/fir/route_context.go:177.2,177.34 1 0
github.com/livefir/fir/route_context.go:177.34,179.3 1 0
github.com/livefir/fir/route_context.go:180.2,181.12 2 0
github.com/livefir/fir/route_context.go:185.54,186.30 1 1
github.com/livefir/fir/route_context.go:186.30,189.3 2 0
github.com/livefir/fir/route_context.go:190.2,191.12 2 1
github.com/livefir/fir/route_context.go:195.59,196.31 1 0
github.com/livefir/fir/route_context.go:196.31,199.3 2 0
github.com/livefir/fir/route_context.go:200.2,201.12 2 0
github.com/livefir/fir/route_context.go:207.51,208.31 1 0
github.com/livefir/fir/route_context.go:208.31,211.3 2 0
github.com/livefir/fir/route_context.go:212.2,212.31 1 0
github.com/livefir/fir/route_context.go:212.31,213.18 1 0
github.com/livefir/fir/route_context.go:213.18,214.12 1 0
github.com/livefir/fir/route_context.go:217.3,218.23 2 0
github.com/livefir/fir/route_context.go:218.23,219.41 1 0
github.com/livefir/fir/route_context.go:220.20,221.34 1 0
github.com/livefir/fir/route_context.go:221.34,223.6 1 0
github.com/livefir/fir/route_context.go:227.2,227.12 1 0
github.com/livefir/fir/route_context.go:238.50,239.30 1 1
github.com/livefir/fir/route_context.go:239.30,242.3 2 0
github.com/livefir/fir/route_context.go:243.2,243.31 1 1
github.com/livefir/fir/route_context.go:243.31,244.18 1 1
github.com/livefir/fir/route_context.go:244.18,245.12 1 0
github.com/livefir/fir/route_context.go:248.3,249.23 2 1
github.com/livefir/fir/route_context.go:249.23,250.41 1 1
github.com/livefir/fir/route_context.go:251.20,252.34 1 1
github.com/livefir/fir/route_context.go:252.34,254.6 1 1
github.com/livefir/fir/route_context.go:258.2,258.12 1 1
github.com/livefir/fir/route_context.go:262.65,263.31 1 1
github.com/livefir/fir/route_context.go:263.31,265.3 1 0
github.com/livefir/fir/route_context.go:266.2,266.54 1 1
github.com/livefir/fir/route_context.go:270.66,272.33 2 0
github.com/livefir/fir/route_context.go:272.33,273.17 1 0
github.com/livefir/fir/route_context.go:273.17,275.4 1 0
github.com/livefir/fir/route_context.go:277.2,277.11 1 0
github.com/livefir/fir/route_context.go:280.57,282.2 1 0
github.com/livefir/fir/route_context.go:284.51,286.2 1 0
github.com/livefir/fir/route_context.go:288.56,290.9 2 0
github.com/livefir/fir/route_context.go:290.9,292.3 1 0
github.com/livefir/fir/route_context.go:293.2,293.13 1 0
github.com/livefir/fir/route_context.go:297.45,298.20 1 0
github.com/livefir/fir/route_context.go:298.20,300.3 1 0
github.com/livefir/fir/route_context.go:302.2,303.16 2 0
github.com/livefir/fir/route_context.go:303.16,305.3 1 0
github.com/livefir/fir/route_context.go:307.2,308.16 2 0
github.com/livefir/fir/route_context.go:308.16,310.3 1 0
github.com/livefir/fir/route_context.go:312.2,312.18 1 0
github.com/livefir/fir/route_context.go:316.50,320.30 3 1
github.com/livefir/fir/route_context.go:320.30,322.3 1 1
github.com/livefir/fir/route_context.go:323.2,323.31 1 1
github.com/livefir/fir/route_context.go:323.31,325.3 1 1
github.com/livefir/fir/route_context.go:327.2,327.35 1 1
github.com/livefir/fir/route_context.go:327.35,329.3 1 1
github.com/livefir/fir/route_context.go:332.2,332.33 1 1
github.com/livefir/fir/route_context.go:332.33,339.3 3 0
github.com/livefir/fir/route_context.go:342.2,342.18 1 1
github.com/livefir/fir/route_context.go:342.18,345.3 2 0
github.com/livefir/fir/route_context.go:348.2,348.17 1 1
github.com/livefir/fir/route_context.go:348.17,351.3 2 1
github.com/livefir/fir/route_context.go:353.2,353.12 1 0
github.com/livefir/fir/route_data.go:15.36,18.2 2 0
github.com/livefir/fir/route_data.go:22.36,25.2 2 0
github.com/livefir/fir/route_data.go:32.45,36.2 3 0
github.com/livefir/fir/route_data.go:38.54,39.23 1 1
github.com/livefir/fir/route_data.go:39.23,41.3 1 1
github.com/livefir/fir/route_data.go:43.2,47.31 4 1
github.com/livefir/fir/route_data.go:47.31,48.18 1 1
github.com/livefir/fir/route_data.go:48.18,49.12 1 0
github.com/livefir/fir/route_data.go:51.3,51.38 1 1
github.com/livefir/fir/route_data.go:51.38,53.26 2 1
github.com/livefir/fir/route_data.go:53.26,56.5 2 1
github.com/livefir/fir/route_data.go:58.3,60.32 2 1
github.com/livefir/fir/route_data.go:60.32,62.35 2 1
github.com/livefir/fir/route_data.go:62.35,63.41 1 0
github.com/livefir/fir/route_data.go:63.41,65.6 1 0
github.com/livefir/fir/route_data.go:67.9,67.42 1 1
github.com/livefir/fir/route_data.go:67.42,68.40 1 0
github.com/livefir/fir/route_data.go:68.40,70.5 1 0
github.com/livefir/fir/route_data.go:71.9,71.39 1 1
github.com/livefir/fir/route_data.go:71.39,73.11 2 1
github.com/livefir/fir/route_data.go:73.11,75.5 1 0
github.com/livefir/fir/route_data.go:77.4,77.25 1 1
github.com/livefir/fir/route_data.go:77.25,79.5 1 1
github.com/livefir/fir/route_data.go:80.9,82.4 1 0
github.com/livefir/fir/route_data.go:85.2,85.15 1 1
github.com/livefir/fir/route_data.go:85.15,88.3 2 1
github.com/livefir/fir/route_data.go:90.2,90.14 1 1
github.com/livefir/fir/route_data.go:90.14,97.3 3 1
github.com/livefir/fir/route_data.go:99.2,100.11 2 1
github.com/livefir/fir/route_dom_context.go:12.76,14.34 1 1
github.com/livefir/fir/route_dom_context.go:14.34,16.4 1 1
github.com/livefir/fir/route_dom_context.go:20.81,25.24 4 1
github.com/livefir/fir/route_dom_context.go:25.24,27.3 1 1
github.com/livefir/fir/route_dom_context.go:29.2,29.22 1 1
github.com/livefir/fir/route_dom_context.go:29.22,33.3 2 1
github.com/livefir/fir/route_dom_context.go:33.8,33.38 1 0
github.com/livefir/fir/route_dom_context.go:33.38,37.3 2 0
github.com/livefir/fir/route_dom_context.go:37.8,41.3 2 0
github.com/livefir/fir/route_dom_context.go:43.2,43.17 1 1
github.com/livefir/fir/route_dom_context.go:43.17,45.3 1 1
github.com/livefir/fir/route_dom_context.go:46.2,51.3 1 1
github.com/livefir/fir/route_dom_context.go:63.67,64.24 1 0
github.com/livefir/fir/route_dom_context.go:64.24,66.3 1 0
github.com/livefir/fir/route_dom_context.go:67.2,67.11 1 0
github.com/livefir/fir/route_dom_context.go:71.70,72.24 1 0
github.com/livefir/fir/route_dom_context.go:72.24,74.3 1 0
github.com/livefir/fir/route_dom_context.go:75.2,75.11 1 0
github.com/livefir/fir/route_dom_context.go:82.55,83.25 1 1
github.com/livefir/fir/route_dom_context.go:83.25,85.3 1 1
github.com/livefir/fir/route_dom_context.go:86.2,89.8 4 1
github.com/livefir/fir/route_dom_context.go:89.8,91.3 1 0
github.com/livefir/fir/route_dom_context.go:92.2,92.12 1 1
github.com/livefir/fir/route_dom_context.go:94.49,96.21 2 1
github.com/livefir/fir/route_dom_context.go:96.21,98.3 1 0
github.com/livefir/fir/route_dom_context.go:98.8,99.27 1 1
github.com/livefir/fir/route_dom_context.go:99.27,102.4 2 1
github.com/livefir/fir/route_dom_context.go:104.2,105.13 2 1
github.com/livefir/fir/route_event_processor.go:20.100,25.2 1 1
github.com/livefir/fir/route_event_processor.go:28.151,34.16 3 1
github.com/livefir/fir/route_event_processor.go:34.16,36.3 1 0
github.com/livefir/fir/route_event_processor.go:39.2,40.28 2 1
github.com/livefir/fir/route_event_processor.go:40.28,42.3 1 1
github.com/livefir/fir/route_event_processor.go:45.2,57.16 3 1
github.com/livefir/fir/route_event_processor.go:57.16,59.3 1 0
github.com/livefir/fir/route_event_processor.go:61.2,61.22 1 1
github.com/livefir/fir/route_event_processor.go:65.61,67.25 2 1
github.com/livefir/fir/route_event_processor.go:67.25,72.3 2 1
github.com/livefir/fir/route_event_processor.go:73.2,73.15 1 1
github.com/livefir/fir/route_event_processor.go:83.83,88.2 1 1
github.com/livefir/fir/route_event_processor.go:91.124,94.25 2 1
github.com/livefir/fir/route_event_processor.go:94.25,96.3 1 1
github.com/livefir/fir/route_event_processor.go:99.2,147.37 8 1
github.com/livefir/fir/route_event_processor.go:147.37,148.17 1 0
github.com/livefir/fir/route_event_processor.go:148.17,150.4 1 0
github.com/livefir/fir/route_event_processor.go:154.2,154.16 1 1
github.com/livefir/fir/route_event_processor.go:154.16,159.3 2 1
github.com/livefir/fir/route_event_processor.go:161.2,161.22 1 1
github.com/livefir/fir/route_event_processor.go:171.53,173.2 1 0
github.com/livefir/fir/route_event_processor.go:175.64,178.2 2 0
github.com/livefir/fir/route_event_processor.go:180.60,182.2 1 0
github.com/livefir/fir/route_event_processor.go:185.67,186.32 1 1
github.com/livefir/fir/route_event_processor.go:186.32,187.30 1 1
github.com/livefir/fir/route_event_processor.go:187.30,189.4 1 1
github.com/livefir/fir/route_event_processor.go:191.2,191.14 1 0
github.com/livefir/fir/route_event_processor.go:194.70,195.32 1 1
github.com/livefir/fir/route_event_processor.go:195.32,196.32 1 1
github.com/livefir/fir/route_event_processor.go:196.32,198.4 1 1
github.com/livefir/fir/route_event_processor.go:200.2,200.12 1 0
github.com/livefir/fir/session.go:15.106,18.69 2 1
github.com/livefir/fir/session.go:18.69,20.3 1 0
github.com/livefir/fir/session.go:22.2,22.19 1 1
github.com/livefir/fir/session.go:22.19,24.3 1 0
github.com/livefir/fir/session.go:26.2,27.21 2 1
github.com/livefir/fir/session.go:27.21,29.3 1 0
github.com/livefir/fir/session.go:30.2,30.32 1 1
github.com/livefir/fir/session.go:33.80,36.33 3 1
github.com/livefir/fir/session.go:36.33,38.22 2 1
github.com/livefir/fir/session.go:38.22,40.4 1 0
github.com/livefir/fir/session.go:42.2,42.21 1 1
github.com/livefir/fir/session.go:42.21,44.3 1 1
github.com/livefir/fir/session.go:46.2,49.16 3 1
github.com/livefir/fir/session.go:49.16,51.3 1 0
github.com/livefir/fir/session.go:52.2,58.12 2 1
github.com/livefir/fir/watch.go:24.37,26.16 2 1
github.com/livefir/fir/watch.go:26.16,28.3 1 0
github.com/livefir/fir/watch.go:29.2,32.12 3 1
github.com/livefir/fir/watch.go:32.12,33.7 1 1
github.com/livefir/fir/watch.go:33.7,34.11 1 1
github.com/livefir/fir/watch.go:35.39,36.12 1 0
github.com/livefir/fir/watch.go:36.12,38.6 1 0
github.com/livefir/fir/watch.go:39.5,41.50 1 0
github.com/livefir/fir/watch.go:41.50,45.6 3 0
github.com/livefir/fir/watch.go:46.37,47.12 1 0
github.com/livefir/fir/watch.go:47.12,49.6 1 0
github.com/livefir/fir/watch.go:50.5,50.36 1 0
github.com/livefir/fir/watch.go:56.2,56.83 1 1
github.com/livefir/fir/watch.go:56.83,57.29 1 1
github.com/livefir/fir/watch.go:57.29,58.57 1 1
github.com/livefir/fir/watch.go:58.57,59.47 1 1
github.com/livefir/fir/watch.go:59.47,61.6 1 1
github.com/livefir/fir/watch.go:62.5,63.29 2 1
github.com/livefir/fir/watch.go:66.3,66.13 1 1
github.com/livefir/fir/watch.go:69.2,69.8 1 1
github.com/livefir/fir/websocket.go:40.98,41.25 1 1
github.com/livefir/fir/websocket.go:41.25,42.56 1 0
github.com/livefir/fir/websocket.go:44.2,44.38 1 1
github.com/livefir/fir/websocket.go:44.38,46.3 1 1
github.com/livefir/fir/websocket.go:48.2,50.16 3 0
github.com/livefir/fir/websocket.go:50.16,53.3 2 0
github.com/livefir/fir/websocket.go:55.2,55.47 1 0
github.com/livefir/fir/websocket.go:55.47,60.3 1 0
github.com/livefir/fir/websocket.go:62.2,65.16 2 0
github.com/livefir/fir/websocket.go:65.16,68.3 2 0
github.com/livefir/fir/websocket.go:69.2,71.13 2 0
github.com/livefir/fir/websocket.go:74.102,77.47 2 1
github.com/livefir/fir/websocket.go:77.47,83.3 1 0
github.com/livefir/fir/websocket.go:86.2,87.16 2 1
github.com/livefir/fir/websocket.go:87.16,89.3 1 0
github.com/livefir/fir/websocket.go:90.2,93.39 2 1
github.com/livefir/fir/websocket.go:93.39,95.3 1 0
github.com/livefir/fir/websocket.go:97.2,97.47 1 1
github.com/livefir/fir/websocket.go:97.47,103.3 1 0
github.com/livefir/fir/websocket.go:106.2,106.52 1 1
github.com/livefir/fir/websocket.go:106.52,108.3 1 0
github.com/livefir/fir/websocket.go:111.2,112.21 2 1
github.com/livefir/fir/websocket.go:112.21,114.3 1 0
github.com/livefir/fir/websocket.go:115.2,115.66 1 1
github.com/livefir/fir/websocket.go:115.66,118.3 2 0
github.com/livefir/fir/websocket.go:120.2,131.47 4 1
github.com/livefir/fir/websocket.go:131.47,137.3 1 0
github.com/livefir/fir/websocket.go:140.36,148.2 7 1
github.com/livefir/fir/writeattr.go:14.43,19.16 2 1
github.com/livefir/fir/writeattr.go:19.16,22.3 1 0
github.com/livefir/fir/writeattr.go:24.2,25.16 2 1
github.com/livefir/fir/writeattr.go:25.16,26.13 1 0
github.com/livefir/fir/writeattr.go:28.2,29.37 2 1
github.com/livefir/fir/writeattr.go:32.39,33.35 1 1
github.com/livefir/fir/writeattr.go:33.35,37.34 3 1
github.com/livefir/fir/writeattr.go:37.34,39.4 1 1
github.com/livefir/fir/writeattr.go:41.3,41.41 1 1
github.com/livefir/fir/writeattr.go:41.41,42.88 1 1
github.com/livefir/fir/writeattr.go:42.88,43.13 1 1
github.com/livefir/fir/writeattr.go:46.4,51.29 5 1
github.com/livefir/fir/writeattr.go:51.29,53.5 1 1
github.com/livefir/fir/writeattr.go:54.4,54.29 1 1
github.com/livefir/fir/writeattr.go:54.29,58.5 2 0
github.com/livefir/fir/writeattr.go:61.4,63.20 2 1
github.com/livefir/fir/writeattr.go:63.20,65.5 1 1
github.com/livefir/fir/writeattr.go:67.4,67.40 1 1
github.com/livefir/fir/writeattr.go:67.40,68.84 1 1
github.com/livefir/fir/writeattr.go:68.84,71.25 2 1
github.com/livefir/fir/writeattr.go:71.25,73.7 1 0
github.com/livefir/fir/writeattr.go:75.5,79.28 3 1
github.com/livefir/fir/writeattr.go:79.28,81.6 1 1
github.com/livefir/fir/writeattr.go:82.5,85.30 3 1
github.com/livefir/fir/writeattr.go:85.30,87.6 1 1
github.com/livefir/fir/writeattr.go:90.5,93.47 4 1
github.com/livefir/fir/writeattr.go:93.47,97.6 3 1
github.com/livefir/fir/writeattr.go:102.2,102.56 1 1
github.com/livefir/fir/writeattr.go:102.56,104.3 1 1
github.com/livefir/fir/examples/main.go:25.13,46.38 4 0
github.com/livefir/fir/examples/main.go:46.38,49.3 2 0
github.com/livefir/fir/examples/main.go:50.2,54.16 4 0
github.com/livefir/fir/examples/main.go:54.16,56.3 1 0
github.com/livefir/fir/examples/main.go:58.2,59.16 2 0
github.com/livefir/fir/examples/main.go:59.16,61.3 1 0
github.com/livefir/fir/examples/main.go:63.2,64.13 2 0
github.com/livefir/fir/examples/main.go:64.13,66.3 1 0
github.com/livefir/fir/examples/main.go:68.2,73.16 5 0
github.com/livefir/fir/examples/main.go:73.16,75.3 1 0
github.com/livefir/fir/examples/autocomplete/autocomplete.go:25.46,26.15 1 0
github.com/livefir/fir/examples/autocomplete/autocomplete.go:26.15,28.3 1 0
github.com/livefir/fir/examples/autocomplete/autocomplete.go:29.2,30.30 2 0
github.com/livefir/fir/examples/autocomplete/autocomplete.go:30.30,31.69 1 0
github.com/livefir/fir/examples/autocomplete/autocomplete.go:31.69,33.4 1 0
github.com/livefir/fir/examples/autocomplete/autocomplete.go:35.2,35.41 1 0
github.com/livefir/fir/examples/autocomplete/autocomplete.go:42.31,43.43 1 0
github.com/livefir/fir/examples/autocomplete/autocomplete.go:43.43,45.3 1 0
github.com/livefir/fir/examples/autocomplete/autocomplete.go:47.2,47.44 1 0
github.com/livefir/fir/examples/autocomplete/autocomplete.go:47.44,49.39 2 0
github.com/livefir/fir/examples/autocomplete/autocomplete.go:49.39,51.4 1 0
github.com/livefir/fir/examples/autocomplete/autocomplete.go:52.3,52.43 1 0
github.com/livefir/fir/examples/autocomplete/autocomplete.go:55.2,59.3 1 0
github.com/livefir/fir/examples/autocomplete/autocomplete.go:62.34,64.2 1 0
github.com/livefir/fir/examples/autocomplete/autocomplete.go:66.26,71.2 4 0
github.com/livefir/fir/examples/chirper/chirper.go:25.53,26.42 1 0
github.com/livefir/fir/examples/chirper/chirper.go:26.42,30.45 4 0
github.com/livefir/fir/examples/chirper/chirper.go:30.45,32.4 1 0
github.com/livefir/fir/examples/chirper/chirper.go:33.3,33.52 1 0
github.com/livefir/fir/examples/chirper/chirper.go:38.54,39.42 1 0
github.com/livefir/fir/examples/chirper/chirper.go:39.42,41.41 2 0
github.com/livefir/fir/examples/chirper/chirper.go:41.41,43.4 1 0
github.com/livefir/fir/examples/chirper/chirper.go:44.3,44.26 1 0
github.com/livefir/fir/examples/chirper/chirper.go:44.26,46.4 1 0
github.com/livefir/fir/examples/chirper/chirper.go:47.3,48.67 2 0
github.com/livefir/fir/examples/chirper/chirper.go:48.67,50.4 1 0
github.com/livefir/fir/examples/chirper/chirper.go:52.3,53.25 2 0
github.com/livefir/fir/examples/chirper/chirper.go:58.52,62.42 2 0
github.com/livefir/fir/examples/chirper/chirper.go:62.42,64.39 2 0
github.com/livefir/fir/examples/chirper/chirper.go:64.39,66.4 1 0
github.com/livefir/fir/examples/chirper/chirper.go:67.3,68.53 2 0
github.com/livefir/fir/examples/chirper/chirper.go:68.53,70.4 1 0
github.com/livefir/fir/examples/chirper/chirper.go:71.3,72.56 2 0
github.com/livefir/fir/examples/chirper/chirper.go:72.56,74.4 1 0
github.com/livefir/fir/examples/chirper/chirper.go:75.3,75.25 1 0
github.com/livefir/fir/examples/chirper/chirper.go:80.54,84.42 2 0
github.com/livefir/fir/examples/chirper/chirper.go:84.42,86.39 2 0
github.com/livefir/fir/examples/chirper/chirper.go:86.39,88.4 1 0
github.com/livefir/fir/examples/chirper/chirper.go:90.3,90.58 1 0
github.com/livefir/fir/examples/chirper/chirper.go:90.58,92.4 1 0
github.com/livefir/fir/examples/chirper/chirper.go:93.3,93.13 1 0
github.com/livefir/fir/examples/chirper/chirper.go:98.31,100.16 2 0
github.com/livefir/fir/examples/chirper/chirper.go:100.16,101.13 1 0
github.com/livefir/fir/examples/chirper/chirper.go:103.2,110.3 1 0
github.com/livefir/fir/examples/chirper/chirper.go:114.34,116.2 1 0
github.com/livefir/fir/examples/chirper/chirper.go:119.35,125.2 3 0
github.com/livefir/fir/examples/chirper/chirper.go:127.26,129.16 2 0
github.com/livefir/fir/examples/chirper/chirper.go:129.16,131.3 1 0
github.com/livefir/fir/examples/chirper/chirper.go:133.2,134.64 2 0
github.com/livefir/fir/examples/chirper/chirper.go:134.64,143.3 1 0
github.com/livefir/fir/examples/chirper/chirper.go:144.2,144.68 1 0
github.com/livefir/fir/examples/chirper/chirper.go:144.68,157.3 3 0
github.com/livefir/fir/examples/chirper/chirper.go:158.2,159.59 2 0
github.com/livefir/fir/examples/counter/count.go:12.31,17.47 2 0
github.com/livefir/fir/examples/counter/count.go:17.47,19.4 1 0
github.com/livefir/fir/examples/counter/count.go:20.55,22.4 1 0
github.com/livefir/fir/examples/counter/count.go:23.55,25.4 1 0
[...]
github.com/livefir/fir/internal/templateengine/event_registry.go:92.31,94.4 1 1
github.com/livefir/fir/internal/templateengine/event_registry.go:99.54,104.2 3 1
github.com/livefir/fir/internal/templateengine/event_registry.go:107.66,112.37 4 1
github.com/livefir/fir/internal/templateengine/event_registry.go:112.37,114.3 1 1
github.com/livefir/fir/internal/templateengine/event_registry.go:115.2,115.17 1 1
github.com/livefir/fir/internal/templateengine/event_registry.go:119.78,124.56 4 1
github.com/livefir/fir/internal/templateengine/event_registry.go:124.56,126.31 2 1
github.com/livefir/fir/internal/templateengine/event_registry.go:126.31,128.4 1 1
github.com/livefir/fir/internal/templateengine/event_registry.go:130.2,130.15 1 1
github.com/livefir/fir/internal/templateengine/funcmap.go:51.58,55.2 1 1
github.com/livefir/fir/internal/templateengine/funcmap.go:58.87,60.34 1 1
github.com/livefir/fir/internal/templateengine/funcmap.go:60.34,62.4 1 1
github.com/livefir/fir/internal/templateengine/funcmap.go:67.54,69.2 1 1
github.com/livefir/fir/internal/templateengine/funcmap.go:80.103,85.2 1 1
github.com/livefir/fir/internal/templateengine/funcmap.go:89.89,93.42 2 1
github.com/livefir/fir/internal/templateengine/funcmap.go:93.42,95.33 2 1
github.com/livefir/fir/internal/templateengine/funcmap.go:95.33,97.4 1 1
github.com/livefir/fir/internal/templateengine/funcmap.go:100.2,100.15 1 1
github.com/livefir/fir/internal/templateengine/funcmap.go:104.56,106.2 1 0
github.com/livefir/fir/internal/templateengine/funcmap.go:109.77,111.2 1 1
github.com/livefir/fir/internal/templateengine/funcmap.go:121.44,126.2 1 1
github.com/livefir/fir/internal/templateengine/funcmap.go:129.77,131.2 1 1
github.com/livefir/fir/internal/templateengine/funcmap.go:135.62,136.53 1 1
github.com/livefir/fir/internal/templateengine/funcmap.go:136.53,138.3 1 1
github.com/livefir/fir/internal/templateengine/funcmap.go:139.2,139.21 1 1
github.com/livefir/fir/internal/templateengine/funcmap.go:143.58,145.2 1 1
github.com/livefir/fir/internal/templateengine/funcmap.go:148.66,150.2 1 1
github.com/livefir/fir/internal/templateengine/funcmap.go:153.45,155.34 2 1
github.com/livefir/fir/internal/templateengine/funcmap.go:155.34,157.3 1 1
github.com/livefir/fir/internal/templateengine/funcmap.go:158.2,158.14 1 1
github.com/livefir/fir/internal/templateengine/go_template.go:15.57,17.2 1 1
github.com/livefir/fir/internal/templateengine/go_template.go:20.69,21.20 1 1
github.com/livefir/fir/internal/templateengine/go_template.go:21.20,23.3 1 0
github.com/livefir/fir/internal/templateengine/go_template.go:24.2,24.34 1 1
github.com/livefir/fir/internal/templateengine/go_template.go:28.90,29.20 1 1
github.com/livefir/fir/internal/templateengine/go_template.go:29.20,31.3 1 0
github.com/livefir/fir/internal/templateengine/go_template.go:32.2,32.48 1 1
github.com/livefir/fir/internal/templateengine/go_template.go:36.37,37.20 1 0
github.com/livefir/fir/internal/templateengine/go_template.go:37.20,39.3 1 0
github.com/livefir/fir/internal/templateengine/go_template.go:40.2,40.23 1 0
github.com/livefir/fir/internal/templateengine/go_template.go:44.46,45.20 1 0
github.com/livefir/fir/internal/templateengine/go_template.go:45.20,47.3 1 0
github.com/livefir/fir/internal/templateengine/go_template.go:49.2,51.30 3 0
github.com/livefir/fir/internal/templateengine/go_template.go:51.30,53.3 1 0
github.com/livefir/fir/internal/templateengine/go_template.go:54.2,54.15 1 0
github.com/livefir/fir/internal/templateengine/go_template.go:58.49,59.20 1 1
github.com/livefir/fir/internal/templateengine/go_template.go:59.20,61.3 1 0
github.com/livefir/fir/internal/templateengine/go_template.go:63.2,64.16 2 1
github.com/livefir/fir/internal/templateengine/go_template.go:64.16,66.3 1 0
github.com/livefir/fir/internal/templateengine/go_template.go:68.2,68.39 1 1
github.com/livefir/fir/internal/templateengine/go_template.go:72.64,73.20 1 1
github.com/livefir/fir/internal/templateengine/go_template.go:73.20,75.3 1 0
github.com/livefir/fir/internal/templateengine/go_template.go:77.2,77.50 1 1
github.com/livefir/fir/internal/templateengine/go_template.go:81.52,82.20 1 1
github.com/livefir/fir/internal/templateengine/go_template.go:82.20,84.3 1 0
github.com/livefir/fir/internal/templateengine/go_template.go:86.2,87.18 2 1
github.com/livefir/fir/internal/templateengine/go_template.go:87.18,89.3 1 0
github.com/livefir/fir/internal/templateengine/go_template.go:91.2,91.33 1 1
github.com/livefir/fir/internal/templateengine/go_template.go:96.66,98.2 1 1
github.com/livefir/fir/internal/templateengine/go_template.go:107.56,111.2 1 1
github.com/livefir/fir/internal/templateengine/go_template.go:114.74,120.2 4 1
github.com/livefir/fir/internal/templateengine/go_template.go:123.66,129.2 4 1
github.com/livefir/fir/internal/templateengine/go_template.go:132.57,136.39 3 0
github.com/livefir/fir/internal/templateengine/go_template.go:136.39,139.3 2 0
github.com/livefir/fir/internal/templateengine/go_template.go:140.2,140.14 1 0
github.com/livefir/fir/internal/templateengine/go_template.go:144.41,149.2 3 1
github.com/livefir/fir/internal/templateengine/go_template.go:152.44,157.2 3 0
github.com/livefir/fir/internal/templateengine/go_template.go:160.49,165.25 4 0
github.com/livefir/fir/internal/templateengine/go_template.go:165.25,167.3 1 0
github.com/livefir/fir/internal/templateengine/go_template.go:168.2,168.13 1 0
github.com/livefir/fir/internal/templateengine/go_template_engine.go:18.46,25.2 1 1
github.com/livefir/fir/internal/templateengine/go_template_engine.go:28.82,35.2 1 1
github.com/livefir/fir/internal/templateengine/go_template_engine.go:38.84,41.2 1 1
github.com/livefir/fir/internal/templateengine/go_template_engine.go:44.89,47.2 1 1
github.com/livefir/fir/internal/templateengine/go_template_engine.go:50.116,56.34 3 1
github.com/livefir/fir/internal/templateengine/go_template_engine.go:56.34,59.3 1 1
github.com/livefir/fir/internal/templateengine/go_template_engine.go:59.8,59.71 1 1
github.com/livefir/fir/internal/templateengine/go_template_engine.go:59.71,62.3 1 0
github.com/livefir/fir/internal/templateengine/go_template_engine.go:62.8,65.3 1 1
github.com/livefir/fir/internal/templateengine/go_template_engine.go:69.121,75.39 3 1
github.com/livefir/fir/internal/templateengine/go_template_engine.go:75.39,77.3 1 1
github.com/livefir/fir/internal/templateengine/go_template_engine.go:77.8,77.81 1 1
github.com/livefir/fir/internal/templateengine/go_template_engine.go:77.81,79.3 1 0
github.com/livefir/fir/internal/templateengine/go_template_engine.go:79.8,82.3 1 1
github.com/livefir/fir/internal/templateengine/go_template_engine.go:86.93,87.21 1 1
github.com/livefir/fir/internal/templateengine/go_template_engine.go:87.21,89.3 1 1
github.com/livefir/fir/internal/templateengine/go_template_engine.go:90.2,90.34 1 1
github.com/livefir/fir/internal/templateengine/go_template_engine.go:94.125,95.21 1 1
github.com/livefir/fir/internal/templateengine/go_template_engine.go:95.21,97.3 1 0
github.com/livefir/fir/internal/templateengine/go_template_engine.go:100.2,101.16 2 1
github.com/livefir/fir/internal/templateengine/go_template_engine.go:101.16,103.3 1 0
github.com/livefir/fir/internal/templateengine/go_template_engine.go:105.2,105.24 1 1
github.com/livefir/fir/internal/templateengine/go_template_engine.go:105.24,107.3 1 1
github.com/livefir/fir/internal/templateengine/go_template_engine.go:109.2,109.32 1 1
github.com/livefir/fir/internal/templateengine/go_template_engine.go:113.97,115.2 1 1
github.com/livefir/fir/internal/templateengine/go_template_engine.go:118.133,120.2 1 1
github.com/livefir/fir/internal/templateengine/go_template_engine.go:123.74,124.22 1 1
github.com/livefir/fir/internal/templateengine/go_template_engine.go:124.22,126.3 1 1
github.com/livefir/fir/internal/templateengine/go_template_engine.go:130.76,131.22 1 1
github.com/livefir/fir/internal/templateengine/go_template_engine.go:131.22,133.3 1 0
github.com/livefir/fir/internal/templateengine/go_template_engine.go:134.2,134.26 1 1
github.com/livefir/fir/internal/templateengine/go_template_engine.go:138.43,139.22 1 1
github.com/livefir/fir/internal/templateengine/go_template_engine.go:139.22,141.3 1 1
github.com/livefir/fir/internal/templateengine/go_template_engine.go:145.75,147.2 1 1
github.com/livefir/fir/internal/templateengine/go_template_engine.go:150.67,152.2 1 1
github.com/livefir/fir/internal/templateengine/go_template_engine.go:155.73,157.2 1 1
github.com/livefir/fir/internal/templateengine/go_template_engine.go:160.67,162.2 1 1
github.com/livefir/fir/internal/templateengine/go_template_engine.go:165.79,166.28 1 1
github.com/livefir/fir/internal/templateengine/go_template_engine.go:166.28,168.3 1 1
github.com/livefir/fir/internal/templateengine/go_template_engine.go:169.2,169.43 1 0
github.com/livefir/fir/internal/templateengine/go_template_engine.go:174.84,176.13 2 1
github.com/livefir/fir/internal/templateengine/go_template_engine.go:176.13,178.3 1 0
github.com/livefir/fir/internal/templateengine/go_template_engine.go:180.2,181.16 2 1
github.com/livefir/fir/internal/templateengine/go_template_engine.go:181.16,183.3 1 0
github.com/livefir/fir/internal/templateengine/go_template_engine.go:185.2,185.33 1 1
github.com/livefir/fir/internal/templateengine/go_template_engine.go:188.111,189.16 1 1
github.com/livefir/fir/internal/templateengine/go_template_engine.go:189.16,191.3 1 1
github.com/livefir/fir/internal/templateengine/go_template_engine.go:194.2,197.16 3 1
github.com/livefir/fir/internal/templateengine/go_template_engine.go:197.16,199.3 1 1
github.com/livefir/fir/internal/templateengine/go_template_engine.go:201.2,201.33 1 1
github.com/livefir/fir/internal/templateengine/go_template_engine.go:204.142,205.23 1 0
github.com/livefir/fir/internal/templateengine/go_template_engine.go:205.23,207.3 1 0
github.com/livefir/fir/internal/templateengine/go_template_engine.go:210.2,211.16 2 0
github.com/livefir/fir/internal/templateengine/go_template_engine.go:211.16,213.3 1 0
github.com/livefir/fir/internal/templateengine/go_template_engine.go:216.2,217.16 2 0
github.com/livefir/fir/internal/templateengine/go_template_engine.go:217.16,219.3 1 0
github.com/livefir/fir/internal/templateengine/go_template_engine.go:221.2,221.33 1 0
github.com/livefir/fir/internal/templateengine/go_template_engine.go:226.103,230.32 2 1
github.com/livefir/fir/internal/templateengine/go_template_engine.go:230.32,232.39 2 1
github.com/livefir/fir/internal/templateengine/go_template_engine.go:232.39,234.4 1 1
github.com/livefir/fir/internal/templateengine/go_template_engine.go:238.2,238.27 1 1
github.com/livefir/fir/internal/templateengine/go_template_engine.go:238.27,239.40 1 1
github.com/livefir/fir/internal/templateengine/go_template_engine.go:239.40,241.4 1 1
github.com/livefir/fir/internal/templateengine/go_template_engine.go:244.2,244.15 1 1
github.com/livefir/fir/internal/templateengine/go_template_engine.go:248.86,254.29 3 1
github.com/livefir/fir/internal/templateengine/go_template_engine.go:254.29,260.3 3 1
github.com/livefir/fir/internal/templateengine/go_template_engine.go:263.2,263.21 1 1
github.com/livefir/fir/internal/templateengine/go_template_engine.go:263.21,264.51 1 1
github.com/livefir/fir/internal/templateengine/go_template_engine.go:264.51,266.4 1 1
github.com/livefir/fir/internal/templateengine/go_template_engine.go:267.3,267.51 1 1
github.com/livefir/fir/internal/templateengine/go_template_engine.go:267.51,269.4 1 1
github.com/livefir/fir/internal/templateengine/go_template_engine.go:270.3,270.56 1 1
github.com/livefir/fir/internal/templateengine/go_template_engine.go:270.56,272.4 1 1
github.com/livefir/fir/internal/templateengine/go_template_engine.go:275.2,282.3 1 1
github.com/livefir/fir/internal/templateengine/integration.go:15.52,19.2 1 1
github.com/livefir/fir/internal/templateengine/integration.go:23.88,27.2 1 0
github.com/livefir/fir/internal/templateengine/integration.go:32.84,38.55 2 1
github.com/livefir/fir/internal/templateengine/integration.go:38.55,44.3 1 1
github.com/livefir/fir/internal/templateengine/integration.go:46.2,46.16 1 1
github.com/livefir/fir/internal/templateengine/integration.go:50.51,52.2 1 0
github.com/livefir/fir/internal/templateengine/integration.go:55.76,57.2 1 1
github.com/livefir/fir/internal/templateengine/integration.go:67.77,72.2 1 1
github.com/livefir/fir/internal/templateengine/integration.go:75.115,80.2 1 1
github.com/livefir/fir/internal/templateengine/integration.go:91.19,101.2 1 1
github.com/livefir/fir/internal/templateengine/integration.go:112.21,118.56 2 1
github.com/livefir/fir/internal/templateengine/integration.go:118.56,121.3 2 1
github.com/livefir/fir/internal/templateengine/integration.go:124.2,126.9 1 0
github.com/livefir/fir/internal/templateengine/integration.go:126.9,128.3 1 0
github.com/livefir/fir/internal/templateengine/integration.go:131.2,131.40 1 0
github.com/livefir/fir/internal/templateengine/integration.go:142.21,148.56 2 1
github.com/livefir/fir/internal/templateengine/integration.go:148.56,151.3 2 1
github.com/livefir/fir/internal/templateengine/integration.go:154.2,156.9 1 0
github.com/livefir/fir/internal/templateengine/integration.go:156.9,158.3 1 0
github.com/livefir/fir/internal/templateengine/integration.go:161.2,161.45 1 0
github.com/livefir/fir/internal/templateengine/integration.go:165.62,167.2 1 1
github.com/livefir/fir/internal/templateengine/integration.go:170.80,172.2 1 1
github.com/livefir/fir/internal/templateengine/integration.go:175.72,177.2 1 1
github.com/livefir/fir/internal/templateengine/interfaces.go:137.84,139.24 1 1
github.com/livefir/fir/internal/templateengine/interfaces.go:139.24,141.3 1 1
github.com/livefir/fir/internal/templateengine/interfaces.go:142.2,142.27 1 1
github.com/livefir/fir/internal/templateengine/interfaces.go:149.97,154.28 3 1
github.com/livefir/fir/internal/templateengine/interfaces.go:154.28,156.21 2 0
github.com/livefir/fir/internal/templateengine/interfaces.go:156.21,158.4 1 0
github.com/livefir/fir/internal/templateengine/interfaces.go:159.3,159.24 1 0
github.com/livefir/fir/internal/templateengine/interfaces.go:160.8,164.3 1 1
github.com/livefir/fir/internal/templateengine/interfaces.go:167.2,168.16 2 0
github.com/livefir/fir/internal/templateengine/interfaces.go:168.16,170.3 1 0
github.com/livefir/fir/internal/templateengine/interfaces.go:172.2,172.33 1 0
github.com/livefir/fir/internal/templateengine/interfaces.go:176.102,179.16 2 1
github.com/livefir/fir/internal/templateengine/interfaces.go:179.16,181.3 1 0
github.com/livefir/fir/internal/templateengine/interfaces.go:183.2,183.33 1 1
github.com/livefir/fir/internal/templateengine/interfaces.go:187.101,190.16 2 1
github.com/livefir/fir/internal/templateengine/interfaces.go:190.16,192.3 1 0
github.com/livefir/fir/internal/templateengine/interfaces.go:194.2,194.33 1 1
github.com/livefir/fir/internal/templateengine/interfaces.go:198.102,199.21 1 1
github.com/livefir/fir/internal/templateengine/interfaces.go:199.21,201.3 1 1
github.com/livefir/fir/internal/templateengine/interfaces.go:203.2,205.29 2 0
github.com/livefir/fir/internal/templateengine/interfaces.go:205.29,207.17 2 0
github.com/livefir/fir/internal/templateengine/interfaces.go:207.17,209.4 1 0
github.com/livefir/fir/internal/templateengine/interfaces.go:210.3,210.38 1 0
github.com/livefir/fir/internal/templateengine/interfaces.go:213.2,213.23 1 0
github.com/livefir/fir/internal/templateengine/interfaces.go:220.80,222.2 1 1
github.com/livefir/fir/internal/templateengine/interfaces.go:225.78,226.21 1 1
github.com/livefir/fir/internal/templateengine/interfaces.go:226.21,228.3 1 1
github.com/livefir/fir/internal/templateengine/interfaces.go:229.2,229.12 1 1
github.com/livefir/fir/internal/templateengine/interfaces.go:233.98,234.27 1 1
github.com/livefir/fir/internal/templateengine/interfaces.go:234.27,236.3 1 1
github.com/livefir/fir/internal/templateengine/interfaces.go:237.2,237.12 1 1
github.com/livefir/fir/internal/templateengine/route_builder.go:15.66,20.2 1 1
github.com/livefir/fir/internal/templateengine/route_builder.go:23.100,26.2 2 1
github.com/livefir/fir/internal/templateengine/route_builder.go:29.112,32.2 2 1
github.com/livefir/fir/internal/templateengine/route_builder.go:35.108,36.22 1 1
github.com/livefir/fir/internal/templateengine/route_builder.go:36.22,39.3 2 1
github.com/livefir/fir/internal/templateengine/route_builder.go:40.2,40.10 1 1
github.com/livefir/fir/internal/templateengine/route_builder.go:44.110,47.2 2 1
github.com/livefir/fir/internal/templateengine/route_builder.go:50.153,52.19 1 1
github.com/livefir/fir/internal/templateengine/route_builder.go:52.19,55.3 2 1
github.com/livefir/fir/internal/templateengine/route_builder.go:56.2,56.18 1 1
github.com/livefir/fir/internal/templateengine/route_builder.go:56.18,59.3 2 1
github.com/livefir/fir/internal/templateengine/route_builder.go:60.2,60.29 1 1
github.com/livefir/fir/internal/templateengine/route_builder.go:60.29,62.3 1 1
github.com/livefir/fir/internal/templateengine/route_builder.go:63.2,64.10 2 1
github.com/livefir/fir/internal/templateengine/route_builder.go:68.70,71.24 2 1
github.com/livefir/fir/internal/templateengine/route_builder.go:71.24,76.73 4 1
github.com/livefir/fir/internal/templateengine/route_builder.go:76.73,79.4 2 1
github.com/livefir/fir/internal/templateengine/route_builder.go:83.2,84.34 2 1
github.com/livefir/fir/internal/templateengine/route_builder.go:84.34,87.3 1 1
github.com/livefir/fir/internal/templateengine/route_builder.go:87.8,87.41 1 1
github.com/livefir/fir/internal/templateengine/route_builder.go:87.41,89.3 1 1
github.com/livefir/fir/internal/templateengine/route_builder.go:89.8,92.3 1 1
github.com/livefir/fir/internal/templateengine/route_builder.go:95.2,101.20 6 1
github.com/livefir/fir/internal/templateengine/route_builder.go:110.83,112.2 1 1
github.com/livefir/fir/internal/templateengine/route_builder.go:115.50,117.2 1 1
github.com/livefir/fir/internal/templateengine/route_builder.go:126.97,131.2 1 1
github.com/livefir/fir/internal/templateengine/route_builder.go:134.146,140.2 2 1
github.com/livefir/fir/internal/templateengine/route_builder.go:143.144,148.44 2 1
github.com/livefir/fir/internal/templateengine/route_builder.go:148.44,150.3 1 1
github.com/livefir/fir/internal/templateengine/route_builder.go:152.2,152.24 1 1
github.com/livefir/fir/internal/templateengine/route_dom_context.go:21.62,23.19 2 1
github.com/livefir/fir/internal/templateengine/route_dom_context.go:23.19,25.3 1 1
github.com/livefir/fir/internal/templateengine/route_dom_context.go:27.2,32.3 1 1
github.com/livefir/fir/internal/templateengine/route_dom_context.go:36.67,37.24 1 1
github.com/livefir/fir/internal/templateengine/route_dom_context.go:37.24,39.3 1 1
github.com/livefir/fir/internal/templateengine/route_dom_context.go:40.2,40.11 1 1
github.com/livefir/fir/internal/templateengine/route_dom_context.go:44.70,45.24 1 1
github.com/livefir/fir/internal/templateengine/route_dom_context.go:45.24,47.3 1 1
github.com/livefir/fir/internal/templateengine/route_dom_context.go:48.2,48.11 1 1
github.com/livefir/fir/internal/templateengine/route_dom_context.go:55.63,56.25 1 1
github.com/livefir/fir/internal/templateengine/route_dom_context.go:56.25,58.3 1 0
github.com/livefir/fir/internal/templateengine/route_dom_context.go:59.2,62.8 4 1
github.com/livefir/fir/internal/templateengine/route_dom_context.go:62.8,64.3 1 0
github.com/livefir/fir/internal/templateengine/route_dom_context.go:65.2,65.12 1 1
github.com/livefir/fir/internal/templateengine/route_dom_context.go:69.49,71.21 2 1
github.com/livefir/fir/internal/templateengine/route_dom_context.go:71.21,73.3 1 0
github.com/livefir/fir/internal/templateengine/route_dom_context.go:73.8,74.27 1 1
github.com/livefir/fir/internal/templateengine/route_dom_context.go:74.27,77.4 2 1
github.com/livefir/fir/internal/templateengine/route_dom_context.go:79.2,80.13 2 1
