{"/Users/adnaan/code/livefir/fir/alpinejs-plugin/src/index.js": {"path":"/Users/adnaan/code/livefir/fir/alpinejs-plugin/src/index.js","statementMap":{"0":{"start":{"line":4,"column":15},"end":{"line":740,"column":1}},"1":{"start":{"line":5,"column":35},"end":{"line":10,"column":5}},"2":{"start":{"line":6,"column":8},"end":{"line":9,"column":27}},"3":{"start":{"line":8,"column":27},"end":{"line":8,"column":59}},"4":{"start":{"line":13,"column":21},"end":{"line":13,"column":78}},"5":{"start":{"line":14,"column":4},"end":{"line":16,"column":5}},"6":{"start":{"line":15,"column":8},"end":{"line":15,"column":79}},"7":{"start":{"line":19,"column":4},"end":{"line":38,"column":5}},"8":{"start":{"line":21,"column":8},"end":{"line":35,"column":14}},"9":{"start":{"line":25,"column":16},"end":{"line":31,"column":17}},"10":{"start":{"line":28,"column":20},"end":{"line":30,"column":21}},"11":{"start":{"line":29,"column":24},"end":{"line":29,"column":52}},"12":{"start":{"line":34,"column":16},"end":{"line":34,"column":36}},"13":{"start":{"line":37,"column":8},"end":{"line":37,"column":72}},"14":{"start":{"line":40,"column":4},"end":{"line":42,"column":6}},"15":{"start":{"line":41,"column":8},"end":{"line":41,"column":32}},"16":{"start":{"line":50,"column":4},"end":{"line":71,"column":5}},"17":{"start":{"line":53,"column":27},"end":{"line":53,"column":52}},"18":{"start":{"line":55,"column":12},"end":{"line":55,"column":22}},"19":{"start":{"line":57,"column":27},"end":{"line":59,"column":14}},"20":{"start":{"line":58,"column":16},"end":{"line":58,"column":26}},"21":{"start":{"line":61,"column":12},"end":{"line":65,"column":14}},"22":{"start":{"line":67,"column":12},"end":{"line":69,"column":14}},"23":{"start":{"line":68,"column":16},"end":{"line":68,"column":37}},"24":{"start":{"line":73,"column":4},"end":{"line":495,"column":6}},"25":{"start":{"line":74,"column":8},"end":{"line":494,"column":9}},"26":{"start":{"line":85,"column":16},"end":{"line":89,"column":17}},"27":{"start":{"line":86,"column":33},"end":{"line":86,"column":52}},"28":{"start":{"line":87,"column":20},"end":{"line":87,"column":62}},"29":{"start":{"line":88,"column":20},"end":{"line":88,"column":54}},"30":{"start":{"line":102,"column":16},"end":{"line":104,"column":17}},"31":{"start":{"line":103,"column":20},"end":{"line":103,"column":54}},"32":{"start":{"line":116,"column":16},"end":{"line":118,"column":17}},"33":{"start":{"line":117,"column":20},"end":{"line":117,"column":55}},"34":{"start":{"line":130,"column":16},"end":{"line":132,"column":17}},"35":{"start":{"line":131,"column":20},"end":{"line":131,"column":56}},"36":{"start":{"line":144,"column":16},"end":{"line":146,"column":17}},"37":{"start":{"line":145,"column":20},"end":{"line":145,"column":54}},"38":{"start":{"line":158,"column":16},"end":{"line":160,"column":17}},"39":{"start":{"line":159,"column":20},"end":{"line":159,"column":55}},"40":{"start":{"line":179,"column":16},"end":{"line":181,"column":17}},"41":{"start":{"line":180,"column":20},"end":{"line":180,"column":37}},"42":{"start":{"line":198,"column":16},"end":{"line":200,"column":17}},"43":{"start":{"line":199,"column":20},"end":{"line":199,"column":43}},"44":{"start":{"line":217,"column":16},"end":{"line":225,"column":17}},"45":{"start":{"line":218,"column":20},"end":{"line":224,"column":21}},"46":{"start":{"line":219,"column":24},"end":{"line":219,"column":34}},"47":{"start":{"line":221,"column":24},"end":{"line":223,"column":25}},"48":{"start":{"line":244,"column":16},"end":{"line":284,"column":17}},"49":{"start":{"line":246,"column":45},"end":{"line":257,"column":21}},"50":{"start":{"line":260,"column":36},"end":{"line":260,"column":60}},"51":{"start":{"line":261,"column":20},"end":{"line":266,"column":21}},"52":{"start":{"line":262,"column":24},"end":{"line":264,"column":25}},"53":{"start":{"line":265,"column":24},"end":{"line":265,"column":30}},"54":{"start":{"line":269,"column":39},"end":{"line":269,"column":60}},"55":{"start":{"line":270,"column":34},"end":{"line":270,"column":77}},"56":{"start":{"line":274,"column":42},"end":{"line":274,"column":61}},"57":{"start":{"line":277,"column":20},"end":{"line":283,"column":21}},"58":{"start":{"line":278,"column":24},"end":{"line":278,"column":55}},"59":{"start":{"line":279,"column":24},"end":{"line":279,"column":64}},"60":{"start":{"line":281,"column":24},"end":{"line":281,"column":54}},"61":{"start":{"line":282,"column":24},"end":{"line":282,"column":59}},"62":{"start":{"line":299,"column":16},"end":{"line":338,"column":17}},"63":{"start":{"line":300,"column":20},"end":{"line":313,"column":21}},"64":{"start":{"line":301,"column":24},"end":{"line":304,"column":25}},"65":{"start":{"line":302,"column":28},"end":{"line":302,"column":70}},"66":{"start":{"line":303,"column":28},"end":{"line":303,"column":34}},"67":{"start":{"line":306,"column":24},"end":{"line":311,"column":25}},"68":{"start":{"line":307,"column":28},"end":{"line":309,"column":29}},"69":{"start":{"line":310,"column":28},"end":{"line":310,"column":34}},"70":{"start":{"line":312,"column":24},"end":{"line":312,"column":50}},"71":{"start":{"line":314,"column":20},"end":{"line":321,"column":21}},"72":{"start":{"line":315,"column":24},"end":{"line":318,"column":25}},"73":{"start":{"line":316,"column":28},"end":{"line":316,"column":79}},"74":{"start":{"line":317,"column":28},"end":{"line":317,"column":34}},"75":{"start":{"line":320,"column":24},"end":{"line":320,"column":35}},"76":{"start":{"line":323,"column":20},"end":{"line":330,"column":21}},"77":{"start":{"line":328,"column":24},"end":{"line":328,"column":70}},"78":{"start":{"line":329,"column":24},"end":{"line":329,"column":30}},"79":{"start":{"line":331,"column":20},"end":{"line":337,"column":22}},"80":{"start":{"line":359,"column":16},"end":{"line":492,"column":17}},"81":{"start":{"line":360,"column":20},"end":{"line":369,"column":21}},"82":{"start":{"line":364,"column":24},"end":{"line":367,"column":25}},"83":{"start":{"line":368,"column":24},"end":{"line":368,"column":30}},"84":{"start":{"line":372,"column":20},"end":{"line":376,"column":21}},"85":{"start":{"line":373,"column":24},"end":{"line":373,"column":33}},"86":{"start":{"line":375,"column":24},"end":{"line":375,"column":43}},"87":{"start":{"line":378,"column":20},"end":{"line":387,"column":21}},"88":{"start":{"line":384,"column":24},"end":{"line":385,"column":100}},"89":{"start":{"line":386,"column":24},"end":{"line":386,"column":30}},"90":{"start":{"line":389,"column":37},"end":{"line":389,"column":64}},"91":{"start":{"line":390,"column":20},"end":{"line":392,"column":21}},"92":{"start":{"line":391,"column":24},"end":{"line":391,"column":42}},"93":{"start":{"line":394,"column":35},"end":{"line":394,"column":53}},"94":{"start":{"line":397,"column":20},"end":{"line":399,"column":21}},"95":{"start":{"line":398,"column":24},"end":{"line":398,"column":57}},"96":{"start":{"line":400,"column":20},"end":{"line":405,"column":21}},"97":{"start":{"line":401,"column":36},"end":{"line":401,"column":56}},"98":{"start":{"line":402,"column":24},"end":{"line":404,"column":25}},"99":{"start":{"line":403,"column":28},"end":{"line":403,"column":67}},"100":{"start":{"line":406,"column":20},"end":{"line":411,"column":21}},"101":{"start":{"line":407,"column":36},"end":{"line":407,"column":71}},"102":{"start":{"line":408,"column":24},"end":{"line":410,"column":25}},"103":{"start":{"line":409,"column":28},"end":{"line":409,"column":67}},"104":{"start":{"line":413,"column":20},"end":{"line":418,"column":21}},"105":{"start":{"line":414,"column":24},"end":{"line":417,"column":25}},"106":{"start":{"line":419,"column":33},"end":{"line":419,"column":35}},"107":{"start":{"line":420,"column":20},"end":{"line":422,"column":21}},"108":{"start":{"line":421,"column":41},"end":{"line":421,"column":71}},"109":{"start":{"line":423,"column":33},"end":{"line":423,"column":35}},"110":{"start":{"line":425,"column":20},"end":{"line":435,"column":21}},"111":{"start":{"line":426,"column":24},"end":{"line":428,"column":25}},"112":{"start":{"line":427,"column":28},"end":{"line":427,"column":48}},"113":{"start":{"line":429,"column":24},"end":{"line":431,"column":25}},"114":{"start":{"line":430,"column":28},"end":{"line":430,"column":48}},"115":{"start":{"line":432,"column":24},"end":{"line":434,"column":25}},"116":{"start":{"line":433,"column":28},"end":{"line":433,"column":48}},"117":{"start":{"line":437,"column":20},"end":{"line":444,"column":21}},"118":{"start":{"line":442,"column":24},"end":{"line":442,"column":70}},"119":{"start":{"line":443,"column":24},"end":{"line":443,"column":30}},"120":{"start":{"line":446,"column":20},"end":{"line":451,"column":21}},"121":{"start":{"line":447,"column":24},"end":{"line":449,"column":25}},"122":{"start":{"line":450,"column":24},"end":{"line":450,"column":30}},"123":{"start":{"line":454,"column":20},"end":{"line":461,"column":22}},"124":{"start":{"line":463,"column":20},"end":{"line":490,"column":21}},"125":{"start":{"line":464,"column":36},"end":{"line":464,"column":60}},"126":{"start":{"line":465,"column":24},"end":{"line":471,"column":26}},"127":{"start":{"line":466,"column":28},"end":{"line":470,"column":29}},"128":{"start":{"line":467,"column":32},"end":{"line":467,"column":64}},"129":{"start":{"line":469,"column":32},"end":{"line":469,"column":60}},"130":{"start":{"line":473,"column":24},"end":{"line":479,"column":26}},"131":{"start":{"line":474,"column":28},"end":{"line":478,"column":29}},"132":{"start":{"line":475,"column":32},"end":{"line":475,"column":70}},"133":{"start":{"line":477,"column":32},"end":{"line":477,"column":60}},"134":{"start":{"line":481,"column":24},"end":{"line":488,"column":26}},"135":{"start":{"line":482,"column":28},"end":{"line":487,"column":29}},"136":{"start":{"line":486,"column":32},"end":{"line":486,"column":60}},"137":{"start":{"line":489,"column":24},"end":{"line":489,"column":61}},"138":{"start":{"line":491,"column":20},"end":{"line":491,"column":26}},"139":{"start":{"line":497,"column":22},"end":{"line":503,"column":5}},"140":{"start":{"line":498,"column":19},"end":{"line":498,"column":21}},"141":{"start":{"line":499,"column":8},"end":{"line":501,"column":9}},"142":{"start":{"line":500,"column":12},"end":{"line":500,"column":61}},"143":{"start":{"line":502,"column":8},"end":{"line":502,"column":19}},"144":{"start":{"line":505,"column":23},"end":{"line":509,"column":5}},"145":{"start":{"line":506,"column":23},"end":{"line":506,"column":57}},"146":{"start":{"line":507,"column":8},"end":{"line":507,"column":39}},"147":{"start":{"line":508,"column":8},"end":{"line":508,"column":42}},"148":{"start":{"line":511,"column":22},"end":{"line":515,"column":5}},"149":{"start":{"line":512,"column":23},"end":{"line":512,"column":57}},"150":{"start":{"line":513,"column":8},"end":{"line":513,"column":39}},"151":{"start":{"line":514,"column":8},"end":{"line":514,"column":42}},"152":{"start":{"line":517,"column":25},"end":{"line":527,"column":5}},"153":{"start":{"line":518,"column":8},"end":{"line":521,"column":9}},"154":{"start":{"line":519,"column":12},"end":{"line":519,"column":48}},"155":{"start":{"line":520,"column":12},"end":{"line":520,"column":18}},"156":{"start":{"line":522,"column":8},"end":{"line":526,"column":10}},"157":{"start":{"line":524,"column":16},"end":{"line":524,"column":49}},"158":{"start":{"line":529,"column":25},"end":{"line":531,"column":5}},"159":{"start":{"line":530,"column":8},"end":{"line":530,"column":57}},"160":{"start":{"line":533,"column":26},"end":{"line":535,"column":5}},"161":{"start":{"line":534,"column":8},"end":{"line":534,"column":45}},"162":{"start":{"line":537,"column":26},"end":{"line":541,"column":5}},"163":{"start":{"line":538,"column":23},"end":{"line":538,"column":41}},"164":{"start":{"line":539,"column":8},"end":{"line":539,"column":45}},"165":{"start":{"line":540,"column":8},"end":{"line":540,"column":34}},"166":{"start":{"line":543,"column":27},"end":{"line":547,"column":5}},"167":{"start":{"line":544,"column":23},"end":{"line":544,"column":41}},"168":{"start":{"line":545,"column":8},"end":{"line":545,"column":46}},"169":{"start":{"line":546,"column":8},"end":{"line":546,"column":34}},"170":{"start":{"line":549,"column":26},"end":{"line":551,"column":5}},"171":{"start":{"line":550,"column":8},"end":{"line":550,"column":19}},"172":{"start":{"line":553,"column":32},"end":{"line":555,"column":5}},"173":{"start":{"line":554,"column":8},"end":{"line":554,"column":33}},"174":{"start":{"line":557,"column":33},"end":{"line":615,"column":5}},"175":{"start":{"line":558,"column":8},"end":{"line":561,"column":9}},"176":{"start":{"line":559,"column":12},"end":{"line":559,"column":51}},"177":{"start":{"line":560,"column":12},"end":{"line":560,"column":18}},"178":{"start":{"line":562,"column":8},"end":{"line":565,"column":9}},"179":{"start":{"line":563,"column":12},"end":{"line":563,"column":51}},"180":{"start":{"line":564,"column":12},"end":{"line":564,"column":18}},"181":{"start":{"line":567,"column":27},"end":{"line":567,"column":36}},"182":{"start":{"line":568,"column":8},"end":{"line":607,"column":10}},"183":{"start":{"line":569,"column":12},"end":{"line":572,"column":13}},"184":{"start":{"line":570,"column":16},"end":{"line":570,"column":54}},"185":{"start":{"line":571,"column":16},"end":{"line":571,"column":22}},"186":{"start":{"line":573,"column":12},"end":{"line":576,"column":13}},"187":{"start":{"line":574,"column":16},"end":{"line":574,"column":59}},"188":{"start":{"line":575,"column":16},"end":{"line":575,"column":22}},"189":{"start":{"line":578,"column":26},"end":{"line":578,"column":53}},"190":{"start":{"line":579,"column":12},"end":{"line":584,"column":13}},"191":{"start":{"line":580,"column":16},"end":{"line":582,"column":17}},"192":{"start":{"line":583,"column":16},"end":{"line":583,"column":22}},"193":{"start":{"line":586,"column":12},"end":{"line":591,"column":13}},"194":{"start":{"line":587,"column":16},"end":{"line":589,"column":17}},"195":{"start":{"line":590,"column":16},"end":{"line":590,"column":22}},"196":{"start":{"line":592,"column":30},"end":{"line":592,"column":38}},"197":{"start":{"line":594,"column":12},"end":{"line":596,"column":13}},"198":{"start":{"line":595,"column":16},"end":{"line":595,"column":22}},"199":{"start":{"line":597,"column":12},"end":{"line":599,"column":13}},"200":{"start":{"line":598,"column":16},"end":{"line":598,"column":22}},"201":{"start":{"line":600,"column":12},"end":{"line":600,"column":37}},"202":{"start":{"line":601,"column":28},"end":{"line":601,"column":51}},"203":{"start":{"line":602,"column":12},"end":{"line":606,"column":14}},"204":{"start":{"line":609,"column":8},"end":{"line":611,"column":9}},"205":{"start":{"line":610,"column":12},"end":{"line":610,"column":40}},"206":{"start":{"line":612,"column":8},"end":{"line":614,"column":10}},"207":{"start":{"line":613,"column":12},"end":{"line":613,"column":44}},"208":{"start":{"line":617,"column":32},"end":{"line":679,"column":5}},"209":{"start":{"line":618,"column":21},"end":{"line":624,"column":9}},"210":{"start":{"line":625,"column":28},"end":{"line":625,"column":67}},"211":{"start":{"line":626,"column":8},"end":{"line":626,"column":41}},"212":{"start":{"line":627,"column":8},"end":{"line":647,"column":9}},"213":{"start":{"line":628,"column":25},"end":{"line":630,"column":13}},"214":{"start":{"line":632,"column":12},"end":{"line":632,"column":43}},"215":{"start":{"line":633,"column":32},"end":{"line":641,"column":17}},"216":{"start":{"line":634,"column":16},"end":{"line":641,"column":17}},"217":{"start":{"line":638,"column":24},"end":{"line":640,"column":74}},"218":{"start":{"line":643,"column":25},"end":{"line":643,"column":42}},"219":{"start":{"line":644,"column":12},"end":{"line":646,"column":14}},"220":{"start":{"line":645,"column":16},"end":{"line":645,"column":46}},"221":{"start":{"line":649,"column":8},"end":{"line":678,"column":9}},"222":{"start":{"line":650,"column":26},"end":{"line":652,"column":13}},"223":{"start":{"line":653,"column":12},"end":{"line":660,"column":13}},"224":{"start":{"line":653,"column":25},"end":{"line":653,"column":26}},"225":{"start":{"line":654,"column":16},"end":{"line":659,"column":17}},"226":{"start":{"line":658,"column":20},"end":{"line":658,"column":55}},"227":{"start":{"line":662,"column":12},"end":{"line":677,"column":13}},"228":{"start":{"line":663,"column":30},"end":{"line":667,"column":17}},"229":{"start":{"line":669,"column":16},"end":{"line":676,"column":17}},"230":{"start":{"line":669,"column":29},"end":{"line":669,"column":30}},"231":{"start":{"line":670,"column":20},"end":{"line":675,"column":21}},"232":{"start":{"line":674,"column":24},"end":{"line":674,"column":59}},"233":{"start":{"line":681,"column":17},"end":{"line":737,"column":5}},"234":{"start":{"line":682,"column":8},"end":{"line":684,"column":9}},"235":{"start":{"line":683,"column":12},"end":{"line":683,"column":52}},"236":{"start":{"line":686,"column":8},"end":{"line":686,"column":51}},"237":{"start":{"line":688,"column":29},"end":{"line":688,"column":60}},"238":{"start":{"line":690,"column":29},"end":{"line":692,"column":26}},"239":{"start":{"line":694,"column":8},"end":{"line":694,"column":54}},"240":{"start":{"line":695,"column":8},"end":{"line":698,"column":10}},"241":{"start":{"line":700,"column":8},"end":{"line":706,"column":9}},"242":{"start":{"line":701,"column":12},"end":{"line":701,"column":58}},"243":{"start":{"line":702,"column":12},"end":{"line":705,"column":14}},"244":{"start":{"line":708,"column":8},"end":{"line":736,"column":9}},"245":{"start":{"line":710,"column":25},"end":{"line":710,"column":49}},"246":{"start":{"line":711,"column":12},"end":{"line":735,"column":18}},"247":{"start":{"line":721,"column":20},"end":{"line":724,"column":21}},"248":{"start":{"line":722,"column":24},"end":{"line":722,"column":59}},"249":{"start":{"line":723,"column":24},"end":{"line":723,"column":30}},"250":{"start":{"line":725,"column":20},"end":{"line":725,"column":42}},"251":{"start":{"line":728,"column":20},"end":{"line":728,"column":54}},"252":{"start":{"line":731,"column":20},"end":{"line":734,"column":21}},"253":{"start":{"line":739,"column":4},"end":{"line":739,"column":24}},"254":{"start":{"line":742,"column":17},"end":{"line":744,"column":1}},"255":{"start":{"line":743,"column":4},"end":{"line":743,"column":68}}},"fnMap":{"0":{"name":"(anonymous_0)","decl":{"start":{"line":4,"column":15},"end":{"line":4,"column":16}},"loc":{"start":{"line":4,"column":27},"end":{"line":740,"column":1}},"line":4},"1":{"name":"(anonymous_1)","decl":{"start":{"line":5,"column":35},"end":{"line":5,"column":36}},"loc":{"start":{"line":5,"column":41},"end":{"line":10,"column":5}},"line":5},"2":{"name":"(anonymous_2)","decl":{"start":{"line":8,"column":18},"end":{"line":8,"column":19}},"loc":{"start":{"line":8,"column":27},"end":{"line":8,"column":59}},"line":8},"3":{"name":"(anonymous_3)","decl":{"start":{"line":24,"column":18},"end":{"line":24,"column":19}},"loc":{"start":{"line":24,"column":32},"end":{"line":32,"column":13}},"line":24},"4":{"name":"(anonymous_4)","decl":{"start":{"line":28,"column":55},"end":{"line":28,"column":56}},"loc":{"start":{"line":29,"column":24},"end":{"line":29,"column":52}},"line":29},"5":{"name":"(anonymous_5)","decl":{"start":{"line":33,"column":19},"end":{"line":33,"column":20}},"loc":{"start":{"line":33,"column":30},"end":{"line":35,"column":13}},"line":33},"6":{"name":"(anonymous_6)","decl":{"start":{"line":40,"column":42},"end":{"line":40,"column":43}},"loc":{"start":{"line":40,"column":48},"end":{"line":42,"column":5}},"line":40},"7":{"name":"(anonymous_7)","decl":{"start":{"line":52,"column":8},"end":{"line":52,"column":9}},"loc":{"start":{"line":52,"column":71},"end":{"line":70,"column":9}},"line":52},"8":{"name":"(anonymous_8)","decl":{"start":{"line":57,"column":48},"end":{"line":57,"column":49}},"loc":{"start":{"line":57,"column":54},"end":{"line":59,"column":13}},"line":57},"9":{"name":"(anonymous_9)","decl":{"start":{"line":67,"column":20},"end":{"line":67,"column":21}},"loc":{"start":{"line":67,"column":26},"end":{"line":69,"column":13}},"line":67},"10":{"name":"(anonymous_10)","decl":{"start":{"line":73,"column":24},"end":{"line":73,"column":25}},"loc":{"start":{"line":73,"column":44},"end":{"line":495,"column":5}},"line":73},"11":{"name":"(anonymous_11)","decl":{"start":{"line":84,"column":12},"end":{"line":84,"column":13}},"loc":{"start":{"line":84,"column":22},"end":{"line":90,"column":13}},"line":84},"12":{"name":"(anonymous_12)","decl":{"start":{"line":85,"column":23},"end":{"line":85,"column":24}},"loc":{"start":{"line":85,"column":40},"end":{"line":89,"column":17}},"line":85},"13":{"name":"(anonymous_13)","decl":{"start":{"line":101,"column":12},"end":{"line":101,"column":13}},"loc":{"start":{"line":101,"column":24},"end":{"line":105,"column":13}},"line":101},"14":{"name":"(anonymous_14)","decl":{"start":{"line":102,"column":23},"end":{"line":102,"column":24}},"loc":{"start":{"line":102,"column":40},"end":{"line":104,"column":17}},"line":102},"15":{"name":"(anonymous_15)","decl":{"start":{"line":115,"column":12},"end":{"line":115,"column":13}},"loc":{"start":{"line":115,"column":23},"end":{"line":119,"column":13}},"line":115},"16":{"name":"(anonymous_16)","decl":{"start":{"line":116,"column":23},"end":{"line":116,"column":24}},"loc":{"start":{"line":116,"column":40},"end":{"line":118,"column":17}},"line":116},"17":{"name":"(anonymous_17)","decl":{"start":{"line":129,"column":12},"end":{"line":129,"column":13}},"loc":{"start":{"line":129,"column":24},"end":{"line":133,"column":13}},"line":129},"18":{"name":"(anonymous_18)","decl":{"start":{"line":130,"column":23},"end":{"line":130,"column":24}},"loc":{"start":{"line":130,"column":40},"end":{"line":132,"column":17}},"line":130},"19":{"name":"(anonymous_19)","decl":{"start":{"line":143,"column":12},"end":{"line":143,"column":13}},"loc":{"start":{"line":143,"column":22},"end":{"line":147,"column":13}},"line":143},"20":{"name":"(anonymous_20)","decl":{"start":{"line":144,"column":23},"end":{"line":144,"column":24}},"loc":{"start":{"line":144,"column":40},"end":{"line":146,"column":17}},"line":144},"21":{"name":"(anonymous_21)","decl":{"start":{"line":157,"column":12},"end":{"line":157,"column":13}},"loc":{"start":{"line":157,"column":23},"end":{"line":161,"column":13}},"line":157},"22":{"name":"(anonymous_22)","decl":{"start":{"line":158,"column":23},"end":{"line":158,"column":24}},"loc":{"start":{"line":158,"column":40},"end":{"line":160,"column":17}},"line":158},"23":{"name":"(anonymous_23)","decl":{"start":{"line":178,"column":12},"end":{"line":178,"column":13}},"loc":{"start":{"line":178,"column":23},"end":{"line":182,"column":13}},"line":178},"24":{"name":"(anonymous_24)","decl":{"start":{"line":179,"column":23},"end":{"line":179,"column":24}},"loc":{"start":{"line":179,"column":40},"end":{"line":181,"column":17}},"line":179},"25":{"name":"(anonymous_25)","decl":{"start":{"line":197,"column":12},"end":{"line":197,"column":13}},"loc":{"start":{"line":197,"column":29},"end":{"line":201,"column":13}},"line":197},"26":{"name":"(anonymous_26)","decl":{"start":{"line":198,"column":23},"end":{"line":198,"column":24}},"loc":{"start":{"line":198,"column":40},"end":{"line":200,"column":17}},"line":198},"27":{"name":"(anonymous_27)","decl":{"start":{"line":216,"column":12},"end":{"line":216,"column":13}},"loc":{"start":{"line":216,"column":20},"end":{"line":226,"column":13}},"line":216},"28":{"name":"(anonymous_28)","decl":{"start":{"line":217,"column":23},"end":{"line":217,"column":24}},"loc":{"start":{"line":217,"column":40},"end":{"line":225,"column":17}},"line":217},"29":{"name":"(anonymous_29)","decl":{"start":{"line":243,"column":12},"end":{"line":243,"column":13}},"loc":{"start":{"line":243,"column":29},"end":{"line":285,"column":13}},"line":243},"30":{"name":"(anonymous_30)","decl":{"start":{"line":244,"column":23},"end":{"line":244,"column":24}},"loc":{"start":{"line":244,"column":40},"end":{"line":284,"column":17}},"line":244},"31":{"name":"(anonymous_31)","decl":{"start":{"line":298,"column":12},"end":{"line":298,"column":13}},"loc":{"start":{"line":298,"column":37},"end":{"line":339,"column":13}},"line":298},"32":{"name":"(anonymous_32)","decl":{"start":{"line":299,"column":23},"end":{"line":299,"column":24}},"loc":{"start":{"line":299,"column":40},"end":{"line":338,"column":17}},"line":299},"33":{"name":"(anonymous_33)","decl":{"start":{"line":358,"column":12},"end":{"line":358,"column":13}},"loc":{"start":{"line":358,"column":25},"end":{"line":493,"column":13}},"line":358},"34":{"name":"(anonymous_34)","decl":{"start":{"line":359,"column":23},"end":{"line":359,"column":24}},"loc":{"start":{"line":359,"column":40},"end":{"line":492,"column":17}},"line":359},"35":{"name":"(anonymous_35)","decl":{"start":{"line":421,"column":24},"end":{"line":421,"column":25}},"loc":{"start":{"line":421,"column":41},"end":{"line":421,"column":71}},"line":421},"36":{"name":"(anonymous_36)","decl":{"start":{"line":465,"column":41},"end":{"line":465,"column":42}},"loc":{"start":{"line":465,"column":57},"end":{"line":471,"column":25}},"line":465},"37":{"name":"(anonymous_37)","decl":{"start":{"line":473,"column":52},"end":{"line":473,"column":53}},"loc":{"start":{"line":473,"column":61},"end":{"line":479,"column":25}},"line":473},"38":{"name":"(anonymous_38)","decl":{"start":{"line":481,"column":49},"end":{"line":481,"column":50}},"loc":{"start":{"line":481,"column":65},"end":{"line":488,"column":25}},"line":481},"39":{"name":"(anonymous_39)","decl":{"start":{"line":497,"column":22},"end":{"line":497,"column":23}},"loc":{"start":{"line":497,"column":33},"end":{"line":503,"column":5}},"line":497},"40":{"name":"(anonymous_40)","decl":{"start":{"line":505,"column":23},"end":{"line":505,"column":24}},"loc":{"start":{"line":505,"column":39},"end":{"line":509,"column":5}},"line":505},"41":{"name":"(anonymous_41)","decl":{"start":{"line":511,"column":22},"end":{"line":511,"column":23}},"loc":{"start":{"line":511,"column":38},"end":{"line":515,"column":5}},"line":511},"42":{"name":"(anonymous_42)","decl":{"start":{"line":517,"column":25},"end":{"line":517,"column":26}},"loc":{"start":{"line":517,"column":40},"end":{"line":527,"column":5}},"line":517},"43":{"name":"(anonymous_43)","decl":{"start":{"line":523,"column":12},"end":{"line":523,"column":13}},"loc":{"start":{"line":523,"column":20},"end":{"line":525,"column":13}},"line":523},"44":{"name":"(anonymous_44)","decl":{"start":{"line":529,"column":25},"end":{"line":529,"column":26}},"loc":{"start":{"line":529,"column":40},"end":{"line":531,"column":5}},"line":529},"45":{"name":"(anonymous_45)","decl":{"start":{"line":533,"column":26},"end":{"line":533,"column":27}},"loc":{"start":{"line":533,"column":41},"end":{"line":535,"column":5}},"line":533},"46":{"name":"(anonymous_46)","decl":{"start":{"line":537,"column":26},"end":{"line":537,"column":27}},"loc":{"start":{"line":537,"column":41},"end":{"line":541,"column":5}},"line":537},"47":{"name":"(anonymous_47)","decl":{"start":{"line":543,"column":27},"end":{"line":543,"column":28}},"loc":{"start":{"line":543,"column":42},"end":{"line":547,"column":5}},"line":543},"48":{"name":"(anonymous_48)","decl":{"start":{"line":549,"column":26},"end":{"line":549,"column":27}},"loc":{"start":{"line":549,"column":34},"end":{"line":551,"column":5}},"line":549},"49":{"name":"(anonymous_49)","decl":{"start":{"line":553,"column":32},"end":{"line":553,"column":33}},"loc":{"start":{"line":553,"column":40},"end":{"line":555,"column":5}},"line":553},"50":{"name":"(anonymous_50)","decl":{"start":{"line":557,"column":33},"end":{"line":557,"column":34}},"loc":{"start":{"line":557,"column":51},"end":{"line":615,"column":5}},"line":557},"51":{"name":"(anonymous_51)","decl":{"start":{"line":568,"column":29},"end":{"line":568,"column":30}},"loc":{"start":{"line":568,"column":46},"end":{"line":607,"column":9}},"line":568},"52":{"name":"(anonymous_52)","decl":{"start":{"line":612,"column":29},"end":{"line":612,"column":30}},"loc":{"start":{"line":612,"column":46},"end":{"line":614,"column":9}},"line":612},"53":{"name":"(anonymous_53)","decl":{"start":{"line":617,"column":32},"end":{"line":617,"column":33}},"loc":{"start":{"line":617,"column":49},"end":{"line":679,"column":5}},"line":617},"54":{"name":"(anonymous_54)","decl":{"start":{"line":633,"column":32},"end":{"line":633,"column":33}},"loc":{"start":{"line":634,"column":16},"end":{"line":641,"column":17}},"line":634},"55":{"name":"(anonymous_55)","decl":{"start":{"line":637,"column":20},"end":{"line":637,"column":21}},"loc":{"start":{"line":638,"column":24},"end":{"line":640,"column":74}},"line":638},"56":{"name":"(anonymous_56)","decl":{"start":{"line":644,"column":25},"end":{"line":644,"column":26}},"loc":{"start":{"line":644,"column":34},"end":{"line":646,"column":13}},"line":644},"57":{"name":"(anonymous_57)","decl":{"start":{"line":681,"column":17},"end":{"line":681,"column":18}},"loc":{"start":{"line":681,"column":31},"end":{"line":737,"column":5}},"line":681},"58":{"name":"(anonymous_58)","decl":{"start":{"line":720,"column":22},"end":{"line":720,"column":23}},"loc":{"start":{"line":720,"column":36},"end":{"line":726,"column":17}},"line":720},"59":{"name":"(anonymous_59)","decl":{"start":{"line":727,"column":22},"end":{"line":727,"column":23}},"loc":{"start":{"line":727,"column":40},"end":{"line":729,"column":17}},"line":727},"60":{"name":"(anonymous_60)","decl":{"start":{"line":730,"column":23},"end":{"line":730,"column":24}},"loc":{"start":{"line":730,"column":34},"end":{"line":735,"column":17}},"line":730},"61":{"name":"(anonymous_61)","decl":{"start":{"line":742,"column":17},"end":{"line":742,"column":18}},"loc":{"start":{"line":742,"column":26},"end":{"line":744,"column":1}},"line":742}},"branchMap":{"0":{"loc":{"start":{"line":14,"column":4},"end":{"line":16,"column":5}},"type":"if","locations":[{"start":{"line":14,"column":4},"end":{"line":16,"column":5}},{"start":{},"end":{}}],"line":14},"1":{"loc":{"start":{"line":19,"column":4},"end":{"line":38,"column":5}},"type":"if","locations":[{"start":{"line":19,"column":4},"end":{"line":38,"column":5}},{"start":{"line":36,"column":11},"end":{"line":38,"column":5}}],"line":19},"2":{"loc":{"start":{"line":25,"column":16},"end":{"line":31,"column":17}},"type":"if","locations":[{"start":{"line":25,"column":16},"end":{"line":31,"column":17}},{"start":{},"end":{}}],"line":25},"3":{"loc":{"start":{"line":218,"column":20},"end":{"line":224,"column":21}},"type":"if","locations":[{"start":{"line":218,"column":20},"end":{"line":224,"column":21}},{"start":{"line":220,"column":27},"end":{"line":224,"column":21}}],"line":218},"4":{"loc":{"start":{"line":261,"column":20},"end":{"line":266,"column":21}},"type":"if","locations":[{"start":{"line":261,"column":20},"end":{"line":266,"column":21}},{"start":{},"end":{}}],"line":261},"5":{"loc":{"start":{"line":270,"column":34},"end":{"line":270,"column":77}},"type":"cond-expr","locations":[{"start":{"line":270,"column":59},"end":{"line":270,"column":72}},{"start":{"line":270,"column":75},"end":{"line":270,"column":77}}],"line":270},"6":{"loc":{"start":{"line":277,"column":20},"end":{"line":283,"column":21}},"type":"if","locations":[{"start":{"line":277,"column":20},"end":{"line":283,"column":21}},{"start":{"line":280,"column":27},"end":{"line":283,"column":21}}],"line":277},"7":{"loc":{"start":{"line":300,"column":20},"end":{"line":313,"column":21}},"type":"if","locations":[{"start":{"line":300,"column":20},"end":{"line":313,"column":21}},{"start":{"line":305,"column":27},"end":{"line":313,"column":21}}],"line":300},"8":{"loc":{"start":{"line":301,"column":24},"end":{"line":304,"column":25}},"type":"if","locations":[{"start":{"line":301,"column":24},"end":{"line":304,"column":25}},{"start":{},"end":{}}],"line":301},"9":{"loc":{"start":{"line":306,"column":24},"end":{"line":311,"column":25}},"type":"if","locations":[{"start":{"line":306,"column":24},"end":{"line":311,"column":25}},{"start":{},"end":{}}],"line":306},"10":{"loc":{"start":{"line":314,"column":20},"end":{"line":321,"column":21}},"type":"if","locations":[{"start":{"line":314,"column":20},"end":{"line":321,"column":21}},{"start":{"line":319,"column":27},"end":{"line":321,"column":21}}],"line":314},"11":{"loc":{"start":{"line":315,"column":24},"end":{"line":318,"column":25}},"type":"if","locations":[{"start":{"line":315,"column":24},"end":{"line":318,"column":25}},{"start":{},"end":{}}],"line":315},"12":{"loc":{"start":{"line":323,"column":20},"end":{"line":330,"column":21}},"type":"if","locations":[{"start":{"line":323,"column":20},"end":{"line":330,"column":21}},{"start":{},"end":{}}],"line":323},"13":{"loc":{"start":{"line":324,"column":24},"end":{"line":326,"column":47}},"type":"binary-expr","locations":[{"start":{"line":324,"column":24},"end":{"line":324,"column":30}},{"start":{"line":325,"column":24},"end":{"line":325,"column":47}},{"start":{"line":326,"column":24},"end":{"line":326,"column":47}}],"line":324},"14":{"loc":{"start":{"line":360,"column":20},"end":{"line":369,"column":21}},"type":"if","locations":[{"start":{"line":360,"column":20},"end":{"line":369,"column":21}},{"start":{},"end":{}}],"line":360},"15":{"loc":{"start":{"line":361,"column":24},"end":{"line":362,"column":56}},"type":"binary-expr","locations":[{"start":{"line":361,"column":24},"end":{"line":361,"column":47}},{"start":{"line":362,"column":24},"end":{"line":362,"column":56}}],"line":361},"16":{"loc":{"start":{"line":372,"column":20},"end":{"line":376,"column":21}},"type":"if","locations":[{"start":{"line":372,"column":20},"end":{"line":376,"column":21}},{"start":{"line":374,"column":27},"end":{"line":376,"column":21}}],"line":372},"17":{"loc":{"start":{"line":378,"column":20},"end":{"line":387,"column":21}},"type":"if","locations":[{"start":{"line":378,"column":20},"end":{"line":387,"column":21}},{"start":{},"end":{}}],"line":378},"18":{"loc":{"start":{"line":379,"column":24},"end":{"line":382,"column":72}},"type":"binary-expr","locations":[{"start":{"line":379,"column":25},"end":{"line":379,"column":49}},{"start":{"line":380,"column":28},"end":{"line":380,"column":40}},{"start":{"line":381,"column":28},"end":{"line":381,"column":44}},{"start":{"line":382,"column":25},"end":{"line":382,"column":40}},{"start":{"line":382,"column":44},"end":{"line":382,"column":71}}],"line":379},"19":{"loc":{"start":{"line":390,"column":20},"end":{"line":392,"column":21}},"type":"if","locations":[{"start":{"line":390,"column":20},"end":{"line":392,"column":21}},{"start":{},"end":{}}],"line":390},"20":{"loc":{"start":{"line":397,"column":20},"end":{"line":399,"column":21}},"type":"if","locations":[{"start":{"line":397,"column":20},"end":{"line":399,"column":21}},{"start":{},"end":{}}],"line":397},"21":{"loc":{"start":{"line":400,"column":20},"end":{"line":405,"column":21}},"type":"if","locations":[{"start":{"line":400,"column":20},"end":{"line":405,"column":21}},{"start":{},"end":{}}],"line":400},"22":{"loc":{"start":{"line":402,"column":24},"end":{"line":404,"column":25}},"type":"if","locations":[{"start":{"line":402,"column":24},"end":{"line":404,"column":25}},{"start":{},"end":{}}],"line":402},"23":{"loc":{"start":{"line":406,"column":20},"end":{"line":411,"column":21}},"type":"if","locations":[{"start":{"line":406,"column":20},"end":{"line":411,"column":21}},{"start":{},"end":{}}],"line":406},"24":{"loc":{"start":{"line":406,"column":24},"end":{"line":406,"column":69}},"type":"binary-expr","locations":[{"start":{"line":406,"column":24},"end":{"line":406,"column":39}},{"start":{"line":406,"column":43},"end":{"line":406,"column":69}}],"line":406},"25":{"loc":{"start":{"line":408,"column":24},"end":{"line":410,"column":25}},"type":"if","locations":[{"start":{"line":408,"column":24},"end":{"line":410,"column":25}},{"start":{},"end":{}}],"line":408},"26":{"loc":{"start":{"line":413,"column":20},"end":{"line":418,"column":21}},"type":"if","locations":[{"start":{"line":413,"column":20},"end":{"line":418,"column":21}},{"start":{},"end":{}}],"line":413},"27":{"loc":{"start":{"line":413,"column":24},"end":{"line":413,"column":63}},"type":"binary-expr","locations":[{"start":{"line":413,"column":24},"end":{"line":413,"column":39}},{"start":{"line":413,"column":43},"end":{"line":413,"column":63}}],"line":413},"28":{"loc":{"start":{"line":425,"column":20},"end":{"line":435,"column":21}},"type":"if","locations":[{"start":{"line":425,"column":20},"end":{"line":435,"column":21}},{"start":{},"end":{}}],"line":425},"29":{"loc":{"start":{"line":426,"column":24},"end":{"line":428,"column":25}},"type":"if","locations":[{"start":{"line":426,"column":24},"end":{"line":428,"column":25}},{"start":{},"end":{}}],"line":426},"30":{"loc":{"start":{"line":429,"column":24},"end":{"line":431,"column":25}},"type":"if","locations":[{"start":{"line":429,"column":24},"end":{"line":431,"column":25}},{"start":{},"end":{}}],"line":429},"31":{"loc":{"start":{"line":432,"column":24},"end":{"line":434,"column":25}},"type":"if","locations":[{"start":{"line":432,"column":24},"end":{"line":434,"column":25}},{"start":{},"end":{}}],"line":432},"32":{"loc":{"start":{"line":437,"column":20},"end":{"line":444,"column":21}},"type":"if","locations":[{"start":{"line":437,"column":20},"end":{"line":444,"column":21}},{"start":{},"end":{}}],"line":437},"33":{"loc":{"start":{"line":438,"column":24},"end":{"line":440,"column":47}},"type":"binary-expr","locations":[{"start":{"line":438,"column":24},"end":{"line":438,"column":30}},{"start":{"line":439,"column":24},"end":{"line":439,"column":47}},{"start":{"line":440,"column":24},"end":{"line":440,"column":47}}],"line":438},"34":{"loc":{"start":{"line":446,"column":20},"end":{"line":451,"column":21}},"type":"if","locations":[{"start":{"line":446,"column":20},"end":{"line":451,"column":21}},{"start":{},"end":{}}],"line":446},"35":{"loc":{"start":{"line":463,"column":20},"end":{"line":490,"column":21}},"type":"if","locations":[{"start":{"line":463,"column":20},"end":{"line":490,"column":21}},{"start":{},"end":{}}],"line":463},"36":{"loc":{"start":{"line":466,"column":28},"end":{"line":470,"column":29}},"type":"if","locations":[{"start":{"line":466,"column":28},"end":{"line":470,"column":29}},{"start":{"line":468,"column":35},"end":{"line":470,"column":29}}],"line":466},"37":{"loc":{"start":{"line":474,"column":28},"end":{"line":478,"column":29}},"type":"if","locations":[{"start":{"line":474,"column":28},"end":{"line":478,"column":29}},{"start":{"line":476,"column":35},"end":{"line":478,"column":29}}],"line":474},"38":{"loc":{"start":{"line":482,"column":28},"end":{"line":487,"column":29}},"type":"if","locations":[{"start":{"line":482,"column":28},"end":{"line":487,"column":29}},{"start":{},"end":{}}],"line":482},"39":{"loc":{"start":{"line":483,"column":32},"end":{"line":484,"column":59}},"type":"binary-expr","locations":[{"start":{"line":483,"column":32},"end":{"line":483,"column":50}},{"start":{"line":484,"column":32},"end":{"line":484,"column":59}}],"line":483},"40":{"loc":{"start":{"line":499,"column":8},"end":{"line":501,"column":9}},"type":"if","locations":[{"start":{"line":499,"column":8},"end":{"line":501,"column":9}},{"start":{},"end":{}}],"line":499},"41":{"loc":{"start":{"line":500,"column":19},"end":{"line":500,"column":61}},"type":"cond-expr","locations":[{"start":{"line":500,"column":39},"end":{"line":500,"column":56}},{"start":{"line":500,"column":59},"end":{"line":500,"column":61}}],"line":500},"42":{"loc":{"start":{"line":518,"column":8},"end":{"line":521,"column":9}},"type":"if","locations":[{"start":{"line":518,"column":8},"end":{"line":521,"column":9}},{"start":{},"end":{}}],"line":518},"43":{"loc":{"start":{"line":558,"column":8},"end":{"line":561,"column":9}},"type":"if","locations":[{"start":{"line":558,"column":8},"end":{"line":561,"column":9}},{"start":{},"end":{}}],"line":558},"44":{"loc":{"start":{"line":562,"column":8},"end":{"line":565,"column":9}},"type":"if","locations":[{"start":{"line":562,"column":8},"end":{"line":565,"column":9}},{"start":{},"end":{}}],"line":562},"45":{"loc":{"start":{"line":569,"column":12},"end":{"line":572,"column":13}},"type":"if","locations":[{"start":{"line":569,"column":12},"end":{"line":572,"column":13}},{"start":{},"end":{}}],"line":569},"46":{"loc":{"start":{"line":573,"column":12},"end":{"line":576,"column":13}},"type":"if","locations":[{"start":{"line":573,"column":12},"end":{"line":576,"column":13}},{"start":{},"end":{}}],"line":573},"47":{"loc":{"start":{"line":573,"column":16},"end":{"line":573,"column":53}},"type":"binary-expr","locations":[{"start":{"line":573,"column":16},"end":{"line":573,"column":27}},{"start":{"line":573,"column":31},"end":{"line":573,"column":53}}],"line":573},"48":{"loc":{"start":{"line":579,"column":12},"end":{"line":584,"column":13}},"type":"if","locations":[{"start":{"line":579,"column":12},"end":{"line":584,"column":13}},{"start":{},"end":{}}],"line":579},"49":{"loc":{"start":{"line":586,"column":12},"end":{"line":591,"column":13}},"type":"if","locations":[{"start":{"line":586,"column":12},"end":{"line":591,"column":13}},{"start":{},"end":{}}],"line":586},"50":{"loc":{"start":{"line":594,"column":12},"end":{"line":596,"column":13}},"type":"if","locations":[{"start":{"line":594,"column":12},"end":{"line":596,"column":13}},{"start":{},"end":{}}],"line":594},"51":{"loc":{"start":{"line":594,"column":16},"end":{"line":594,"column":65}},"type":"binary-expr","locations":[{"start":{"line":594,"column":16},"end":{"line":594,"column":39}},{"start":{"line":594,"column":43},"end":{"line":594,"column":65}}],"line":594},"52":{"loc":{"start":{"line":597,"column":12},"end":{"line":599,"column":13}},"type":"if","locations":[{"start":{"line":597,"column":12},"end":{"line":599,"column":13}},{"start":{},"end":{}}],"line":597},"53":{"loc":{"start":{"line":627,"column":8},"end":{"line":647,"column":9}},"type":"if","locations":[{"start":{"line":627,"column":8},"end":{"line":647,"column":9}},{"start":{},"end":{}}],"line":627},"54":{"loc":{"start":{"line":627,"column":12},"end":{"line":627,"column":68}},"type":"binary-expr","locations":[{"start":{"line":627,"column":12},"end":{"line":627,"column":30}},{"start":{"line":627,"column":34},"end":{"line":627,"column":68}}],"line":627},"55":{"loc":{"start":{"line":634,"column":16},"end":{"line":641,"column":17}},"type":"binary-expr","locations":[{"start":{"line":634,"column":16},"end":{"line":634,"column":19}},{"start":{"line":635,"column":16},"end":{"line":635,"column":30}},{"start":{"line":636,"column":16},"end":{"line":641,"column":17}}],"line":634},"56":{"loc":{"start":{"line":638,"column":24},"end":{"line":640,"column":74}},"type":"binary-expr","locations":[{"start":{"line":638,"column":24},"end":{"line":638,"column":35}},{"start":{"line":639,"column":25},"end":{"line":639,"column":66}},{"start":{"line":640,"column":28},"end":{"line":640,"column":73}}],"line":638},"57":{"loc":{"start":{"line":649,"column":8},"end":{"line":678,"column":9}},"type":"if","locations":[{"start":{"line":649,"column":8},"end":{"line":678,"column":9}},{"start":{},"end":{}}],"line":649},"58":{"loc":{"start":{"line":649,"column":12},"end":{"line":649,"column":68}},"type":"binary-expr","locations":[{"start":{"line":649,"column":12},"end":{"line":649,"column":30}},{"start":{"line":649,"column":34},"end":{"line":649,"column":68}}],"line":649},"59":{"loc":{"start":{"line":654,"column":16},"end":{"line":659,"column":17}},"type":"if","locations":[{"start":{"line":654,"column":16},"end":{"line":659,"column":17}},{"start":{},"end":{}}],"line":654},"60":{"loc":{"start":{"line":655,"column":20},"end":{"line":656,"column":69}},"type":"binary-expr","locations":[{"start":{"line":655,"column":20},"end":{"line":655,"column":65}},{"start":{"line":656,"column":20},"end":{"line":656,"column":69}}],"line":655},"61":{"loc":{"start":{"line":662,"column":12},"end":{"line":677,"column":13}},"type":"if","locations":[{"start":{"line":662,"column":12},"end":{"line":677,"column":13}},{"start":{},"end":{}}],"line":662},"62":{"loc":{"start":{"line":670,"column":20},"end":{"line":675,"column":21}},"type":"if","locations":[{"start":{"line":670,"column":20},"end":{"line":675,"column":21}},{"start":{},"end":{}}],"line":670},"63":{"loc":{"start":{"line":671,"column":24},"end":{"line":672,"column":73}},"type":"binary-expr","locations":[{"start":{"line":671,"column":24},"end":{"line":671,"column":69}},{"start":{"line":672,"column":24},"end":{"line":672,"column":73}}],"line":671},"64":{"loc":{"start":{"line":682,"column":8},"end":{"line":684,"column":9}},"type":"if","locations":[{"start":{"line":682,"column":8},"end":{"line":684,"column":9}},{"start":{},"end":{}}],"line":682},"65":{"loc":{"start":{"line":700,"column":8},"end":{"line":706,"column":9}},"type":"if","locations":[{"start":{"line":700,"column":8},"end":{"line":706,"column":9}},{"start":{},"end":{}}],"line":700},"66":{"loc":{"start":{"line":708,"column":8},"end":{"line":736,"column":9}},"type":"if","locations":[{"start":{"line":708,"column":8},"end":{"line":736,"column":9}},{"start":{"line":709,"column":15},"end":{"line":736,"column":9}}],"line":708},"67":{"loc":{"start":{"line":708,"column":12},"end":{"line":708,"column":43}},"type":"binary-expr","locations":[{"start":{"line":708,"column":12},"end":{"line":708,"column":18}},{"start":{"line":708,"column":22},"end":{"line":708,"column":43}}],"line":708},"68":{"loc":{"start":{"line":721,"column":20},"end":{"line":724,"column":21}},"type":"if","locations":[{"start":{"line":721,"column":20},"end":{"line":724,"column":21}},{"start":{},"end":{}}],"line":721}},"s":{"0":0,"1":0,"2":0,"3":0,"4":0,"5":0,"6":0,"7":0,"8":0,"9":0,"10":0,"11":0,"12":0,"13":0,"14":0,"15":0,"16":0,"17":0,"18":0,"19":0,"20":0,"21":0,"22":0,"23":0,"24":0,"25":0,"26":0,"27":0,"28":0,"29":0,"30":0,"31":0,"32":0,"33":0,"34":0,"35":0,"36":0,"37":0,"38":0,"39":0,"40":0,"41":0,"42":0,"43":0,"44":0,"45":0,"46":0,"47":0,"48":0,"49":0,"50":0,"51":0,"52":0,"53":0,"54":0,"55":0,"56":0,"57":0,"58":0,"59":0,"60":0,"61":0,"62":0,"63":0,"64":0,"65":0,"66":0,"67":0,"68":0,"69":0,"70":0,"71":0,"72":0,"73":0,"74":0,"75":0,"76":0,"77":0,"78":0,"79":0,"80":0,"81":0,"82":0,"83":0,"84":0,"85":0,"86":0,"87":0,"88":0,"89":0,"90":0,"91":0,"92":0,"93":0,"94":0,"95":0,"96":0,"97":0,"98":0,"99":0,"100":0,"101":0,"102":0,"103":0,"104":0,"105":0,"106":0,"107":0,"108":0,"109":0,"110":0,"111":0,"112":0,"113":0,"114":0,"115":0,"116":0,"117":0,"118":0,"119":0,"120":0,"121":0,"122":0,"123":0,"124":0,"125":0,"126":0,"127":0,"128":0,"129":0,"130":0,"131":0,"132":0,"133":0,"134":0,"135":0,"136":0,"137":0,"138":0,"139":0,"140":0,"141":0,"142":0,"143":0,"144":0,"145":0,"146":0,"147":0,"148":0,"149":0,"150":0,"151":0,"152":0,"153":0,"154":0,"155":0,"156":0,"157":0,"158":0,"159":0,"160":0,"161":0,"162":0,"163":0,"164":0,"165":0,"166":0,"167":0,"168":0,"169":0,"170":0,"171":0,"172":0,"173":0,"174":0,"175":0,"176":0,"177":0,"178":0,"179":0,"180":0,"181":0,"182":0,"183":0,"184":0,"185":0,"186":0,"187":0,"188":0,"189":0,"190":0,"191":0,"192":0,"193":0,"194":0,"195":0,"196":0,"197":0,"198":0,"199":0,"200":0,"201":0,"202":0,"203":0,"204":0,"205":0,"206":0,"207":0,"208":0,"209":0,"210":0,"211":0,"212":0,"213":0,"214":0,"215":0,"216":0,"217":0,"218":0,"219":0,"220":0,"221":0,"222":0,"223":0,"224":0,"225":0,"226":0,"227":0,"228":0,"229":0,"230":0,"231":0,"232":0,"233":0,"234":0,"235":0,"236":0,"237":0,"238":0,"239":0,"240":0,"241":0,"242":0,"243":0,"244":0,"245":0,"246":0,"247":0,"248":0,"249":0,"250":0,"251":0,"252":0,"253":0,"254":0,"255":0},"f":{"0":0,"1":0,"2":0,"3":0,"4":0,"5":0,"6":0,"7":0,"8":0,"9":0,"10":0,"11":0,"12":0,"13":0,"14":0,"15":0,"16":0,"17":0,"18":0,"19":0,"20":0,"21":0,"22":0,"23":0,"24":0,"25":0,"26":0,"27":0,"28":0,"29":0,"30":0,"31":0,"32":0,"33":0,"34":0,"35":0,"36":0,"37":0,"38":0,"39":0,"40":0,"41":0,"42":0,"43":0,"44":0,"45":0,"46":0,"47":0,"48":0,"49":0,"50":0,"51":0,"52":0,"53":0,"54":0,"55":0,"56":0,"57":0,"58":0,"59":0,"60":0,"61":0},"b":{"0":[0,0],"1":[0,0],"2":[0,0],"3":[0,0],"4":[0,0],"5":[0,0],"6":[0,0],"7":[0,0],"8":[0,0],"9":[0,0],"10":[0,0],"11":[0,0],"12":[0,0],"13":[0,0,0],"14":[0,0],"15":[0,0],"16":[0,0],"17":[0,0],"18":[0,0,0,0,0],"19":[0,0],"20":[0,0],"21":[0,0],"22":[0,0],"23":[0,0],"24":[0,0],"25":[0,0],"26":[0,0],"27":[0,0],"28":[0,0],"29":[0,0],"30":[0,0],"31":[0,0],"32":[0,0],"33":[0,0,0],"34":[0,0],"35":[0,0],"36":[0,0],"37":[0,0],"38":[0,0],"39":[0,0],"40":[0,0],"41":[0,0],"42":[0,0],"43":[0,0],"44":[0,0],"45":[0,0],"46":[0,0],"47":[0,0],"48":[0,0],"49":[0,0],"50":[0,0],"51":[0,0],"52":[0,0],"53":[0,0],"54":[0,0],"55":[0,0,0],"56":[0,0,0],"57":[0,0],"58":[0,0],"59":[0,0],"60":[0,0],"61":[0,0],"62":[0,0],"63":[0,0],"64":[0,0],"65":[0,0],"66":[0,0],"67":[0,0],"68":[0,0]}}
,"/Users/adnaan/code/livefir/fir/alpinejs-plugin/src/websocket.js": {"path":"/Users/adnaan/code/livefir/fir/alpinejs-plugin/src/websocket.js","statementMap":{"0":{"start":{"line":1,"column":24},"end":{"line":1,"column":74}},"1":{"start":{"line":2,"column":31},"end":{"line":2,"column":33}},"2":{"start":{"line":3,"column":26},"end":{"line":3,"column":29}},"3":{"start":{"line":4,"column":20},"end":{"line":4,"column":69}},"4":{"start":{"line":18,"column":17},"end":{"line":18,"column":21}},"5":{"start":{"line":19,"column":22},"end":{"line":19,"column":26}},"6":{"start":{"line":20,"column":31},"end":{"line":20,"column":35}},"7":{"start":{"line":21,"column":28},"end":{"line":21,"column":29}},"8":{"start":{"line":22,"column":27},"end":{"line":22,"column":32}},"9":{"start":{"line":23,"column":28},"end":{"line":23,"column":32}},"10":{"start":{"line":24,"column":25},"end":{"line":24,"column":30}},"11":{"start":{"line":31,"column":22},"end":{"line":31,"column":77}},"12":{"start":{"line":32,"column":8},"end":{"line":32,"column":27}},"13":{"start":{"line":33,"column":8},"end":{"line":33,"column":37}},"14":{"start":{"line":40,"column":8},"end":{"line":43,"column":9}},"15":{"start":{"line":41,"column":12},"end":{"line":41,"column":46}},"16":{"start":{"line":42,"column":12},"end":{"line":42,"column":39}},"17":{"start":{"line":45,"column":8},"end":{"line":45,"column":27}},"18":{"start":{"line":45,"column":21},"end":{"line":45,"column":27}},"19":{"start":{"line":47,"column":8},"end":{"line":58,"column":9}},"20":{"start":{"line":48,"column":12},"end":{"line":53,"column":13}},"21":{"start":{"line":52,"column":16},"end":{"line":52,"column":30}},"22":{"start":{"line":55,"column":12},"end":{"line":55,"column":55}},"23":{"start":{"line":57,"column":12},"end":{"line":57,"column":25}},"24":{"start":{"line":65,"column":8},"end":{"line":67,"column":9}},"25":{"start":{"line":66,"column":12},"end":{"line":66,"column":18}},"26":{"start":{"line":69,"column":8},"end":{"line":84,"column":9}},"27":{"start":{"line":70,"column":12},"end":{"line":70,"column":66}},"28":{"start":{"line":71,"column":12},"end":{"line":71,"column":35}},"29":{"start":{"line":73,"column":12},"end":{"line":80,"column":33}},"30":{"start":{"line":74,"column":16},"end":{"line":79,"column":17}},"31":{"start":{"line":75,"column":20},"end":{"line":75,"column":68}},"32":{"start":{"line":76,"column":20},"end":{"line":76,"column":44}},"33":{"start":{"line":77,"column":20},"end":{"line":77,"column":33}},"34":{"start":{"line":78,"column":20},"end":{"line":78,"column":34}},"35":{"start":{"line":82,"column":12},"end":{"line":82,"column":58}},"36":{"start":{"line":83,"column":12},"end":{"line":83,"column":36}},"37":{"start":{"line":91,"column":8},"end":{"line":91,"column":34}},"38":{"start":{"line":91,"column":28},"end":{"line":91,"column":34}},"39":{"start":{"line":93,"column":8},"end":{"line":98,"column":9}},"40":{"start":{"line":94,"column":12},"end":{"line":96,"column":13}},"41":{"start":{"line":97,"column":12},"end":{"line":97,"column":18}},"42":{"start":{"line":100,"column":8},"end":{"line":102,"column":9}},"43":{"start":{"line":101,"column":12},"end":{"line":101,"column":18}},"44":{"start":{"line":104,"column":8},"end":{"line":106,"column":9}},"45":{"start":{"line":105,"column":12},"end":{"line":105,"column":25}},"46":{"start":{"line":108,"column":24},"end":{"line":108,"column":45}},"47":{"start":{"line":109,"column":8},"end":{"line":111,"column":9}},"48":{"start":{"line":113,"column":8},"end":{"line":122,"column":19}},"49":{"start":{"line":114,"column":12},"end":{"line":121,"column":18}},"50":{"start":{"line":116,"column":20},"end":{"line":116,"column":44}},"51":{"start":{"line":119,"column":20},"end":{"line":119,"column":60}},"52":{"start":{"line":120,"column":20},"end":{"line":120,"column":34}},"53":{"start":{"line":130,"column":8},"end":{"line":133,"column":9}},"54":{"start":{"line":131,"column":12},"end":{"line":131,"column":46}},"55":{"start":{"line":132,"column":12},"end":{"line":132,"column":39}},"56":{"start":{"line":136,"column":8},"end":{"line":138,"column":9}},"57":{"start":{"line":137,"column":12},"end":{"line":137,"column":30}},"58":{"start":{"line":140,"column":8},"end":{"line":145,"column":9}},"59":{"start":{"line":141,"column":12},"end":{"line":141,"column":54}},"60":{"start":{"line":143,"column":12},"end":{"line":143,"column":61}},"61":{"start":{"line":144,"column":12},"end":{"line":144,"column":21}},"62":{"start":{"line":148,"column":8},"end":{"line":162,"column":9}},"63":{"start":{"line":149,"column":12},"end":{"line":149,"column":51}},"64":{"start":{"line":151,"column":12},"end":{"line":157,"column":13}},"65":{"start":{"line":152,"column":16},"end":{"line":152,"column":69}},"66":{"start":{"line":153,"column":16},"end":{"line":155,"column":17}},"67":{"start":{"line":154,"column":20},"end":{"line":154,"column":55}},"68":{"start":{"line":156,"column":16},"end":{"line":156,"column":22}},"69":{"start":{"line":159,"column":12},"end":{"line":161,"column":13}},"70":{"start":{"line":160,"column":16},"end":{"line":160,"column":30}},"71":{"start":{"line":164,"column":8},"end":{"line":175,"column":9}},"72":{"start":{"line":165,"column":12},"end":{"line":174,"column":13}},"73":{"start":{"line":166,"column":37},"end":{"line":166,"column":59}},"74":{"start":{"line":167,"column":16},"end":{"line":170,"column":17}},"75":{"start":{"line":168,"column":20},"end":{"line":168,"column":44}},"76":{"start":{"line":169,"column":20},"end":{"line":169,"column":26}},"77":{"start":{"line":171,"column":16},"end":{"line":171,"column":50}},"78":{"start":{"line":173,"column":16},"end":{"line":173,"column":63}},"79":{"start":{"line":177,"column":8},"end":{"line":179,"column":9}},"80":{"start":{"line":178,"column":12},"end":{"line":178,"column":50}},"81":{"start":{"line":182,"column":8},"end":{"line":210,"column":10}},"82":{"start":{"line":183,"column":33},"end":{"line":189,"column":13}},"83":{"start":{"line":184,"column":16},"end":{"line":184,"column":67}},"84":{"start":{"line":185,"column":16},"end":{"line":185,"column":36}},"85":{"start":{"line":186,"column":16},"end":{"line":186,"column":61}},"86":{"start":{"line":187,"column":16},"end":{"line":187,"column":29}},"87":{"start":{"line":188,"column":16},"end":{"line":188,"column":34}},"88":{"start":{"line":191,"column":32},"end":{"line":199,"column":13}},"89":{"start":{"line":192,"column":16},"end":{"line":192,"column":50}},"90":{"start":{"line":193,"column":16},"end":{"line":193,"column":37}},"91":{"start":{"line":194,"column":16},"end":{"line":196,"column":17}},"92":{"start":{"line":195,"column":20},"end":{"line":195,"column":59}},"93":{"start":{"line":197,"column":16},"end":{"line":197,"column":25}},"94":{"start":{"line":198,"column":16},"end":{"line":198,"column":34}},"95":{"start":{"line":201,"column":12},"end":{"line":201,"column":41}},"96":{"start":{"line":202,"column":12},"end":{"line":202,"column":39}},"97":{"start":{"line":205,"column":12},"end":{"line":209,"column":20}},"98":{"start":{"line":206,"column":16},"end":{"line":208,"column":17}},"99":{"start":{"line":207,"column":20},"end":{"line":207,"column":65}},"100":{"start":{"line":212,"column":8},"end":{"line":212,"column":26}},"101":{"start":{"line":216,"column":4},"end":{"line":227,"column":5}},"102":{"start":{"line":217,"column":8},"end":{"line":225,"column":9}},"103":{"start":{"line":218,"column":12},"end":{"line":224,"column":13}},"104":{"start":{"line":219,"column":16},"end":{"line":223,"column":17}},"105":{"start":{"line":220,"column":20},"end":{"line":220,"column":67}},"106":{"start":{"line":220,"column":48},"end":{"line":220,"column":66}},"107":{"start":{"line":222,"column":20},"end":{"line":222,"column":41}},"108":{"start":{"line":226,"column":8},"end":{"line":226,"column":75}},"109":{"start":{"line":230,"column":4},"end":{"line":234,"column":73}},"110":{"start":{"line":232,"column":12},"end":{"line":232,"column":36}},"111":{"start":{"line":234,"column":24},"end":{"line":234,"column":72}},"112":{"start":{"line":237,"column":4},"end":{"line":280,"column":5}},"113":{"start":{"line":244,"column":12},"end":{"line":252,"column":13}},"114":{"start":{"line":245,"column":16},"end":{"line":251,"column":17}},"115":{"start":{"line":246,"column":20},"end":{"line":246,"column":54}},"116":{"start":{"line":247,"column":20},"end":{"line":247,"column":31}},"117":{"start":{"line":249,"column":20},"end":{"line":249,"column":64}},"118":{"start":{"line":250,"column":20},"end":{"line":250,"column":32}},"119":{"start":{"line":253,"column":12},"end":{"line":253,"column":24}},"120":{"start":{"line":260,"column":12},"end":{"line":260,"column":33}},"121":{"start":{"line":262,"column":12},"end":{"line":268,"column":13}},"122":{"start":{"line":263,"column":16},"end":{"line":266,"column":17}},"123":{"start":{"line":267,"column":16},"end":{"line":267,"column":40}},"124":{"start":{"line":270,"column":12},"end":{"line":270,"column":25}},"125":{"start":{"line":278,"column":12},"end":{"line":278,"column":52}}},"fnMap":{"0":{"name":"createWebSocket","decl":{"start":{"line":13,"column":24},"end":{"line":13,"column":39}},"loc":{"start":{"line":17,"column":2},"end":{"line":281,"column":1}},"line":17},"1":{"name":"getReconnectTimeout","decl":{"start":{"line":30,"column":13},"end":{"line":30,"column":32}},"loc":{"start":{"line":30,"column":35},"end":{"line":34,"column":5}},"line":30},"2":{"name":"closeSocket","decl":{"start":{"line":39,"column":13},"end":{"line":39,"column":24}},"loc":{"start":{"line":39,"column":27},"end":{"line":59,"column":5}},"line":39},"3":{"name":"sendAndAckHeartbeat","decl":{"start":{"line":64,"column":13},"end":{"line":64,"column":32}},"loc":{"start":{"line":64,"column":35},"end":{"line":85,"column":5}},"line":64},"4":{"name":"(anonymous_4)","decl":{"start":{"line":73,"column":23},"end":{"line":73,"column":24}},"loc":{"start":{"line":73,"column":29},"end":{"line":80,"column":13}},"line":73},"5":{"name":"reopenSocket","decl":{"start":{"line":90,"column":13},"end":{"line":90,"column":25}},"loc":{"start":{"line":90,"column":28},"end":{"line":123,"column":5}},"line":90},"6":{"name":"(anonymous_6)","decl":{"start":{"line":113,"column":42},"end":{"line":113,"column":43}},"loc":{"start":{"line":113,"column":48},"end":{"line":122,"column":9}},"line":113},"7":{"name":"(anonymous_7)","decl":{"start":{"line":115,"column":22},"end":{"line":115,"column":23}},"loc":{"start":{"line":115,"column":28},"end":{"line":117,"column":17}},"line":115},"8":{"name":"(anonymous_8)","decl":{"start":{"line":118,"column":23},"end":{"line":118,"column":24}},"loc":{"start":{"line":118,"column":30},"end":{"line":121,"column":17}},"line":118},"9":{"name":"openSocket","decl":{"start":{"line":129,"column":19},"end":{"line":129,"column":29}},"loc":{"start":{"line":129,"column":32},"end":{"line":213,"column":5}},"line":129},"10":{"name":"(anonymous_10)","decl":{"start":{"line":148,"column":25},"end":{"line":148,"column":26}},"loc":{"start":{"line":148,"column":36},"end":{"line":162,"column":9}},"line":148},"11":{"name":"(anonymous_11)","decl":{"start":{"line":164,"column":27},"end":{"line":164,"column":28}},"loc":{"start":{"line":164,"column":38},"end":{"line":175,"column":9}},"line":164},"12":{"name":"(anonymous_12)","decl":{"start":{"line":177,"column":25},"end":{"line":177,"column":26}},"loc":{"start":{"line":177,"column":36},"end":{"line":179,"column":9}},"line":177},"13":{"name":"(anonymous_13)","decl":{"start":{"line":182,"column":34},"end":{"line":182,"column":35}},"loc":{"start":{"line":182,"column":55},"end":{"line":210,"column":9}},"line":182},"14":{"name":"(anonymous_14)","decl":{"start":{"line":183,"column":33},"end":{"line":183,"column":34}},"loc":{"start":{"line":183,"column":44},"end":{"line":189,"column":13}},"line":183},"15":{"name":"(anonymous_15)","decl":{"start":{"line":186,"column":52},"end":{"line":186,"column":53}},"loc":{"start":{"line":186,"column":58},"end":{"line":186,"column":60}},"line":186},"16":{"name":"(anonymous_16)","decl":{"start":{"line":191,"column":32},"end":{"line":191,"column":33}},"loc":{"start":{"line":191,"column":38},"end":{"line":199,"column":13}},"line":191},"17":{"name":"(anonymous_17)","decl":{"start":{"line":194,"column":33},"end":{"line":194,"column":34}},"loc":{"start":{"line":194,"column":44},"end":{"line":196,"column":17}},"line":194},"18":{"name":"(anonymous_18)","decl":{"start":{"line":205,"column":23},"end":{"line":205,"column":24}},"loc":{"start":{"line":205,"column":29},"end":{"line":209,"column":13}},"line":205},"19":{"name":"(anonymous_19)","decl":{"start":{"line":217,"column":28},"end":{"line":217,"column":29}},"loc":{"start":{"line":217,"column":34},"end":{"line":225,"column":9}},"line":217},"20":{"name":"(anonymous_20)","decl":{"start":{"line":220,"column":39},"end":{"line":220,"column":40}},"loc":{"start":{"line":220,"column":48},"end":{"line":220,"column":66}},"line":220},"21":{"name":"(anonymous_21)","decl":{"start":{"line":231,"column":14},"end":{"line":231,"column":15}},"loc":{"start":{"line":231,"column":20},"end":{"line":233,"column":9}},"line":231},"22":{"name":"(anonymous_22)","decl":{"start":{"line":234,"column":15},"end":{"line":234,"column":16}},"loc":{"start":{"line":234,"column":24},"end":{"line":234,"column":72}},"line":234},"23":{"name":"(anonymous_23)","decl":{"start":{"line":243,"column":8},"end":{"line":243,"column":9}},"loc":{"start":{"line":243,"column":20},"end":{"line":254,"column":9}},"line":243},"24":{"name":"(anonymous_24)","decl":{"start":{"line":259,"column":8},"end":{"line":259,"column":9}},"loc":{"start":{"line":259,"column":16},"end":{"line":271,"column":9}},"line":259},"25":{"name":"(anonymous_25)","decl":{"start":{"line":277,"column":8},"end":{"line":277,"column":9}},"loc":{"start":{"line":277,"column":19},"end":{"line":279,"column":9}},"line":277}},"branchMap":{"0":{"loc":{"start":{"line":4,"column":20},"end":{"line":4,"column":69}},"type":"cond-expr","locations":[{"start":{"line":4,"column":54},"end":{"line":4,"column":62}},{"start":{"line":4,"column":65},"end":{"line":4,"column":69}}],"line":4},"1":{"loc":{"start":{"line":40,"column":8},"end":{"line":43,"column":9}},"type":"if","locations":[{"start":{"line":40,"column":8},"end":{"line":43,"column":9}},{"start":{},"end":{}}],"line":40},"2":{"loc":{"start":{"line":45,"column":8},"end":{"line":45,"column":27}},"type":"if","locations":[{"start":{"line":45,"column":8},"end":{"line":45,"column":27}},{"start":{},"end":{}}],"line":45},"3":{"loc":{"start":{"line":48,"column":12},"end":{"line":53,"column":13}},"type":"if","locations":[{"start":{"line":48,"column":12},"end":{"line":53,"column":13}},{"start":{},"end":{}}],"line":48},"4":{"loc":{"start":{"line":49,"column":16},"end":{"line":50,"column":58}},"type":"binary-expr","locations":[{"start":{"line":49,"column":16},"end":{"line":49,"column":52}},{"start":{"line":50,"column":16},"end":{"line":50,"column":58}}],"line":49},"5":{"loc":{"start":{"line":65,"column":8},"end":{"line":67,"column":9}},"type":"if","locations":[{"start":{"line":65,"column":8},"end":{"line":67,"column":9}},{"start":{},"end":{}}],"line":65},"6":{"loc":{"start":{"line":65,"column":12},"end":{"line":65,"column":59}},"type":"binary-expr","locations":[{"start":{"line":65,"column":12},"end":{"line":65,"column":19}},{"start":{"line":65,"column":23},"end":{"line":65,"column":59}}],"line":65},"7":{"loc":{"start":{"line":74,"column":16},"end":{"line":79,"column":17}},"type":"if","locations":[{"start":{"line":74,"column":16},"end":{"line":79,"column":17}},{"start":{},"end":{}}],"line":74},"8":{"loc":{"start":{"line":74,"column":20},"end":{"line":74,"column":55}},"type":"binary-expr","locations":[{"start":{"line":74,"column":20},"end":{"line":74,"column":36}},{"start":{"line":74,"column":40},"end":{"line":74,"column":55}}],"line":74},"9":{"loc":{"start":{"line":91,"column":8},"end":{"line":91,"column":34}},"type":"if","locations":[{"start":{"line":91,"column":8},"end":{"line":91,"column":34}},{"start":{},"end":{}}],"line":91},"10":{"loc":{"start":{"line":93,"column":8},"end":{"line":98,"column":9}},"type":"if","locations":[{"start":{"line":93,"column":8},"end":{"line":98,"column":9}},{"start":{},"end":{}}],"line":93},"11":{"loc":{"start":{"line":100,"column":8},"end":{"line":102,"column":9}},"type":"if","locations":[{"start":{"line":100,"column":8},"end":{"line":102,"column":9}},{"start":{},"end":{}}],"line":100},"12":{"loc":{"start":{"line":100,"column":12},"end":{"line":100,"column":64}},"type":"binary-expr","locations":[{"start":{"line":100,"column":12},"end":{"line":100,"column":18}},{"start":{"line":100,"column":22},"end":{"line":100,"column":64}}],"line":100},"13":{"loc":{"start":{"line":104,"column":8},"end":{"line":106,"column":9}},"type":"if","locations":[{"start":{"line":104,"column":8},"end":{"line":106,"column":9}},{"start":{},"end":{}}],"line":104},"14":{"loc":{"start":{"line":104,"column":12},"end":{"line":104,"column":58}},"type":"binary-expr","locations":[{"start":{"line":104,"column":12},"end":{"line":104,"column":18}},{"start":{"line":104,"column":22},"end":{"line":104,"column":58}}],"line":104},"15":{"loc":{"start":{"line":130,"column":8},"end":{"line":133,"column":9}},"type":"if","locations":[{"start":{"line":130,"column":8},"end":{"line":133,"column":9}},{"start":{},"end":{}}],"line":130},"16":{"loc":{"start":{"line":136,"column":8},"end":{"line":138,"column":9}},"type":"if","locations":[{"start":{"line":136,"column":8},"end":{"line":138,"column":9}},{"start":{},"end":{}}],"line":136},"17":{"loc":{"start":{"line":151,"column":12},"end":{"line":157,"column":13}},"type":"if","locations":[{"start":{"line":151,"column":12},"end":{"line":157,"column":13}},{"start":{},"end":{}}],"line":151},"18":{"loc":{"start":{"line":153,"column":16},"end":{"line":155,"column":17}},"type":"if","locations":[{"start":{"line":153,"column":16},"end":{"line":155,"column":17}},{"start":{},"end":{}}],"line":153},"19":{"loc":{"start":{"line":153,"column":20},"end":{"line":153,"column":65}},"type":"binary-expr","locations":[{"start":{"line":153,"column":20},"end":{"line":153,"column":32}},{"start":{"line":153,"column":36},"end":{"line":153,"column":65}}],"line":153},"20":{"loc":{"start":{"line":159,"column":12},"end":{"line":161,"column":13}},"type":"if","locations":[{"start":{"line":159,"column":12},"end":{"line":161,"column":13}},{"start":{},"end":{}}],"line":159},"21":{"loc":{"start":{"line":167,"column":16},"end":{"line":170,"column":17}},"type":"if","locations":[{"start":{"line":167,"column":16},"end":{"line":170,"column":17}},{"start":{},"end":{}}],"line":167},"22":{"loc":{"start":{"line":186,"column":33},"end":{"line":186,"column":61}},"type":"binary-expr","locations":[{"start":{"line":186,"column":33},"end":{"line":186,"column":47}},{"start":{"line":186,"column":52},"end":{"line":186,"column":60}}],"line":186},"23":{"loc":{"start":{"line":206,"column":16},"end":{"line":208,"column":17}},"type":"if","locations":[{"start":{"line":206,"column":16},"end":{"line":208,"column":17}},{"start":{},"end":{}}],"line":206},"24":{"loc":{"start":{"line":216,"column":4},"end":{"line":227,"column":5}},"type":"if","locations":[{"start":{"line":216,"column":4},"end":{"line":227,"column":5}},{"start":{},"end":{}}],"line":216},"25":{"loc":{"start":{"line":218,"column":12},"end":{"line":224,"column":13}},"type":"if","locations":[{"start":{"line":218,"column":12},"end":{"line":224,"column":13}},{"start":{},"end":{}}],"line":218},"26":{"loc":{"start":{"line":219,"column":16},"end":{"line":223,"column":17}},"type":"if","locations":[{"start":{"line":219,"column":16},"end":{"line":223,"column":17}},{"start":{"line":221,"column":23},"end":{"line":223,"column":17}}],"line":219},"27":{"loc":{"start":{"line":219,"column":20},"end":{"line":219,"column":67}},"type":"binary-expr","locations":[{"start":{"line":219,"column":20},"end":{"line":219,"column":27}},{"start":{"line":219,"column":31},"end":{"line":219,"column":67}}],"line":219},"28":{"loc":{"start":{"line":244,"column":12},"end":{"line":252,"column":13}},"type":"if","locations":[{"start":{"line":244,"column":12},"end":{"line":252,"column":13}},{"start":{},"end":{}}],"line":244},"29":{"loc":{"start":{"line":244,"column":16},"end":{"line":244,"column":62}},"type":"binary-expr","locations":[{"start":{"line":244,"column":16},"end":{"line":244,"column":22}},{"start":{"line":244,"column":26},"end":{"line":244,"column":62}}],"line":244},"30":{"loc":{"start":{"line":262,"column":12},"end":{"line":268,"column":13}},"type":"if","locations":[{"start":{"line":262,"column":12},"end":{"line":268,"column":13}},{"start":{},"end":{}}],"line":262},"31":{"loc":{"start":{"line":262,"column":16},"end":{"line":262,"column":48}},"type":"binary-expr","locations":[{"start":{"line":262,"column":16},"end":{"line":262,"column":27}},{"start":{"line":262,"column":31},"end":{"line":262,"column":48}}],"line":262},"32":{"loc":{"start":{"line":278,"column":19},"end":{"line":278,"column":52}},"type":"cond-expr","locations":[{"start":{"line":278,"column":28},"end":{"line":278,"column":45}},{"start":{"line":278,"column":48},"end":{"line":278,"column":52}}],"line":278}},"s":{"0":0,"1":0,"2":0,"3":0,"4":0,"5":0,"6":0,"7":0,"8":0,"9":0,"10":0,"11":0,"12":0,"13":0,"14":0,"15":0,"16":0,"17":0,"18":0,"19":0,"20":0,"21":0,"22":0,"23":0,"24":0,"25":0,"26":0,"27":0,"28":0,"29":0,"30":0,"31":0,"32":0,"33":0,"34":0,"35":0,"36":0,"37":0,"38":0,"39":0,"40":0,"41":0,"42":0,"43":0,"44":0,"45":0,"46":0,"47":0,"48":0,"49":0,"50":0,"51":0,"52":0,"53":0,"54":0,"55":0,"56":0,"57":0,"58":0,"59":0,"60":0,"61":0,"62":0,"63":0,"64":0,"65":0,"66":0,"67":0,"68":0,"69":0,"70":0,"71":0,"72":0,"73":0,"74":0,"75":0,"76":0,"77":0,"78":0,"79":0,"80":0,"81":0,"82":0,"83":0,"84":0,"85":0,"86":0,"87":0,"88":0,"89":0,"90":0,"91":0,"92":0,"93":0,"94":0,"95":0,"96":0,"97":0,"98":0,"99":0,"100":0,"101":0,"102":0,"103":0,"104":0,"105":0,"106":0,"107":0,"108":0,"109":0,"110":0,"111":0,"112":0,"113":0,"114":0,"115":0,"116":0,"117":0,"118":0,"119":0,"120":0,"121":0,"122":0,"123":0,"124":0,"125":0},"f":{"0":0,"1":0,"2":0,"3":0,"4":0,"5":0,"6":0,"7":0,"8":0,"9":0,"10":0,"11":0,"12":0,"13":0,"14":0,"15":0,"16":0,"17":0,"18":0,"19":0,"20":0,"21":0,"22":0,"23":0,"24":0,"25":0},"b":{"0":[0,0],"1":[0,0],"2":[0,0],"3":[0,0],"4":[0,0],"5":[0,0],"6":[0,0],"7":[0,0],"8":[0,0],"9":[0,0],"10":[0,0],"11":[0,0],"12":[0,0],"13":[0,0],"14":[0,0],"15":[0,0],"16":[0,0],"17":[0,0],"18":[0,0],"19":[0,0],"20":[0,0],"21":[0,0],"22":[0,0],"23":[0,0],"24":[0,0],"25":[0,0],"26":[0,0],"27":[0,0],"28":[0,0],"29":[0,0],"30":[0,0],"31":[0,0],"32":[0,0]}}
}
