TN:
SF:src/index.js
FN:4,(anonymous_0)
FN:5,(anonymous_1)
FN:8,(anonymous_2)
FN:24,(anonymous_3)
FN:28,(anonymous_4)
FN:33,(anonymous_5)
FN:40,(anonymous_6)
FN:52,(anonymous_7)
FN:57,(anonymous_8)
FN:67,(anonymous_9)
FN:73,(anonymous_10)
FN:84,(anonymous_11)
FN:85,(anonymous_12)
FN:101,(anonymous_13)
FN:102,(anonymous_14)
FN:115,(anonymous_15)
FN:116,(anonymous_16)
FN:129,(anonymous_17)
FN:130,(anonymous_18)
FN:143,(anonymous_19)
FN:144,(anonymous_20)
FN:157,(anonymous_21)
FN:158,(anonymous_22)
FN:178,(anonymous_23)
FN:179,(anonymous_24)
FN:197,(anonymous_25)
FN:198,(anonymous_26)
FN:216,(anonymous_27)
FN:217,(anonymous_28)
FN:243,(anonymous_29)
FN:244,(anonymous_30)
FN:298,(anonymous_31)
FN:299,(anonymous_32)
FN:358,(anonymous_33)
FN:359,(anonymous_34)
FN:421,(anonymous_35)
FN:465,(anonymous_36)
FN:473,(anonymous_37)
FN:481,(anonymous_38)
FN:497,(anonymous_39)
FN:505,(anonymous_40)
FN:511,(anonymous_41)
FN:517,(anonymous_42)
FN:523,(anonymous_43)
FN:529,(anonymous_44)
FN:533,(anonymous_45)
FN:537,(anonymous_46)
FN:543,(anonymous_47)
FN:549,(anonymous_48)
FN:553,(anonymous_49)
FN:557,(anonymous_50)
FN:568,(anonymous_51)
FN:612,(anonymous_52)
FN:617,(anonymous_53)
FN:633,(anonymous_54)
FN:637,(anonymous_55)
FN:644,(anonymous_56)
FN:681,(anonymous_57)
FN:720,(anonymous_58)
FN:727,(anonymous_59)
FN:730,(anonymous_60)
FN:742,(anonymous_61)
FNF:62
FNH:0
FNDA:0,(anonymous_0)
FNDA:0,(anonymous_1)
FNDA:0,(anonymous_2)
FNDA:0,(anonymous_3)
FNDA:0,(anonymous_4)
FNDA:0,(anonymous_5)
FNDA:0,(anonymous_6)
FNDA:0,(anonymous_7)
FNDA:0,(anonymous_8)
FNDA:0,(anonymous_9)
FNDA:0,(anonymous_10)
FNDA:0,(anonymous_11)
FNDA:0,(anonymous_12)
FNDA:0,(anonymous_13)
FNDA:0,(anonymous_14)
FNDA:0,(anonymous_15)
FNDA:0,(anonymous_16)
FNDA:0,(anonymous_17)
FNDA:0,(anonymous_18)
FNDA:0,(anonymous_19)
FNDA:0,(anonymous_20)
FNDA:0,(anonymous_21)
FNDA:0,(anonymous_22)
FNDA:0,(anonymous_23)
FNDA:0,(anonymous_24)
FNDA:0,(anonymous_25)
FNDA:0,(anonymous_26)
FNDA:0,(anonymous_27)
FNDA:0,(anonymous_28)
FNDA:0,(anonymous_29)
FNDA:0,(anonymous_30)
FNDA:0,(anonymous_31)
FNDA:0,(anonymous_32)
FNDA:0,(anonymous_33)
FNDA:0,(anonymous_34)
FNDA:0,(anonymous_35)
FNDA:0,(anonymous_36)
FNDA:0,(anonymous_37)
FNDA:0,(anonymous_38)
FNDA:0,(anonymous_39)
FNDA:0,(anonymous_40)
FNDA:0,(anonymous_41)
FNDA:0,(anonymous_42)
FNDA:0,(anonymous_43)
FNDA:0,(anonymous_44)
FNDA:0,(anonymous_45)
FNDA:0,(anonymous_46)
FNDA:0,(anonymous_47)
FNDA:0,(anonymous_48)
FNDA:0,(anonymous_49)
FNDA:0,(anonymous_50)
FNDA:0,(anonymous_51)
FNDA:0,(anonymous_52)
FNDA:0,(anonymous_53)
FNDA:0,(anonymous_54)
FNDA:0,(anonymous_55)
FNDA:0,(anonymous_56)
FNDA:0,(anonymous_57)
FNDA:0,(anonymous_58)
FNDA:0,(anonymous_59)
FNDA:0,(anonymous_60)
FNDA:0,(anonymous_61)
DA:4,0
DA:5,0
DA:6,0
DA:8,0
DA:13,0
DA:14,0
DA:15,0
DA:19,0
DA:21,0
DA:25,0
DA:28,0
DA:29,0
DA:34,0
DA:37,0
DA:40,0
DA:41,0
DA:50,0
DA:53,0
DA:55,0
DA:57,0
DA:58,0
DA:61,0
DA:67,0
DA:68,0
DA:73,0
DA:74,0
DA:85,0
DA:86,0
DA:87,0
DA:88,0
DA:102,0
DA:103,0
DA:116,0
DA:117,0
DA:130,0
DA:131,0
DA:144,0
DA:145,0
DA:158,0
DA:159,0
DA:179,0
DA:180,0
DA:198,0
DA:199,0
DA:217,0
DA:218,0
DA:219,0
DA:221,0
DA:244,0
DA:246,0
DA:260,0
DA:261,0
DA:262,0
DA:265,0
DA:269,0
DA:270,0
DA:274,0
DA:277,0
DA:278,0
DA:279,0
DA:281,0
DA:282,0
DA:299,0
DA:300,0
DA:301,0
DA:302,0
DA:303,0
DA:306,0
DA:307,0
DA:310,0
DA:312,0
DA:314,0
DA:315,0
DA:316,0
DA:317,0
DA:320,0
DA:323,0
DA:328,0
DA:329,0
DA:331,0
DA:359,0
DA:360,0
DA:364,0
DA:368,0
DA:372,0
DA:373,0
DA:375,0
DA:378,0
DA:384,0
DA:386,0
DA:389,0
DA:390,0
DA:391,0
DA:394,0
DA:397,0
DA:398,0
DA:400,0
DA:401,0
DA:402,0
DA:403,0
DA:406,0
DA:407,0
DA:408,0
DA:409,0
DA:413,0
DA:414,0
DA:419,0
DA:420,0
DA:421,0
DA:423,0
DA:425,0
DA:426,0
DA:427,0
DA:429,0
DA:430,0
DA:432,0
DA:433,0
DA:437,0
DA:442,0
DA:443,0
DA:446,0
DA:447,0
DA:450,0
DA:454,0
DA:463,0
DA:464,0
DA:465,0
DA:466,0
DA:467,0
DA:469,0
DA:473,0
DA:474,0
DA:475,0
DA:477,0
DA:481,0
DA:482,0
DA:486,0
DA:489,0
DA:491,0
DA:497,0
DA:498,0
DA:499,0
DA:500,0
DA:502,0
DA:505,0
DA:506,0
DA:507,0
DA:508,0
DA:511,0
DA:512,0
DA:513,0
DA:514,0
DA:517,0
DA:518,0
DA:519,0
DA:520,0
DA:522,0
DA:524,0
DA:529,0
DA:530,0
DA:533,0
DA:534,0
DA:537,0
DA:538,0
DA:539,0
DA:540,0
DA:543,0
DA:544,0
DA:545,0
DA:546,0
DA:549,0
DA:550,0
DA:553,0
DA:554,0
DA:557,0
DA:558,0
DA:559,0
DA:560,0
DA:562,0
DA:563,0
DA:564,0
DA:567,0
DA:568,0
DA:569,0
DA:570,0
DA:571,0
DA:573,0
DA:574,0
DA:575,0
DA:578,0
DA:579,0
DA:580,0
DA:583,0
DA:586,0
DA:587,0
DA:590,0
DA:592,0
DA:594,0
DA:595,0
DA:597,0
DA:598,0
DA:600,0
DA:601,0
DA:602,0
DA:609,0
DA:610,0
DA:612,0
DA:613,0
DA:617,0
DA:618,0
DA:625,0
DA:626,0
DA:627,0
DA:628,0
DA:632,0
DA:633,0
DA:634,0
DA:638,0
DA:643,0
DA:644,0
DA:645,0
DA:649,0
DA:650,0
DA:653,0
DA:654,0
DA:658,0
DA:662,0
DA:663,0
DA:669,0
DA:670,0
DA:674,0
DA:681,0
DA:682,0
DA:683,0
DA:686,0
DA:688,0
DA:690,0
DA:694,0
DA:695,0
DA:700,0
DA:701,0
DA:702,0
DA:708,0
DA:710,0
DA:711,0
DA:721,0
DA:722,0
DA:723,0
DA:725,0
DA:728,0
DA:731,0
DA:739,0
DA:742,0
DA:743,0
LF:254
LH:0
BRDA:14,0,0,0
BRDA:14,0,1,0
BRDA:19,1,0,0
BRDA:19,1,1,0
BRDA:25,2,0,0
BRDA:25,2,1,0
BRDA:218,3,0,0
BRDA:218,3,1,0
BRDA:261,4,0,0
BRDA:261,4,1,0
BRDA:270,5,0,0
BRDA:270,5,1,0
BRDA:277,6,0,0
BRDA:277,6,1,0
BRDA:300,7,0,0
BRDA:300,7,1,0
BRDA:301,8,0,0
BRDA:301,8,1,0
BRDA:306,9,0,0
BRDA:306,9,1,0
BRDA:314,10,0,0
BRDA:314,10,1,0
BRDA:315,11,0,0
BRDA:315,11,1,0
BRDA:323,12,0,0
BRDA:323,12,1,0
BRDA:324,13,0,0
BRDA:324,13,1,0
BRDA:324,13,2,0
BRDA:360,14,0,0
BRDA:360,14,1,0
BRDA:361,15,0,0
BRDA:361,15,1,0
BRDA:372,16,0,0
BRDA:372,16,1,0
BRDA:378,17,0,0
BRDA:378,17,1,0
BRDA:379,18,0,0
BRDA:379,18,1,0
BRDA:379,18,2,0
BRDA:379,18,3,0
BRDA:379,18,4,0
BRDA:390,19,0,0
BRDA:390,19,1,0
BRDA:397,20,0,0
BRDA:397,20,1,0
BRDA:400,21,0,0
BRDA:400,21,1,0
BRDA:402,22,0,0
BRDA:402,22,1,0
BRDA:406,23,0,0
BRDA:406,23,1,0
BRDA:406,24,0,0
BRDA:406,24,1,0
BRDA:408,25,0,0
BRDA:408,25,1,0
BRDA:413,26,0,0
BRDA:413,26,1,0
BRDA:413,27,0,0
BRDA:413,27,1,0
BRDA:425,28,0,0
BRDA:425,28,1,0
BRDA:426,29,0,0
BRDA:426,29,1,0
BRDA:429,30,0,0
BRDA:429,30,1,0
BRDA:432,31,0,0
BRDA:432,31,1,0
BRDA:437,32,0,0
BRDA:437,32,1,0
BRDA:438,33,0,0
BRDA:438,33,1,0
BRDA:438,33,2,0
BRDA:446,34,0,0
BRDA:446,34,1,0
BRDA:463,35,0,0
BRDA:463,35,1,0
BRDA:466,36,0,0
BRDA:466,36,1,0
BRDA:474,37,0,0
BRDA:474,37,1,0
BRDA:482,38,0,0
BRDA:482,38,1,0
BRDA:483,39,0,0
BRDA:483,39,1,0
BRDA:499,40,0,0
BRDA:499,40,1,0
BRDA:500,41,0,0
BRDA:500,41,1,0
BRDA:518,42,0,0
BRDA:518,42,1,0
BRDA:558,43,0,0
BRDA:558,43,1,0
BRDA:562,44,0,0
BRDA:562,44,1,0
BRDA:569,45,0,0
BRDA:569,45,1,0
BRDA:573,46,0,0
BRDA:573,46,1,0
BRDA:573,47,0,0
BRDA:573,47,1,0
BRDA:579,48,0,0
BRDA:579,48,1,0
BRDA:586,49,0,0
BRDA:586,49,1,0
BRDA:594,50,0,0
BRDA:594,50,1,0
BRDA:594,51,0,0
BRDA:594,51,1,0
BRDA:597,52,0,0
BRDA:597,52,1,0
BRDA:627,53,0,0
BRDA:627,53,1,0
BRDA:627,54,0,0
BRDA:627,54,1,0
BRDA:634,55,0,0
BRDA:634,55,1,0
BRDA:634,55,2,0
BRDA:638,56,0,0
BRDA:638,56,1,0
BRDA:638,56,2,0
BRDA:649,57,0,0
BRDA:649,57,1,0
BRDA:649,58,0,0
BRDA:649,58,1,0
BRDA:654,59,0,0
BRDA:654,59,1,0
BRDA:655,60,0,0
BRDA:655,60,1,0
BRDA:662,61,0,0
BRDA:662,61,1,0
BRDA:670,62,0,0
BRDA:670,62,1,0
BRDA:671,63,0,0
BRDA:671,63,1,0
BRDA:682,64,0,0
BRDA:682,64,1,0
BRDA:700,65,0,0
BRDA:700,65,1,0
BRDA:708,66,0,0
BRDA:708,66,1,0
BRDA:708,67,0,0
BRDA:708,67,1,0
BRDA:721,68,0,0
BRDA:721,68,1,0
BRF:145
BRH:0
end_of_record
TN:
SF:src/websocket.js
FN:13,createWebSocket
FN:30,getReconnectTimeout
FN:39,closeSocket
FN:64,sendAndAckHeartbeat
FN:73,(anonymous_4)
FN:90,reopenSocket
FN:113,(anonymous_6)
FN:115,(anonymous_7)
FN:118,(anonymous_8)
FN:129,openSocket
FN:148,(anonymous_10)
FN:164,(anonymous_11)
FN:177,(anonymous_12)
FN:182,(anonymous_13)
FN:183,(anonymous_14)
FN:186,(anonymous_15)
FN:191,(anonymous_16)
FN:194,(anonymous_17)
FN:205,(anonymous_18)
FN:217,(anonymous_19)
FN:220,(anonymous_20)
FN:231,(anonymous_21)
FN:234,(anonymous_22)
FN:243,(anonymous_23)
FN:259,(anonymous_24)
FN:277,(anonymous_25)
FNF:26
FNH:0
FNDA:0,createWebSocket
FNDA:0,getReconnectTimeout
FNDA:0,closeSocket
FNDA:0,sendAndAckHeartbeat
FNDA:0,(anonymous_4)
FNDA:0,reopenSocket
FNDA:0,(anonymous_6)
FNDA:0,(anonymous_7)
FNDA:0,(anonymous_8)
FNDA:0,openSocket
FNDA:0,(anonymous_10)
FNDA:0,(anonymous_11)
FNDA:0,(anonymous_12)
FNDA:0,(anonymous_13)
FNDA:0,(anonymous_14)
FNDA:0,(anonymous_15)
FNDA:0,(anonymous_16)
FNDA:0,(anonymous_17)
FNDA:0,(anonymous_18)
FNDA:0,(anonymous_19)
FNDA:0,(anonymous_20)
FNDA:0,(anonymous_21)
FNDA:0,(anonymous_22)
FNDA:0,(anonymous_23)
FNDA:0,(anonymous_24)
FNDA:0,(anonymous_25)
DA:1,0
DA:2,0
DA:3,0
DA:4,0
DA:18,0
DA:19,0
DA:20,0
DA:21,0
DA:22,0
DA:23,0
DA:24,0
DA:31,0
DA:32,0
DA:33,0
DA:40,0
DA:41,0
DA:42,0
DA:45,0
DA:47,0
DA:48,0
DA:52,0
DA:55,0
DA:57,0
DA:65,0
DA:66,0
DA:69,0
DA:70,0
DA:71,0
DA:73,0
DA:74,0
DA:75,0
DA:76,0
DA:77,0
DA:78,0
DA:82,0
DA:83,0
DA:91,0
DA:93,0
DA:94,0
DA:97,0
DA:100,0
DA:101,0
DA:104,0
DA:105,0
DA:108,0
DA:109,0
DA:113,0
DA:114,0
DA:116,0
DA:119,0
DA:120,0
DA:130,0
DA:131,0
DA:132,0
DA:136,0
DA:137,0
DA:140,0
DA:141,0
DA:143,0
DA:144,0
DA:148,0
DA:149,0
DA:151,0
DA:152,0
DA:153,0
DA:154,0
DA:156,0
DA:159,0
DA:160,0
DA:164,0
DA:165,0
DA:166,0
DA:167,0
DA:168,0
DA:169,0
DA:171,0
DA:173,0
DA:177,0
DA:178,0
DA:182,0
DA:183,0
DA:184,0
DA:185,0
DA:186,0
DA:187,0
DA:188,0
DA:191,0
DA:192,0
DA:193,0
DA:194,0
DA:195,0
DA:197,0
DA:198,0
DA:201,0
DA:202,0
DA:205,0
DA:206,0
DA:207,0
DA:212,0
DA:216,0
DA:217,0
DA:218,0
DA:219,0
DA:220,0
DA:222,0
DA:226,0
DA:230,0
DA:232,0
DA:234,0
DA:237,0
DA:244,0
DA:245,0
DA:246,0
DA:247,0
DA:249,0
DA:250,0
DA:253,0
DA:260,0
DA:262,0
DA:263,0
DA:267,0
DA:270,0
DA:278,0
LF:123
LH:0
BRDA:4,0,0,0
BRDA:4,0,1,0
BRDA:40,1,0,0
BRDA:40,1,1,0
BRDA:45,2,0,0
BRDA:45,2,1,0
BRDA:48,3,0,0
BRDA:48,3,1,0
BRDA:49,4,0,0
BRDA:49,4,1,0
BRDA:65,5,0,0
BRDA:65,5,1,0
BRDA:65,6,0,0
BRDA:65,6,1,0
BRDA:74,7,0,0
BRDA:74,7,1,0
BRDA:74,8,0,0
BRDA:74,8,1,0
BRDA:91,9,0,0
BRDA:91,9,1,0
BRDA:93,10,0,0
BRDA:93,10,1,0
BRDA:100,11,0,0
BRDA:100,11,1,0
BRDA:100,12,0,0
BRDA:100,12,1,0
BRDA:104,13,0,0
BRDA:104,13,1,0
BRDA:104,14,0,0
BRDA:104,14,1,0
BRDA:130,15,0,0
BRDA:130,15,1,0
BRDA:136,16,0,0
BRDA:136,16,1,0
BRDA:151,17,0,0
BRDA:151,17,1,0
BRDA:153,18,0,0
BRDA:153,18,1,0
BRDA:153,19,0,0
BRDA:153,19,1,0
BRDA:159,20,0,0
BRDA:159,20,1,0
BRDA:167,21,0,0
BRDA:167,21,1,0
BRDA:186,22,0,0
BRDA:186,22,1,0
BRDA:206,23,0,0
BRDA:206,23,1,0
BRDA:216,24,0,0
BRDA:216,24,1,0
BRDA:218,25,0,0
BRDA:218,25,1,0
BRDA:219,26,0,0
BRDA:219,26,1,0
BRDA:219,27,0,0
BRDA:219,27,1,0
BRDA:244,28,0,0
BRDA:244,28,1,0
BRDA:244,29,0,0
BRDA:244,29,1,0
BRDA:262,30,0,0
BRDA:262,30,1,0
BRDA:262,31,0,0
BRDA:262,31,1,0
BRDA:278,32,0,0
BRDA:278,32,1,0
BRF:66
BRH:0
end_of_record
